<?xml version="1.0" encoding="UTF-8"?>
<testsuite xmlns:xsi="http://www.w3.org/2001/XMLSchema-instance" xsi:noNamespaceSchemaLocation="https://maven.apache.org/surefire/maven-surefire-plugin/xsd/surefire-test-report-3.0.xsd" version="3.0" name="ste.w3.easywallet.ui.filter.BigDecimalFilterTest" time="0.166" tests="3" errors="0" skipped="0" failures="0">
  <properties>
    <property name="java.specification.version" value="19"/>
    <property name="sun.jnu.encoding" value="UTF-8"/>
    <property name="java.class.path" value="/home/ste/Projects/mfxtest/target/test-classes:/home/ste/Projects/mfxtest/target/classes:/home/ste/.m2/repository/org/openjfx/javafx-base/19/javafx-base-19.jar:/home/ste/.m2/repository/org/openjfx/javafx-base/19/javafx-base-19-linux.jar:/home/ste/.m2/repository/org/openjfx/javafx-graphics/19/javafx-graphics-19.jar:/home/ste/.m2/repository/org/openjfx/javafx-graphics/19/javafx-graphics-19-linux.jar:/home/ste/.m2/repository/org/openjfx/javafx-fxml/19/javafx-fxml-19.jar:/home/ste/.m2/repository/org/openjfx/javafx-fxml/19/javafx-fxml-19-linux.jar:/home/ste/.m2/repository/org/openjfx/javafx-controls/19/javafx-controls-19.jar:/home/ste/.m2/repository/org/openjfx/javafx-controls/19/javafx-controls-19-linux.jar:/home/ste/.m2/repository/org/openjfx/javafx-web/19/javafx-web-19.jar:/home/ste/.m2/repository/org/openjfx/javafx-web/19/javafx-web-19-linux.jar:/home/ste/.m2/repository/org/openjfx/javafx-media/19/javafx-media-19.jar:/home/ste/.m2/repository/org/openjfx/javafx-media/19/javafx-media-19-linux.jar:/home/ste/.m2/repository/org/openjfx/javafx-swing/19/javafx-swing-19.jar:/home/ste/.m2/repository/org/openjfx/javafx-swing/19/javafx-swing-19-linux.jar:/home/ste/.m2/repository/org/apache/commons/commons-lang3/3.12.0/commons-lang3-3.12.0.jar:/home/ste/.m2/repository/org/web3j/core/4.9.7/core-4.9.7.jar:/home/ste/.m2/repository/org/web3j/abi/4.9.7/abi-4.9.7.jar:/home/ste/.m2/repository/org/web3j/utils/4.9.7/utils-4.9.7.jar:/home/ste/.m2/repository/org/bouncycastle/bcprov-jdk15on/1.70/bcprov-jdk15on-1.70.jar:/home/ste/.m2/repository/org/web3j/crypto/4.9.7/crypto-4.9.7.jar:/home/ste/.m2/repository/org/web3j/rlp/4.9.7/rlp-4.9.7.jar:/home/ste/.m2/repository/org/web3j/tuples/4.9.7/tuples-4.9.7.jar:/home/ste/.m2/repository/com/github/jnr/jnr-unixsocket/0.38.17/jnr-unixsocket-0.38.17.jar:/home/ste/.m2/repository/com/github/jnr/jnr-ffi/2.2.11/jnr-ffi-2.2.11.jar:/home/ste/.m2/repository/com/github/jnr/jffi/1.3.9/jffi-1.3.9.jar:/home/ste/.m2/repository/com/github/jnr/jffi/1.3.9/jffi-1.3.9-native.jar:/home/ste/.m2/repository/org/ow2/asm/asm/9.2/asm-9.2.jar:/home/ste/.m2/repository/org/ow2/asm/asm-commons/9.2/asm-commons-9.2.jar:/home/ste/.m2/repository/org/ow2/asm/asm-analysis/9.2/asm-analysis-9.2.jar:/home/ste/.m2/repository/org/ow2/asm/asm-tree/9.2/asm-tree-9.2.jar:/home/ste/.m2/repository/org/ow2/asm/asm-util/9.2/asm-util-9.2.jar:/home/ste/.m2/repository/com/github/jnr/jnr-a64asm/1.0.0/jnr-a64asm-1.0.0.jar:/home/ste/.m2/repository/com/github/jnr/jnr-x86asm/1.0.2/jnr-x86asm-1.0.2.jar:/home/ste/.m2/repository/com/github/jnr/jnr-constants/0.10.3/jnr-constants-0.10.3.jar:/home/ste/.m2/repository/com/github/jnr/jnr-enxio/0.32.13/jnr-enxio-0.32.13.jar:/home/ste/.m2/repository/com/github/jnr/jnr-posix/3.1.15/jnr-posix-3.1.15.jar:/home/ste/.m2/repository/com/squareup/okhttp3/okhttp/4.9.0/okhttp-4.9.0.jar:/home/ste/.m2/repository/com/squareup/okio/okio/2.8.0/okio-2.8.0.jar:/home/ste/.m2/repository/org/jetbrains/kotlin/kotlin-stdlib-common/1.4.0/kotlin-stdlib-common-1.4.0.jar:/home/ste/.m2/repository/org/jetbrains/kotlin/kotlin-stdlib/1.4.10/kotlin-stdlib-1.4.10.jar:/home/ste/.m2/repository/com/squareup/okhttp3/logging-interceptor/4.9.0/logging-interceptor-4.9.0.jar:/home/ste/.m2/repository/org/jetbrains/kotlin/kotlin-stdlib-jdk8/1.4.10/kotlin-stdlib-jdk8-1.4.10.jar:/home/ste/.m2/repository/org/jetbrains/kotlin/kotlin-stdlib-jdk7/1.4.10/kotlin-stdlib-jdk7-1.4.10.jar:/home/ste/.m2/repository/io/reactivex/rxjava2/rxjava/2.2.2/rxjava-2.2.2.jar:/home/ste/.m2/repository/org/reactivestreams/reactive-streams/1.0.2/reactive-streams-1.0.2.jar:/home/ste/.m2/repository/org/java-websocket/Java-WebSocket/1.5.3/Java-WebSocket-1.5.3.jar:/home/ste/.m2/repository/com/fasterxml/jackson/core/jackson-databind/2.14.2/jackson-databind-2.14.2.jar:/home/ste/.m2/repository/com/fasterxml/jackson/core/jackson-annotations/2.14.2/jackson-annotations-2.14.2.jar:/home/ste/.m2/repository/com/fasterxml/jackson/core/jackson-core/2.14.2/jackson-core-2.14.2.jar:/home/ste/.m2/repository/org/web3j/contracts/4.9.7/contracts-4.9.7.jar:/home/ste/.m2/repository/fr/brouillard/oss/cssfx/11.5.1/cssfx-11.5.1.jar:/home/ste/.m2/repository/io/github/palexdev/virtualizedfx/11.8.3-SNAPSHOT/virtualizedfx-11.8.3-SNAPSHOT.jar:/home/ste/.m2/repository/io/github/palexdev/mfxresources/11.0.4/mfxresources-11.0.4.jar:/home/ste/.m2/repository/net/raumzeitfalle/fx/scenic-view/11.0.2/scenic-view-11.0.2.jar:/home/ste/.m2/repository/io/github/palexdev/materialfx/11.13.9/materialfx-11.13.9.jar:/home/ste/.m2/repository/io/github/palexdev/mfxcore/11.1.5/mfxcore-11.1.5.jar:/home/ste/.m2/repository/io/github/palexdev/mfxlocalization/11.0.1/mfxlocalization-11.0.1.jar:/home/ste/.m2/repository/com/google/code/gson/gson/2.9.0/gson-2.9.0.jar:/home/ste/.m2/repository/com/github/h-thurow/simple-jndi/0.23.0/simple-jndi-0.23.0.jar:/home/ste/.m2/repository/commons-io/commons-io/2.5/commons-io-2.5.jar:/home/ste/.m2/repository/org/jetbrains/annotations/13.0/annotations-13.0.jar:/home/ste/.m2/repository/commons-lang/commons-lang/2.6/commons-lang-2.6.jar:/home/ste/.m2/repository/com/j256/ormlite/ormlite-jdbc/6.1/ormlite-jdbc-6.1.jar:/home/ste/.m2/repository/org/slf4j/slf4j-api/2.0.6/slf4j-api-2.0.6.jar:/home/ste/.m2/repository/org/slf4j/slf4j-jdk14/2.0.6/slf4j-jdk14-2.0.6.jar:/home/ste/.m2/repository/org/hsqldb/hsqldb/2.7.1/hsqldb-2.7.1.jar:/home/ste/.m2/repository/junit/junit/4.13.2/junit-4.13.2.jar:/home/ste/.m2/repository/org/hamcrest/hamcrest-core/1.3/hamcrest-core-1.3.jar:/home/ste/.m2/repository/org/testfx/openjfx-monocle/jdk-12.0.1+2/openjfx-monocle-jdk-12.0.1+2.jar:/home/ste/.m2/repository/org/hamcrest/hamcrest/2.2/hamcrest-2.2.jar:/home/ste/.m2/repository/org/assertj/assertj-core/3.23.1/assertj-core-3.23.1.jar:/home/ste/.m2/repository/net/bytebuddy/byte-buddy/1.12.10/byte-buddy-1.12.10.jar:/home/ste/.m2/repository/org/assertj/assertj-db/2.0.2/assertj-db-2.0.2.jar:/home/ste/.m2/repository/com/github/stefanbirkner/system-rules/1.19.0/system-rules-1.19.0.jar:/home/ste/.m2/repository/com/github/stefanofornari/xtest/3.3.0/xtest-3.3.0.jar:/home/ste/.m2/repository/org/apache-extras/beanshell/bsh/2.0b6/bsh-2.0b6.jar:/home/ste/.m2/repository/org/eclipse/jetty/jetty-server/9.0.0.M4/jetty-server-9.0.0.M4.jar:/home/ste/.m2/repository/org/eclipse/jetty/orbit/javax.servlet/3.0.0.v201112011016/javax.servlet-3.0.0.v201112011016.jar:/home/ste/.m2/repository/org/eclipse/jetty/jetty-http/9.0.0.M4/jetty-http-9.0.0.M4.jar:/home/ste/.m2/repository/org/eclipse/jetty/jetty-util/9.0.0.M4/jetty-util-9.0.0.M4.jar:/home/ste/.m2/repository/org/eclipse/jetty/jetty-io/9.0.0.M4/jetty-io-9.0.0.M4.jar:/home/ste/.m2/repository/rhino/js/1.7R2/js-1.7R2.jar:/home/ste/.m2/repository/org/skife/url/url-scheme-registry/0.0.1/url-scheme-registry-0.0.1.jar:/home/ste/.m2/repository/cglib/cglib-nodep/2.2.2/cglib-nodep-2.2.2.jar:/home/ste/.m2/repository/org/apache/httpcomponents/httpcore/4.4.9/httpcore-4.4.9.jar:/home/ste/.m2/repository/com/fasterxml/jackson/datatype/jackson-datatype-json-org/2.9.4/jackson-datatype-json-org-2.9.4.jar:/home/ste/.m2/repository/org/json/json/20171018/json-20171018.jar:/home/ste/.m2/repository/org/skyscreamer/jsonassert/1.2.3/jsonassert-1.2.3.jar:/home/ste/.m2/repository/javax/mail/mail/1.5.0-b01/mail-1.5.0-b01.jar:/home/ste/.m2/repository/javax/activation/activation/1.1/activation-1.1.jar:/home/ste/.m2/repository/org/testfx/testfx-core/4.0.16-alpha/testfx-core-4.0.16-alpha.jar:/home/ste/.m2/repository/org/testfx/testfx-junit/4.0.15-alpha/testfx-junit-4.0.15-alpha.jar:/home/ste/.m2/repository/commons-codec/commons-codec/1.11/commons-codec-1.11.jar:/home/ste/.m2/repository/commons-configuration/commons-configuration/1.10/commons-configuration-1.10.jar:/home/ste/.m2/repository/commons-logging/commons-logging/1.1.1/commons-logging-1.1.1.jar:/home/ste/.m2/repository/com/github/tomakehurst/wiremock-jre8-standalone/2.35.0/wiremock-jre8-standalone-2.35.0.jar:/home/ste/.m2/repository/org/apache/commons/commons-text/1.10.0/commons-text-1.10.0.jar:"/>
    <property name="java.vm.vendor" value="Azul Systems, Inc."/>
    <property name="sun.arch.data.model" value="64"/>
    <property name="java.vendor.url" value="http://www.azul.com/"/>
    <property name="os.name" value="Linux"/>
    <property name="java.vm.specification.version" value="19"/>
    <property name="prism.text" value="t2k"/>
    <property name="user.country" value="GB"/>
    <property name="sun.java.launcher" value="SUN_STANDARD"/>
    <property name="sun.boot.library.path" value="/usr/lib/jvm/zulu-19-amd64/lib"/>
    <property name="sun.java.command" value="/home/ste/Projects/mfxtest/target/surefire/surefirebooter-20230411073843120_28.jar /home/ste/Projects/mfxtest/target/surefire 2023-04-11T07-38-41_295-jvmRun2 surefire-20230411073843120_26tmp surefire_4-20230411073843120_27tmp"/>
    <property name="jdk.debug" value="release"/>
    <property name="surefire.test.class.path" value="/home/ste/Projects/mfxtest/target/test-classes:/home/ste/Projects/mfxtest/target/classes:/home/ste/.m2/repository/org/openjfx/javafx-base/19/javafx-base-19.jar:/home/ste/.m2/repository/org/openjfx/javafx-base/19/javafx-base-19-linux.jar:/home/ste/.m2/repository/org/openjfx/javafx-graphics/19/javafx-graphics-19.jar:/home/ste/.m2/repository/org/openjfx/javafx-graphics/19/javafx-graphics-19-linux.jar:/home/ste/.m2/repository/org/openjfx/javafx-fxml/19/javafx-fxml-19.jar:/home/ste/.m2/repository/org/openjfx/javafx-fxml/19/javafx-fxml-19-linux.jar:/home/ste/.m2/repository/org/openjfx/javafx-controls/19/javafx-controls-19.jar:/home/ste/.m2/repository/org/openjfx/javafx-controls/19/javafx-controls-19-linux.jar:/home/ste/.m2/repository/org/openjfx/javafx-web/19/javafx-web-19.jar:/home/ste/.m2/repository/org/openjfx/javafx-web/19/javafx-web-19-linux.jar:/home/ste/.m2/repository/org/openjfx/javafx-media/19/javafx-media-19.jar:/home/ste/.m2/repository/org/openjfx/javafx-media/19/javafx-media-19-linux.jar:/home/ste/.m2/repository/org/openjfx/javafx-swing/19/javafx-swing-19.jar:/home/ste/.m2/repository/org/openjfx/javafx-swing/19/javafx-swing-19-linux.jar:/home/ste/.m2/repository/org/apache/commons/commons-lang3/3.12.0/commons-lang3-3.12.0.jar:/home/ste/.m2/repository/org/web3j/core/4.9.7/core-4.9.7.jar:/home/ste/.m2/repository/org/web3j/abi/4.9.7/abi-4.9.7.jar:/home/ste/.m2/repository/org/web3j/utils/4.9.7/utils-4.9.7.jar:/home/ste/.m2/repository/org/bouncycastle/bcprov-jdk15on/1.70/bcprov-jdk15on-1.70.jar:/home/ste/.m2/repository/org/web3j/crypto/4.9.7/crypto-4.9.7.jar:/home/ste/.m2/repository/org/web3j/rlp/4.9.7/rlp-4.9.7.jar:/home/ste/.m2/repository/org/web3j/tuples/4.9.7/tuples-4.9.7.jar:/home/ste/.m2/repository/com/github/jnr/jnr-unixsocket/0.38.17/jnr-unixsocket-0.38.17.jar:/home/ste/.m2/repository/com/github/jnr/jnr-ffi/2.2.11/jnr-ffi-2.2.11.jar:/home/ste/.m2/repository/com/github/jnr/jffi/1.3.9/jffi-1.3.9.jar:/home/ste/.m2/repository/com/github/jnr/jffi/1.3.9/jffi-1.3.9-native.jar:/home/ste/.m2/repository/org/ow2/asm/asm/9.2/asm-9.2.jar:/home/ste/.m2/repository/org/ow2/asm/asm-commons/9.2/asm-commons-9.2.jar:/home/ste/.m2/repository/org/ow2/asm/asm-analysis/9.2/asm-analysis-9.2.jar:/home/ste/.m2/repository/org/ow2/asm/asm-tree/9.2/asm-tree-9.2.jar:/home/ste/.m2/repository/org/ow2/asm/asm-util/9.2/asm-util-9.2.jar:/home/ste/.m2/repository/com/github/jnr/jnr-a64asm/1.0.0/jnr-a64asm-1.0.0.jar:/home/ste/.m2/repository/com/github/jnr/jnr-x86asm/1.0.2/jnr-x86asm-1.0.2.jar:/home/ste/.m2/repository/com/github/jnr/jnr-constants/0.10.3/jnr-constants-0.10.3.jar:/home/ste/.m2/repository/com/github/jnr/jnr-enxio/0.32.13/jnr-enxio-0.32.13.jar:/home/ste/.m2/repository/com/github/jnr/jnr-posix/3.1.15/jnr-posix-3.1.15.jar:/home/ste/.m2/repository/com/squareup/okhttp3/okhttp/4.9.0/okhttp-4.9.0.jar:/home/ste/.m2/repository/com/squareup/okio/okio/2.8.0/okio-2.8.0.jar:/home/ste/.m2/repository/org/jetbrains/kotlin/kotlin-stdlib-common/1.4.0/kotlin-stdlib-common-1.4.0.jar:/home/ste/.m2/repository/org/jetbrains/kotlin/kotlin-stdlib/1.4.10/kotlin-stdlib-1.4.10.jar:/home/ste/.m2/repository/com/squareup/okhttp3/logging-interceptor/4.9.0/logging-interceptor-4.9.0.jar:/home/ste/.m2/repository/org/jetbrains/kotlin/kotlin-stdlib-jdk8/1.4.10/kotlin-stdlib-jdk8-1.4.10.jar:/home/ste/.m2/repository/org/jetbrains/kotlin/kotlin-stdlib-jdk7/1.4.10/kotlin-stdlib-jdk7-1.4.10.jar:/home/ste/.m2/repository/io/reactivex/rxjava2/rxjava/2.2.2/rxjava-2.2.2.jar:/home/ste/.m2/repository/org/reactivestreams/reactive-streams/1.0.2/reactive-streams-1.0.2.jar:/home/ste/.m2/repository/org/java-websocket/Java-WebSocket/1.5.3/Java-WebSocket-1.5.3.jar:/home/ste/.m2/repository/com/fasterxml/jackson/core/jackson-databind/2.14.2/jackson-databind-2.14.2.jar:/home/ste/.m2/repository/com/fasterxml/jackson/core/jackson-annotations/2.14.2/jackson-annotations-2.14.2.jar:/home/ste/.m2/repository/com/fasterxml/jackson/core/jackson-core/2.14.2/jackson-core-2.14.2.jar:/home/ste/.m2/repository/org/web3j/contracts/4.9.7/contracts-4.9.7.jar:/home/ste/.m2/repository/fr/brouillard/oss/cssfx/11.5.1/cssfx-11.5.1.jar:/home/ste/.m2/repository/io/github/palexdev/virtualizedfx/11.8.3-SNAPSHOT/virtualizedfx-11.8.3-SNAPSHOT.jar:/home/ste/.m2/repository/io/github/palexdev/mfxresources/11.0.4/mfxresources-11.0.4.jar:/home/ste/.m2/repository/net/raumzeitfalle/fx/scenic-view/11.0.2/scenic-view-11.0.2.jar:/home/ste/.m2/repository/io/github/palexdev/materialfx/11.13.9/materialfx-11.13.9.jar:/home/ste/.m2/repository/io/github/palexdev/mfxcore/11.1.5/mfxcore-11.1.5.jar:/home/ste/.m2/repository/io/github/palexdev/mfxlocalization/11.0.1/mfxlocalization-11.0.1.jar:/home/ste/.m2/repository/com/google/code/gson/gson/2.9.0/gson-2.9.0.jar:/home/ste/.m2/repository/com/github/h-thurow/simple-jndi/0.23.0/simple-jndi-0.23.0.jar:/home/ste/.m2/repository/commons-io/commons-io/2.5/commons-io-2.5.jar:/home/ste/.m2/repository/org/jetbrains/annotations/13.0/annotations-13.0.jar:/home/ste/.m2/repository/commons-lang/commons-lang/2.6/commons-lang-2.6.jar:/home/ste/.m2/repository/com/j256/ormlite/ormlite-jdbc/6.1/ormlite-jdbc-6.1.jar:/home/ste/.m2/repository/org/slf4j/slf4j-api/2.0.6/slf4j-api-2.0.6.jar:/home/ste/.m2/repository/org/slf4j/slf4j-jdk14/2.0.6/slf4j-jdk14-2.0.6.jar:/home/ste/.m2/repository/org/hsqldb/hsqldb/2.7.1/hsqldb-2.7.1.jar:/home/ste/.m2/repository/junit/junit/4.13.2/junit-4.13.2.jar:/home/ste/.m2/repository/org/hamcrest/hamcrest-core/1.3/hamcrest-core-1.3.jar:/home/ste/.m2/repository/org/testfx/openjfx-monocle/jdk-12.0.1+2/openjfx-monocle-jdk-12.0.1+2.jar:/home/ste/.m2/repository/org/hamcrest/hamcrest/2.2/hamcrest-2.2.jar:/home/ste/.m2/repository/org/assertj/assertj-core/3.23.1/assertj-core-3.23.1.jar:/home/ste/.m2/repository/net/bytebuddy/byte-buddy/1.12.10/byte-buddy-1.12.10.jar:/home/ste/.m2/repository/org/assertj/assertj-db/2.0.2/assertj-db-2.0.2.jar:/home/ste/.m2/repository/com/github/stefanbirkner/system-rules/1.19.0/system-rules-1.19.0.jar:/home/ste/.m2/repository/com/github/stefanofornari/xtest/3.3.0/xtest-3.3.0.jar:/home/ste/.m2/repository/org/apache-extras/beanshell/bsh/2.0b6/bsh-2.0b6.jar:/home/ste/.m2/repository/org/eclipse/jetty/jetty-server/9.0.0.M4/jetty-server-9.0.0.M4.jar:/home/ste/.m2/repository/org/eclipse/jetty/orbit/javax.servlet/3.0.0.v201112011016/javax.servlet-3.0.0.v201112011016.jar:/home/ste/.m2/repository/org/eclipse/jetty/jetty-http/9.0.0.M4/jetty-http-9.0.0.M4.jar:/home/ste/.m2/repository/org/eclipse/jetty/jetty-util/9.0.0.M4/jetty-util-9.0.0.M4.jar:/home/ste/.m2/repository/org/eclipse/jetty/jetty-io/9.0.0.M4/jetty-io-9.0.0.M4.jar:/home/ste/.m2/repository/rhino/js/1.7R2/js-1.7R2.jar:/home/ste/.m2/repository/org/skife/url/url-scheme-registry/0.0.1/url-scheme-registry-0.0.1.jar:/home/ste/.m2/repository/cglib/cglib-nodep/2.2.2/cglib-nodep-2.2.2.jar:/home/ste/.m2/repository/org/apache/httpcomponents/httpcore/4.4.9/httpcore-4.4.9.jar:/home/ste/.m2/repository/com/fasterxml/jackson/datatype/jackson-datatype-json-org/2.9.4/jackson-datatype-json-org-2.9.4.jar:/home/ste/.m2/repository/org/json/json/20171018/json-20171018.jar:/home/ste/.m2/repository/org/skyscreamer/jsonassert/1.2.3/jsonassert-1.2.3.jar:/home/ste/.m2/repository/javax/mail/mail/1.5.0-b01/mail-1.5.0-b01.jar:/home/ste/.m2/repository/javax/activation/activation/1.1/activation-1.1.jar:/home/ste/.m2/repository/org/testfx/testfx-core/4.0.16-alpha/testfx-core-4.0.16-alpha.jar:/home/ste/.m2/repository/org/testfx/testfx-junit/4.0.15-alpha/testfx-junit-4.0.15-alpha.jar:/home/ste/.m2/repository/commons-codec/commons-codec/1.11/commons-codec-1.11.jar:/home/ste/.m2/repository/commons-configuration/commons-configuration/1.10/commons-configuration-1.10.jar:/home/ste/.m2/repository/commons-logging/commons-logging/1.1.1/commons-logging-1.1.1.jar:/home/ste/.m2/repository/com/github/tomakehurst/wiremock-jre8-standalone/2.35.0/wiremock-jre8-standalone-2.35.0.jar:/home/ste/.m2/repository/org/apache/commons/commons-text/1.10.0/commons-text-1.10.0.jar:"/>
    <property name="sun.cpu.endian" value="little"/>
    <property name="user.home" value="/home/ste"/>
    <property name="user.language" value="en"/>
    <property name="java.specification.vendor" value="Oracle Corporation"/>
    <property name="java.version.date" value="2022-10-18"/>
    <property name="java.home" value="/usr/lib/jvm/zulu-19-amd64"/>
    <property name="file.separator" value="/"/>
    <property name="basedir" value="/home/ste/Projects/mfxtest"/>
    <property name="java.vm.compressedOopsMode" value="32-bit"/>
    <property name="line.separator" value="&#10;"/>
    <property name="prism.order" value="sw"/>
    <property name="java.vm.specification.vendor" value="Oracle Corporation"/>
    <property name="java.specification.name" value="Java Platform API Specification"/>
    <property name="testfx.robot" value="glass"/>
    <property name="java.awt.headless" value="true"/>
    <property name="surefire.real.class.path" value="/home/ste/Projects/mfxtest/target/surefire/surefirebooter-20230411073843120_28.jar"/>
    <property name="java.util.logging.config.file" value="src/test/resources/logging.properties"/>
    <property name="sun.management.compiler" value="HotSpot 64-Bit Tiered Compilers"/>
    <property name="java.runtime.version" value="19.0.1+10"/>
    <property name="user.name" value="ste"/>
    <property name="stdout.encoding" value="UTF-8"/>
    <property name="path.separator" value=":"/>
    <property name="os.version" value="5.4.0-146-generic"/>
    <property name="java.runtime.name" value="OpenJDK Runtime Environment"/>
    <property name="file.encoding" value="UTF-8"/>
    <property name="java.vm.name" value="OpenJDK 64-Bit Server VM"/>
    <property name="java.vendor.version" value="Zulu19.30+11-CA"/>
    <property name="maven.ext.class.path" value="/opt/netbeans-17/java/maven-nblib/netbeans-eventspy.jar"/>
    <property name="localRepository" value="/home/ste/.m2/repository"/>
    <property name="java.vendor.url.bug" value="http://www.azul.com/support/"/>
    <property name="java.io.tmpdir" value="/tmp"/>
    <property name="java.version" value="19.0.1"/>
    <property name="user.dir" value="/home/ste/Projects/mfxtest"/>
    <property name="os.arch" value="amd64"/>
    <property name="java.vm.specification.name" value="Java Virtual Machine Specification"/>
    <property name="testfx.headless" value="true"/>
    <property name="native.encoding" value="UTF-8"/>
    <property name="java.library.path" value="/usr/java/packages/lib:/usr/lib64:/lib64:/lib:/usr/lib"/>
    <property name="java.vm.info" value="mixed mode, sharing"/>
    <property name="stderr.encoding" value="UTF-8"/>
    <property name="java.vendor" value="Azul Systems, Inc."/>
    <property name="java.vm.version" value="19.0.1+10"/>
    <property name="sun.io.unicode.encoding" value="UnicodeLittle"/>
    <property name="java.class.version" value="63.0"/>
  </properties>
  <testcase name="constructor" classname="ste.w3.easywallet.ui.filter.BigDecimalFilterTest" time="0.162"/>
  <testcase name="predicates" classname="ste.w3.easywallet.ui.filter.BigDecimalFilterTest" time="0.002"/>
  <testcase name="getValue" classname="ste.w3.easywallet.ui.filter.BigDecimalFilterTest" time="0.002"/>
</testsuite>