<?xml version="1.0" encoding="UTF-8"?>
<testsuite xmlns:xsi="http://www.w3.org/2001/XMLSchema-instance" xsi:noNamespaceSchemaLocation="https://maven.apache.org/surefire/maven-surefire-plugin/xsd/surefire-test-report-3.0.xsd" version="3.0" name="ste.w3.easywallet.ui.WalletCardControllerTest" time="14.74" tests="6" errors="6" skipped="0" failures="0">
  <properties>
    <property name="java.specification.version" value="19"/>
    <property name="javafx.runtime.version" value="19+11"/>
    <property name="sun.jnu.encoding" value="UTF-8"/>
    <property name="java.class.path" value="/home/ste/Projects/mfxtest/target/test-classes:/home/ste/Projects/mfxtest/target/classes:/home/ste/.m2/repository/org/openjfx/javafx-base/19/javafx-base-19.jar:/home/ste/.m2/repository/org/openjfx/javafx-base/19/javafx-base-19-linux.jar:/home/ste/.m2/repository/org/openjfx/javafx-graphics/19/javafx-graphics-19.jar:/home/ste/.m2/repository/org/openjfx/javafx-graphics/19/javafx-graphics-19-linux.jar:/home/ste/.m2/repository/org/openjfx/javafx-fxml/19/javafx-fxml-19.jar:/home/ste/.m2/repository/org/openjfx/javafx-fxml/19/javafx-fxml-19-linux.jar:/home/ste/.m2/repository/org/openjfx/javafx-controls/19/javafx-controls-19.jar:/home/ste/.m2/repository/org/openjfx/javafx-controls/19/javafx-controls-19-linux.jar:/home/ste/.m2/repository/org/openjfx/javafx-web/19/javafx-web-19.jar:/home/ste/.m2/repository/org/openjfx/javafx-web/19/javafx-web-19-linux.jar:/home/ste/.m2/repository/org/openjfx/javafx-media/19/javafx-media-19.jar:/home/ste/.m2/repository/org/openjfx/javafx-media/19/javafx-media-19-linux.jar:/home/ste/.m2/repository/org/openjfx/javafx-swing/19/javafx-swing-19.jar:/home/ste/.m2/repository/org/openjfx/javafx-swing/19/javafx-swing-19-linux.jar:/home/ste/.m2/repository/org/apache/commons/commons-lang3/3.12.0/commons-lang3-3.12.0.jar:/home/ste/.m2/repository/org/web3j/core/4.9.7/core-4.9.7.jar:/home/ste/.m2/repository/org/web3j/abi/4.9.7/abi-4.9.7.jar:/home/ste/.m2/repository/org/web3j/utils/4.9.7/utils-4.9.7.jar:/home/ste/.m2/repository/org/bouncycastle/bcprov-jdk15on/1.70/bcprov-jdk15on-1.70.jar:/home/ste/.m2/repository/org/web3j/crypto/4.9.7/crypto-4.9.7.jar:/home/ste/.m2/repository/org/web3j/rlp/4.9.7/rlp-4.9.7.jar:/home/ste/.m2/repository/org/web3j/tuples/4.9.7/tuples-4.9.7.jar:/home/ste/.m2/repository/com/github/jnr/jnr-unixsocket/0.38.17/jnr-unixsocket-0.38.17.jar:/home/ste/.m2/repository/com/github/jnr/jnr-ffi/2.2.11/jnr-ffi-2.2.11.jar:/home/ste/.m2/repository/com/github/jnr/jffi/1.3.9/jffi-1.3.9.jar:/home/ste/.m2/repository/com/github/jnr/jffi/1.3.9/jffi-1.3.9-native.jar:/home/ste/.m2/repository/org/ow2/asm/asm/9.2/asm-9.2.jar:/home/ste/.m2/repository/org/ow2/asm/asm-commons/9.2/asm-commons-9.2.jar:/home/ste/.m2/repository/org/ow2/asm/asm-analysis/9.2/asm-analysis-9.2.jar:/home/ste/.m2/repository/org/ow2/asm/asm-tree/9.2/asm-tree-9.2.jar:/home/ste/.m2/repository/org/ow2/asm/asm-util/9.2/asm-util-9.2.jar:/home/ste/.m2/repository/com/github/jnr/jnr-a64asm/1.0.0/jnr-a64asm-1.0.0.jar:/home/ste/.m2/repository/com/github/jnr/jnr-x86asm/1.0.2/jnr-x86asm-1.0.2.jar:/home/ste/.m2/repository/com/github/jnr/jnr-constants/0.10.3/jnr-constants-0.10.3.jar:/home/ste/.m2/repository/com/github/jnr/jnr-enxio/0.32.13/jnr-enxio-0.32.13.jar:/home/ste/.m2/repository/com/github/jnr/jnr-posix/3.1.15/jnr-posix-3.1.15.jar:/home/ste/.m2/repository/com/squareup/okhttp3/okhttp/4.9.0/okhttp-4.9.0.jar:/home/ste/.m2/repository/com/squareup/okio/okio/2.8.0/okio-2.8.0.jar:/home/ste/.m2/repository/org/jetbrains/kotlin/kotlin-stdlib-common/1.4.0/kotlin-stdlib-common-1.4.0.jar:/home/ste/.m2/repository/org/jetbrains/kotlin/kotlin-stdlib/1.4.10/kotlin-stdlib-1.4.10.jar:/home/ste/.m2/repository/com/squareup/okhttp3/logging-interceptor/4.9.0/logging-interceptor-4.9.0.jar:/home/ste/.m2/repository/org/jetbrains/kotlin/kotlin-stdlib-jdk8/1.4.10/kotlin-stdlib-jdk8-1.4.10.jar:/home/ste/.m2/repository/org/jetbrains/kotlin/kotlin-stdlib-jdk7/1.4.10/kotlin-stdlib-jdk7-1.4.10.jar:/home/ste/.m2/repository/io/reactivex/rxjava2/rxjava/2.2.2/rxjava-2.2.2.jar:/home/ste/.m2/repository/org/reactivestreams/reactive-streams/1.0.2/reactive-streams-1.0.2.jar:/home/ste/.m2/repository/org/java-websocket/Java-WebSocket/1.5.3/Java-WebSocket-1.5.3.jar:/home/ste/.m2/repository/com/fasterxml/jackson/core/jackson-databind/2.14.2/jackson-databind-2.14.2.jar:/home/ste/.m2/repository/com/fasterxml/jackson/core/jackson-annotations/2.14.2/jackson-annotations-2.14.2.jar:/home/ste/.m2/repository/com/fasterxml/jackson/core/jackson-core/2.14.2/jackson-core-2.14.2.jar:/home/ste/.m2/repository/org/web3j/contracts/4.9.7/contracts-4.9.7.jar:/home/ste/.m2/repository/fr/brouillard/oss/cssfx/11.5.1/cssfx-11.5.1.jar:/home/ste/.m2/repository/io/github/palexdev/virtualizedfx/11.8.3-SNAPSHOT/virtualizedfx-11.8.3-SNAPSHOT.jar:/home/ste/.m2/repository/io/github/palexdev/mfxresources/11.0.4/mfxresources-11.0.4.jar:/home/ste/.m2/repository/net/raumzeitfalle/fx/scenic-view/11.0.2/scenic-view-11.0.2.jar:/home/ste/.m2/repository/io/github/palexdev/materialfx/11.13.9/materialfx-11.13.9.jar:/home/ste/.m2/repository/io/github/palexdev/mfxcore/11.1.5/mfxcore-11.1.5.jar:/home/ste/.m2/repository/io/github/palexdev/mfxlocalization/11.0.1/mfxlocalization-11.0.1.jar:/home/ste/.m2/repository/com/google/code/gson/gson/2.9.0/gson-2.9.0.jar:/home/ste/.m2/repository/com/github/h-thurow/simple-jndi/0.23.0/simple-jndi-0.23.0.jar:/home/ste/.m2/repository/commons-io/commons-io/2.5/commons-io-2.5.jar:/home/ste/.m2/repository/org/jetbrains/annotations/13.0/annotations-13.0.jar:/home/ste/.m2/repository/commons-lang/commons-lang/2.6/commons-lang-2.6.jar:/home/ste/.m2/repository/com/j256/ormlite/ormlite-jdbc/6.1/ormlite-jdbc-6.1.jar:/home/ste/.m2/repository/org/slf4j/slf4j-api/2.0.6/slf4j-api-2.0.6.jar:/home/ste/.m2/repository/org/slf4j/slf4j-jdk14/2.0.6/slf4j-jdk14-2.0.6.jar:/home/ste/.m2/repository/org/hsqldb/hsqldb/2.7.1/hsqldb-2.7.1.jar:/home/ste/.m2/repository/junit/junit/4.13.2/junit-4.13.2.jar:/home/ste/.m2/repository/org/hamcrest/hamcrest-core/1.3/hamcrest-core-1.3.jar:/home/ste/.m2/repository/org/testfx/openjfx-monocle/jdk-12.0.1+2/openjfx-monocle-jdk-12.0.1+2.jar:/home/ste/.m2/repository/org/hamcrest/hamcrest/2.2/hamcrest-2.2.jar:/home/ste/.m2/repository/org/assertj/assertj-core/3.23.1/assertj-core-3.23.1.jar:/home/ste/.m2/repository/net/bytebuddy/byte-buddy/1.12.10/byte-buddy-1.12.10.jar:/home/ste/.m2/repository/org/assertj/assertj-db/2.0.2/assertj-db-2.0.2.jar:/home/ste/.m2/repository/com/github/stefanbirkner/system-rules/1.19.0/system-rules-1.19.0.jar:/home/ste/.m2/repository/com/github/stefanofornari/xtest/3.3.0/xtest-3.3.0.jar:/home/ste/.m2/repository/org/apache-extras/beanshell/bsh/2.0b6/bsh-2.0b6.jar:/home/ste/.m2/repository/org/eclipse/jetty/jetty-server/9.0.0.M4/jetty-server-9.0.0.M4.jar:/home/ste/.m2/repository/org/eclipse/jetty/orbit/javax.servlet/3.0.0.v201112011016/javax.servlet-3.0.0.v201112011016.jar:/home/ste/.m2/repository/org/eclipse/jetty/jetty-http/9.0.0.M4/jetty-http-9.0.0.M4.jar:/home/ste/.m2/repository/org/eclipse/jetty/jetty-util/9.0.0.M4/jetty-util-9.0.0.M4.jar:/home/ste/.m2/repository/org/eclipse/jetty/jetty-io/9.0.0.M4/jetty-io-9.0.0.M4.jar:/home/ste/.m2/repository/rhino/js/1.7R2/js-1.7R2.jar:/home/ste/.m2/repository/org/skife/url/url-scheme-registry/0.0.1/url-scheme-registry-0.0.1.jar:/home/ste/.m2/repository/cglib/cglib-nodep/2.2.2/cglib-nodep-2.2.2.jar:/home/ste/.m2/repository/org/apache/httpcomponents/httpcore/4.4.9/httpcore-4.4.9.jar:/home/ste/.m2/repository/com/fasterxml/jackson/datatype/jackson-datatype-json-org/2.9.4/jackson-datatype-json-org-2.9.4.jar:/home/ste/.m2/repository/org/json/json/20171018/json-20171018.jar:/home/ste/.m2/repository/org/skyscreamer/jsonassert/1.2.3/jsonassert-1.2.3.jar:/home/ste/.m2/repository/javax/mail/mail/1.5.0-b01/mail-1.5.0-b01.jar:/home/ste/.m2/repository/javax/activation/activation/1.1/activation-1.1.jar:/home/ste/.m2/repository/org/testfx/testfx-core/4.0.16-alpha/testfx-core-4.0.16-alpha.jar:/home/ste/.m2/repository/org/testfx/testfx-junit/4.0.15-alpha/testfx-junit-4.0.15-alpha.jar:/home/ste/.m2/repository/commons-codec/commons-codec/1.11/commons-codec-1.11.jar:/home/ste/.m2/repository/commons-configuration/commons-configuration/1.10/commons-configuration-1.10.jar:/home/ste/.m2/repository/commons-logging/commons-logging/1.1.1/commons-logging-1.1.1.jar:/home/ste/.m2/repository/com/github/tomakehurst/wiremock-jre8-standalone/2.35.0/wiremock-jre8-standalone-2.35.0.jar:/home/ste/.m2/repository/org/apache/commons/commons-text/1.10.0/commons-text-1.10.0.jar:"/>
    <property name="java.vm.vendor" value="Azul Systems, Inc."/>
    <property name="sun.arch.data.model" value="64"/>
    <property name="java.vendor.url" value="http://www.azul.com/"/>
    <property name="user.timezone" value="Europe/Rome"/>
    <property name="javafx.version" value="19"/>
    <property name="os.name" value="Linux"/>
    <property name="java.vm.specification.version" value="19"/>
    <property name="prism.text" value="t2k"/>
    <property name="user.country" value="GB"/>
    <property name="sun.java.launcher" value="SUN_STANDARD"/>
    <property name="sun.boot.library.path" value="/usr/lib/jvm/zulu-19-amd64/lib"/>
    <property name="sun.java.command" value="/home/ste/Projects/mfxtest/target/surefire/surefirebooter-20230411073843120_9.jar /home/ste/Projects/mfxtest/target/surefire 2023-04-11T07-38-41_295-jvmRun2 surefire-20230411073843120_1tmp surefire_2-20230411073843120_6tmp"/>
    <property name="jdk.debug" value="release"/>
    <property name="surefire.test.class.path" value="/home/ste/Projects/mfxtest/target/test-classes:/home/ste/Projects/mfxtest/target/classes:/home/ste/.m2/repository/org/openjfx/javafx-base/19/javafx-base-19.jar:/home/ste/.m2/repository/org/openjfx/javafx-base/19/javafx-base-19-linux.jar:/home/ste/.m2/repository/org/openjfx/javafx-graphics/19/javafx-graphics-19.jar:/home/ste/.m2/repository/org/openjfx/javafx-graphics/19/javafx-graphics-19-linux.jar:/home/ste/.m2/repository/org/openjfx/javafx-fxml/19/javafx-fxml-19.jar:/home/ste/.m2/repository/org/openjfx/javafx-fxml/19/javafx-fxml-19-linux.jar:/home/ste/.m2/repository/org/openjfx/javafx-controls/19/javafx-controls-19.jar:/home/ste/.m2/repository/org/openjfx/javafx-controls/19/javafx-controls-19-linux.jar:/home/ste/.m2/repository/org/openjfx/javafx-web/19/javafx-web-19.jar:/home/ste/.m2/repository/org/openjfx/javafx-web/19/javafx-web-19-linux.jar:/home/ste/.m2/repository/org/openjfx/javafx-media/19/javafx-media-19.jar:/home/ste/.m2/repository/org/openjfx/javafx-media/19/javafx-media-19-linux.jar:/home/ste/.m2/repository/org/openjfx/javafx-swing/19/javafx-swing-19.jar:/home/ste/.m2/repository/org/openjfx/javafx-swing/19/javafx-swing-19-linux.jar:/home/ste/.m2/repository/org/apache/commons/commons-lang3/3.12.0/commons-lang3-3.12.0.jar:/home/ste/.m2/repository/org/web3j/core/4.9.7/core-4.9.7.jar:/home/ste/.m2/repository/org/web3j/abi/4.9.7/abi-4.9.7.jar:/home/ste/.m2/repository/org/web3j/utils/4.9.7/utils-4.9.7.jar:/home/ste/.m2/repository/org/bouncycastle/bcprov-jdk15on/1.70/bcprov-jdk15on-1.70.jar:/home/ste/.m2/repository/org/web3j/crypto/4.9.7/crypto-4.9.7.jar:/home/ste/.m2/repository/org/web3j/rlp/4.9.7/rlp-4.9.7.jar:/home/ste/.m2/repository/org/web3j/tuples/4.9.7/tuples-4.9.7.jar:/home/ste/.m2/repository/com/github/jnr/jnr-unixsocket/0.38.17/jnr-unixsocket-0.38.17.jar:/home/ste/.m2/repository/com/github/jnr/jnr-ffi/2.2.11/jnr-ffi-2.2.11.jar:/home/ste/.m2/repository/com/github/jnr/jffi/1.3.9/jffi-1.3.9.jar:/home/ste/.m2/repository/com/github/jnr/jffi/1.3.9/jffi-1.3.9-native.jar:/home/ste/.m2/repository/org/ow2/asm/asm/9.2/asm-9.2.jar:/home/ste/.m2/repository/org/ow2/asm/asm-commons/9.2/asm-commons-9.2.jar:/home/ste/.m2/repository/org/ow2/asm/asm-analysis/9.2/asm-analysis-9.2.jar:/home/ste/.m2/repository/org/ow2/asm/asm-tree/9.2/asm-tree-9.2.jar:/home/ste/.m2/repository/org/ow2/asm/asm-util/9.2/asm-util-9.2.jar:/home/ste/.m2/repository/com/github/jnr/jnr-a64asm/1.0.0/jnr-a64asm-1.0.0.jar:/home/ste/.m2/repository/com/github/jnr/jnr-x86asm/1.0.2/jnr-x86asm-1.0.2.jar:/home/ste/.m2/repository/com/github/jnr/jnr-constants/0.10.3/jnr-constants-0.10.3.jar:/home/ste/.m2/repository/com/github/jnr/jnr-enxio/0.32.13/jnr-enxio-0.32.13.jar:/home/ste/.m2/repository/com/github/jnr/jnr-posix/3.1.15/jnr-posix-3.1.15.jar:/home/ste/.m2/repository/com/squareup/okhttp3/okhttp/4.9.0/okhttp-4.9.0.jar:/home/ste/.m2/repository/com/squareup/okio/okio/2.8.0/okio-2.8.0.jar:/home/ste/.m2/repository/org/jetbrains/kotlin/kotlin-stdlib-common/1.4.0/kotlin-stdlib-common-1.4.0.jar:/home/ste/.m2/repository/org/jetbrains/kotlin/kotlin-stdlib/1.4.10/kotlin-stdlib-1.4.10.jar:/home/ste/.m2/repository/com/squareup/okhttp3/logging-interceptor/4.9.0/logging-interceptor-4.9.0.jar:/home/ste/.m2/repository/org/jetbrains/kotlin/kotlin-stdlib-jdk8/1.4.10/kotlin-stdlib-jdk8-1.4.10.jar:/home/ste/.m2/repository/org/jetbrains/kotlin/kotlin-stdlib-jdk7/1.4.10/kotlin-stdlib-jdk7-1.4.10.jar:/home/ste/.m2/repository/io/reactivex/rxjava2/rxjava/2.2.2/rxjava-2.2.2.jar:/home/ste/.m2/repository/org/reactivestreams/reactive-streams/1.0.2/reactive-streams-1.0.2.jar:/home/ste/.m2/repository/org/java-websocket/Java-WebSocket/1.5.3/Java-WebSocket-1.5.3.jar:/home/ste/.m2/repository/com/fasterxml/jackson/core/jackson-databind/2.14.2/jackson-databind-2.14.2.jar:/home/ste/.m2/repository/com/fasterxml/jackson/core/jackson-annotations/2.14.2/jackson-annotations-2.14.2.jar:/home/ste/.m2/repository/com/fasterxml/jackson/core/jackson-core/2.14.2/jackson-core-2.14.2.jar:/home/ste/.m2/repository/org/web3j/contracts/4.9.7/contracts-4.9.7.jar:/home/ste/.m2/repository/fr/brouillard/oss/cssfx/11.5.1/cssfx-11.5.1.jar:/home/ste/.m2/repository/io/github/palexdev/virtualizedfx/11.8.3-SNAPSHOT/virtualizedfx-11.8.3-SNAPSHOT.jar:/home/ste/.m2/repository/io/github/palexdev/mfxresources/11.0.4/mfxresources-11.0.4.jar:/home/ste/.m2/repository/net/raumzeitfalle/fx/scenic-view/11.0.2/scenic-view-11.0.2.jar:/home/ste/.m2/repository/io/github/palexdev/materialfx/11.13.9/materialfx-11.13.9.jar:/home/ste/.m2/repository/io/github/palexdev/mfxcore/11.1.5/mfxcore-11.1.5.jar:/home/ste/.m2/repository/io/github/palexdev/mfxlocalization/11.0.1/mfxlocalization-11.0.1.jar:/home/ste/.m2/repository/com/google/code/gson/gson/2.9.0/gson-2.9.0.jar:/home/ste/.m2/repository/com/github/h-thurow/simple-jndi/0.23.0/simple-jndi-0.23.0.jar:/home/ste/.m2/repository/commons-io/commons-io/2.5/commons-io-2.5.jar:/home/ste/.m2/repository/org/jetbrains/annotations/13.0/annotations-13.0.jar:/home/ste/.m2/repository/commons-lang/commons-lang/2.6/commons-lang-2.6.jar:/home/ste/.m2/repository/com/j256/ormlite/ormlite-jdbc/6.1/ormlite-jdbc-6.1.jar:/home/ste/.m2/repository/org/slf4j/slf4j-api/2.0.6/slf4j-api-2.0.6.jar:/home/ste/.m2/repository/org/slf4j/slf4j-jdk14/2.0.6/slf4j-jdk14-2.0.6.jar:/home/ste/.m2/repository/org/hsqldb/hsqldb/2.7.1/hsqldb-2.7.1.jar:/home/ste/.m2/repository/junit/junit/4.13.2/junit-4.13.2.jar:/home/ste/.m2/repository/org/hamcrest/hamcrest-core/1.3/hamcrest-core-1.3.jar:/home/ste/.m2/repository/org/testfx/openjfx-monocle/jdk-12.0.1+2/openjfx-monocle-jdk-12.0.1+2.jar:/home/ste/.m2/repository/org/hamcrest/hamcrest/2.2/hamcrest-2.2.jar:/home/ste/.m2/repository/org/assertj/assertj-core/3.23.1/assertj-core-3.23.1.jar:/home/ste/.m2/repository/net/bytebuddy/byte-buddy/1.12.10/byte-buddy-1.12.10.jar:/home/ste/.m2/repository/org/assertj/assertj-db/2.0.2/assertj-db-2.0.2.jar:/home/ste/.m2/repository/com/github/stefanbirkner/system-rules/1.19.0/system-rules-1.19.0.jar:/home/ste/.m2/repository/com/github/stefanofornari/xtest/3.3.0/xtest-3.3.0.jar:/home/ste/.m2/repository/org/apache-extras/beanshell/bsh/2.0b6/bsh-2.0b6.jar:/home/ste/.m2/repository/org/eclipse/jetty/jetty-server/9.0.0.M4/jetty-server-9.0.0.M4.jar:/home/ste/.m2/repository/org/eclipse/jetty/orbit/javax.servlet/3.0.0.v201112011016/javax.servlet-3.0.0.v201112011016.jar:/home/ste/.m2/repository/org/eclipse/jetty/jetty-http/9.0.0.M4/jetty-http-9.0.0.M4.jar:/home/ste/.m2/repository/org/eclipse/jetty/jetty-util/9.0.0.M4/jetty-util-9.0.0.M4.jar:/home/ste/.m2/repository/org/eclipse/jetty/jetty-io/9.0.0.M4/jetty-io-9.0.0.M4.jar:/home/ste/.m2/repository/rhino/js/1.7R2/js-1.7R2.jar:/home/ste/.m2/repository/org/skife/url/url-scheme-registry/0.0.1/url-scheme-registry-0.0.1.jar:/home/ste/.m2/repository/cglib/cglib-nodep/2.2.2/cglib-nodep-2.2.2.jar:/home/ste/.m2/repository/org/apache/httpcomponents/httpcore/4.4.9/httpcore-4.4.9.jar:/home/ste/.m2/repository/com/fasterxml/jackson/datatype/jackson-datatype-json-org/2.9.4/jackson-datatype-json-org-2.9.4.jar:/home/ste/.m2/repository/org/json/json/20171018/json-20171018.jar:/home/ste/.m2/repository/org/skyscreamer/jsonassert/1.2.3/jsonassert-1.2.3.jar:/home/ste/.m2/repository/javax/mail/mail/1.5.0-b01/mail-1.5.0-b01.jar:/home/ste/.m2/repository/javax/activation/activation/1.1/activation-1.1.jar:/home/ste/.m2/repository/org/testfx/testfx-core/4.0.16-alpha/testfx-core-4.0.16-alpha.jar:/home/ste/.m2/repository/org/testfx/testfx-junit/4.0.15-alpha/testfx-junit-4.0.15-alpha.jar:/home/ste/.m2/repository/commons-codec/commons-codec/1.11/commons-codec-1.11.jar:/home/ste/.m2/repository/commons-configuration/commons-configuration/1.10/commons-configuration-1.10.jar:/home/ste/.m2/repository/commons-logging/commons-logging/1.1.1/commons-logging-1.1.1.jar:/home/ste/.m2/repository/com/github/tomakehurst/wiremock-jre8-standalone/2.35.0/wiremock-jre8-standalone-2.35.0.jar:/home/ste/.m2/repository/org/apache/commons/commons-text/1.10.0/commons-text-1.10.0.jar:"/>
    <property name="sun.cpu.endian" value="little"/>
    <property name="user.home" value="/home/ste"/>
    <property name="user.language" value="en"/>
    <property name="java.specification.vendor" value="Oracle Corporation"/>
    <property name="java.version.date" value="2022-10-18"/>
    <property name="java.home" value="/usr/lib/jvm/zulu-19-amd64"/>
    <property name="file.separator" value="/"/>
    <property name="basedir" value="/home/ste/Projects/mfxtest"/>
    <property name="java.vm.compressedOopsMode" value="32-bit"/>
    <property name="line.separator" value="&#10;"/>
    <property name="prism.order" value="sw"/>
    <property name="java.vm.specification.vendor" value="Oracle Corporation"/>
    <property name="java.specification.name" value="Java Platform API Specification"/>
    <property name="testfx.robot" value="glass"/>
    <property name="java.awt.headless" value="true"/>
    <property name="surefire.real.class.path" value="/home/ste/Projects/mfxtest/target/surefire/surefirebooter-20230411073843120_9.jar"/>
    <property name="java.util.logging.config.file" value="src/test/resources/logging.properties"/>
    <property name="sun.management.compiler" value="HotSpot 64-Bit Tiered Compilers"/>
    <property name="java.runtime.version" value="19.0.1+10"/>
    <property name="user.name" value="ste"/>
    <property name="stdout.encoding" value="UTF-8"/>
    <property name="path.separator" value=":"/>
    <property name="os.version" value="5.4.0-146-generic"/>
    <property name="java.runtime.name" value="OpenJDK Runtime Environment"/>
    <property name="file.encoding" value="UTF-8"/>
    <property name="java.vm.name" value="OpenJDK 64-Bit Server VM"/>
    <property name="java.vendor.version" value="Zulu19.30+11-CA"/>
    <property name="maven.ext.class.path" value="/opt/netbeans-17/java/maven-nblib/netbeans-eventspy.jar"/>
    <property name="localRepository" value="/home/ste/.m2/repository"/>
    <property name="java.vendor.url.bug" value="http://www.azul.com/support/"/>
    <property name="java.io.tmpdir" value="/tmp"/>
    <property name="java.version" value="19.0.1"/>
    <property name="user.dir" value="/home/ste/Projects/mfxtest"/>
    <property name="os.arch" value="amd64"/>
    <property name="java.vm.specification.name" value="Java Virtual Machine Specification"/>
    <property name="testfx.headless" value="true"/>
    <property name="native.encoding" value="UTF-8"/>
    <property name="java.library.path" value="/usr/java/packages/lib:/usr/lib64:/lib64:/lib:/usr/lib"/>
    <property name="java.vm.info" value="mixed mode, sharing"/>
    <property name="stderr.encoding" value="UTF-8"/>
    <property name="java.vendor" value="Azul Systems, Inc."/>
    <property name="java.vm.version" value="19.0.1+10"/>
    <property name="sun.io.unicode.encoding" value="UnicodeLittle"/>
    <property name="java.class.version" value="63.0"/>
  </properties>
  <testcase name="show_ledger_dialog" classname="ste.w3.easywallet.ui.WalletCardControllerTest" time="10.913">
    <error message="Need to specify class name in environment or system property, or in an application resource file: java.naming.factory.initial" type="javax.naming.NoInitialContextException"><![CDATA[javax.naming.NoInitialContextException: Need to specify class name in environment or system property, or in an application resource file: java.naming.factory.initial
	at java.naming/javax.naming.spi.NamingManager.getInitialContext(NamingManager.java:704)
	at java.naming/javax.naming.InitialContext.getDefaultInitCtx(InitialContext.java:305)
	at java.naming/javax.naming.InitialContext.getURLOrDefaultInitCtx(InitialContext.java:342)
	at java.naming/javax.naming.InitialContext.createSubcontext(InitialContext.java:481)
	at ste.w3.easywallet.ui.WalletCardControllerTest.before(WalletCardControllerTest.java:66)
	at java.base/jdk.internal.reflect.DirectMethodHandleAccessor.invoke(DirectMethodHandleAccessor.java:104)
	at java.base/java.lang.reflect.Method.invoke(Method.java:578)
	at org.junit.runners.model.FrameworkMethod$1.runReflectiveCall(FrameworkMethod.java:59)
	at org.junit.internal.runners.model.ReflectiveCallable.run(ReflectiveCallable.java:12)
	at org.junit.runners.model.FrameworkMethod.invokeExplosively(FrameworkMethod.java:56)
	at org.junit.internal.runners.statements.RunBefores.invokeMethod(RunBefores.java:33)
	at org.junit.internal.runners.statements.RunBefores.evaluate(RunBefores.java:24)
	at org.junit.internal.runners.statements.RunAfters.evaluate(RunAfters.java:27)
	at org.junit.runners.ParentRunner$3.evaluate(ParentRunner.java:306)
	at org.junit.runners.BlockJUnit4ClassRunner$1.evaluate(BlockJUnit4ClassRunner.java:100)
	at org.junit.runners.ParentRunner.runLeaf(ParentRunner.java:366)
	at org.junit.runners.BlockJUnit4ClassRunner.runChild(BlockJUnit4ClassRunner.java:103)
	at org.junit.runners.BlockJUnit4ClassRunner.runChild(BlockJUnit4ClassRunner.java:63)
	at org.junit.runners.ParentRunner$4.run(ParentRunner.java:331)
	at org.apache.maven.surefire.junitcore.pc.Scheduler$1.run(Scheduler.java:398)
	at org.apache.maven.surefire.junitcore.pc.InvokerStrategy.schedule(InvokerStrategy.java:54)
	at org.apache.maven.surefire.junitcore.pc.Scheduler.schedule(Scheduler.java:355)
	at org.junit.runners.ParentRunner.runChildren(ParentRunner.java:329)
	at org.junit.runners.ParentRunner.access$100(ParentRunner.java:66)
	at org.junit.runners.ParentRunner$2.evaluate(ParentRunner.java:293)
	at org.junit.runners.ParentRunner$3.evaluate(ParentRunner.java:306)
	at org.junit.runners.ParentRunner.run(ParentRunner.java:413)
	at org.junit.runners.Suite.runChild(Suite.java:128)
	at org.junit.runners.Suite.runChild(Suite.java:27)
	at org.junit.runners.ParentRunner$4.run(ParentRunner.java:331)
	at org.apache.maven.surefire.junitcore.pc.Scheduler$1.run(Scheduler.java:398)
	at java.base/java.util.concurrent.Executors$RunnableAdapter.call(Executors.java:577)
	at java.base/java.util.concurrent.FutureTask.run(FutureTask.java:317)
	at java.base/java.util.concurrent.ThreadPoolExecutor.runWorker(ThreadPoolExecutor.java:1144)
	at java.base/java.util.concurrent.ThreadPoolExecutor$Worker.run(ThreadPoolExecutor.java:642)
	at java.base/java.lang.Thread.run(Thread.java:1589)
]]></error>
    <system-err><![CDATA[20230411 073845 WARNING javafx Unsupported JavaFX configuration: classes were loaded from 'unnamed module @5dbf48e3'
20230411 073853 INFO com.j256.ormlite.table.TableUtils dropping table 'TRANSACTIONS'
20230411 073855 INFO com.j256.ormlite.table.TableUtils ignoring drop error 'java.sql.SQLSyntaxErrorException: user lacks privilege or object not found: TRANSACTIONS in statement [DROP TABLE "TRANSACTIONS" ]' for statement: DROP TABLE "TRANSACTIONS" 
20230411 073855 INFO com.j256.ormlite.table.TableUtils creating table 'TRANSACTIONS'
20230411 073855 INFO com.j256.ormlite.table.TableUtils executed create table statement changed 0 rows: CREATE TABLE "TRANSACTIONS" ("hash" VARCHAR(64) , "from" VARCHAR(40) NOT NULL , "to" VARCHAR(40) NOT NULL , "amount" numeric(27,18) , "when" TIMESTAMP NOT NULL , "coin" VARCHAR(12) , PRIMARY KEY ("hash") ) 
20230411 073855 FINE com.j256.ormlite.stmt.mapped.BaseMappedStatement insert data with statement 'INSERT INTO "TRANSACTIONS" ("hash" ,"from" ,"to" ,"amount" ,"when" ,"coin" ) VALUES (?,?,?,?,?,?)' and 6 args, changed 1 rows
20230411 073855 FINEST com.j256.ormlite.stmt.mapped.BaseMappedStatement insert arguments: [hash000000001-32, 1234567890123456789012345678901234567837, 1312345678901234567890123456789012345678, 65.65, 2022-11-11 11:00:00.0, STORJ]
20230411 073855 FINE com.j256.ormlite.stmt.mapped.BaseMappedStatement insert data with statement 'INSERT INTO "TRANSACTIONS" ("hash" ,"from" ,"to" ,"amount" ,"when" ,"coin" ) VALUES (?,?,?,?,?,?)' and 6 args, changed 1 rows
20230411 073855 FINEST com.j256.ormlite.stmt.mapped.BaseMappedStatement insert arguments: [hash000000002-07, 1234567890123456789012345678901234567870, 1234567890123456789012345678901234567890, 3.03, 2022-11-14 11:00:00.0, GLM]
20230411 073855 FINE com.j256.ormlite.stmt.mapped.BaseMappedStatement insert data with statement 'INSERT INTO "TRANSACTIONS" ("hash" ,"from" ,"to" ,"amount" ,"when" ,"coin" ) VALUES (?,?,?,?,?,?)' and 6 args, changed 1 rows
20230411 073855 FINEST com.j256.ormlite.stmt.mapped.BaseMappedStatement insert arguments: [hash000000003-20, 1234567890123456789012345678901234567823, 0812345678901234567890123456789012345678, 82.82, 2022-11-02 11:00:00.0, ETH]
20230411 073855 FINE com.j256.ormlite.stmt.mapped.BaseMappedStatement insert data with statement 'INSERT INTO "TRANSACTIONS" ("hash" ,"from" ,"to" ,"amount" ,"when" ,"coin" ) VALUES (?,?,?,?,?,?)' and 6 args, changed 1 rows
20230411 073855 FINEST com.j256.ormlite.stmt.mapped.BaseMappedStatement insert arguments: [hash000000004-32, 1234567890123456789012345678901234567870, 1234567890123456789012345678901234567890, 96.96, 2022-11-05 11:00:00.0, STORJ]
20230411 073855 FINE com.j256.ormlite.stmt.mapped.BaseMappedStatement insert data with statement 'INSERT INTO "TRANSACTIONS" ("hash" ,"from" ,"to" ,"amount" ,"when" ,"coin" ) VALUES (?,?,?,?,?,?)' and 6 args, changed 1 rows
20230411 073855 FINEST com.j256.ormlite.stmt.mapped.BaseMappedStatement insert arguments: [hash000000005-59, 1234567890123456789012345678901234567896, 9912345678901234567890123456789012345678, 34.34, 2022-11-14 11:00:00.0, GLM]
20230411 073855 FINE com.j256.ormlite.stmt.mapped.BaseMappedStatement insert data with statement 'INSERT INTO "TRANSACTIONS" ("hash" ,"from" ,"to" ,"amount" ,"when" ,"coin" ) VALUES (?,?,?,?,?,?)' and 6 args, changed 1 rows
20230411 073855 FINEST com.j256.ormlite.stmt.mapped.BaseMappedStatement insert arguments: [hash000000006-05, 1234567890123456789012345678901234567871, 1234567890123456789012345678901234567890, 6.06, 2022-11-01 11:00:00.0, ETH]
20230411 073855 FINE com.j256.ormlite.stmt.mapped.BaseMappedStatement insert data with statement 'INSERT INTO "TRANSACTIONS" ("hash" ,"from" ,"to" ,"amount" ,"when" ,"coin" ) VALUES (?,?,?,?,?,?)' and 6 args, changed 1 rows
20230411 073855 FINEST com.j256.ormlite.stmt.mapped.BaseMappedStatement insert arguments: [hash000000007-24, 1234567890123456789012345678901234567847, 7212345678901234567890123456789012345678, 88.88, 2022-11-20 11:00:00.0, STORJ]
20230411 073855 FINE com.j256.ormlite.stmt.mapped.BaseMappedStatement insert data with statement 'INSERT INTO "TRANSACTIONS" ("hash" ,"from" ,"to" ,"amount" ,"when" ,"coin" ) VALUES (?,?,?,?,?,?)' and 6 args, changed 1 rows
20230411 073855 FINEST com.j256.ormlite.stmt.mapped.BaseMappedStatement insert arguments: [hash000000008-12, 1234567890123456789012345678901234567832, 1234567890123456789012345678901234567890, 87.87, 2022-11-20 11:00:00.0, GLM]
20230411 073855 FINE com.j256.ormlite.stmt.mapped.BaseMappedStatement insert data with statement 'INSERT INTO "TRANSACTIONS" ("hash" ,"from" ,"to" ,"amount" ,"when" ,"coin" ) VALUES (?,?,?,?,?,?)' and 6 args, changed 1 rows
20230411 073855 FINEST com.j256.ormlite.stmt.mapped.BaseMappedStatement insert arguments: [hash000000009-75, 1234567890123456789012345678901234567822, 8612345678901234567890123456789012345678, 60.60, 2022-11-15 11:00:00.0, ETH]
20230411 073855 FINE com.j256.ormlite.stmt.mapped.BaseMappedStatement insert data with statement 'INSERT INTO "TRANSACTIONS" ("hash" ,"from" ,"to" ,"amount" ,"when" ,"coin" ) VALUES (?,?,?,?,?,?)' and 6 args, changed 1 rows
20230411 073855 FINEST com.j256.ormlite.stmt.mapped.BaseMappedStatement insert arguments: [hash000000010-24, 1234567890123456789012345678901234567809, 1234567890123456789012345678901234567890, 95.95, 2022-11-05 11:00:00.0, STORJ]
20230411 073855 FINE com.j256.ormlite.stmt.mapped.BaseMappedStatement insert data with statement 'INSERT INTO "TRANSACTIONS" ("hash" ,"from" ,"to" ,"amount" ,"when" ,"coin" ) VALUES (?,?,?,?,?,?)' and 6 args, changed 1 rows
20230411 073855 FINEST com.j256.ormlite.stmt.mapped.BaseMappedStatement insert arguments: [hash000000011-12, 1234567890123456789012345678901234567836, 5512345678901234567890123456789012345678, 57.57, 2022-11-06 11:00:00.0, GLM]
20230411 073855 FINE com.j256.ormlite.stmt.mapped.BaseMappedStatement insert data with statement 'INSERT INTO "TRANSACTIONS" ("hash" ,"from" ,"to" ,"amount" ,"when" ,"coin" ) VALUES (?,?,?,?,?,?)' and 6 args, changed 1 rows
20230411 073855 FINEST com.j256.ormlite.stmt.mapped.BaseMappedStatement insert arguments: [hash000000012-10, 1234567890123456789012345678901234567885, 1234567890123456789012345678901234567890, 69.69, 2022-11-10 11:00:00.0, ETH]
20230411 073855 FINE com.j256.ormlite.stmt.mapped.BaseMappedStatement insert data with statement 'INSERT INTO "TRANSACTIONS" ("hash" ,"from" ,"to" ,"amount" ,"when" ,"coin" ) VALUES (?,?,?,?,?,?)' and 6 args, changed 1 rows
20230411 073855 FINEST com.j256.ormlite.stmt.mapped.BaseMappedStatement insert arguments: [hash000000013-59, 1234567890123456789012345678901234567806, 9512345678901234567890123456789012345678, 90.90, 2022-11-16 11:00:00.0, STORJ]
20230411 073855 FINE com.j256.ormlite.stmt.mapped.BaseMappedStatement insert data with statement 'INSERT INTO "TRANSACTIONS" ("hash" ,"from" ,"to" ,"amount" ,"when" ,"coin" ) VALUES (?,?,?,?,?,?)' and 6 args, changed 1 rows
20230411 073855 FINEST com.j256.ormlite.stmt.mapped.BaseMappedStatement insert arguments: [hash000000014-27, 1234567890123456789012345678901234567847, 1234567890123456789012345678901234567890, 63.63, 2022-11-16 11:00:00.0, GLM]
20230411 073855 FINE com.j256.ormlite.stmt.mapped.BaseMappedStatement insert data with statement 'INSERT INTO "TRANSACTIONS" ("hash" ,"from" ,"to" ,"amount" ,"when" ,"coin" ) VALUES (?,?,?,?,?,?)' and 6 args, changed 1 rows
20230411 073855 FINEST com.j256.ormlite.stmt.mapped.BaseMappedStatement insert arguments: [hash000000015-18, 1234567890123456789012345678901234567882, 4312345678901234567890123456789012345678, 62.62, 2022-11-13 11:00:00.0, ETH]
20230411 073855 FINE com.j256.ormlite.stmt.mapped.BaseMappedStatement insert data with statement 'INSERT INTO "TRANSACTIONS" ("hash" ,"from" ,"to" ,"amount" ,"when" ,"coin" ) VALUES (?,?,?,?,?,?)' and 6 args, changed 1 rows
20230411 073855 FINEST com.j256.ormlite.stmt.mapped.BaseMappedStatement insert arguments: [hash000000016-43, 1234567890123456789012345678901234567809, 1234567890123456789012345678901234567890, 28.28, 2022-11-12 11:00:00.0, STORJ]
20230411 073855 FINE com.j256.ormlite.stmt.mapped.BaseMappedStatement insert data with statement 'INSERT INTO "TRANSACTIONS" ("hash" ,"from" ,"to" ,"amount" ,"when" ,"coin" ) VALUES (?,?,?,?,?,?)' and 6 args, changed 1 rows
20230411 073855 FINEST com.j256.ormlite.stmt.mapped.BaseMappedStatement insert arguments: [hash000000017-55, 1234567890123456789012345678901234567879, 7912345678901234567890123456789012345678, 82.82, 2022-11-17 11:00:00.0, GLM]
20230411 073855 FINE com.j256.ormlite.stmt.mapped.BaseMappedStatement insert data with statement 'INSERT INTO "TRANSACTIONS" ("hash" ,"from" ,"to" ,"amount" ,"when" ,"coin" ) VALUES (?,?,?,?,?,?)' and 6 args, changed 1 rows
20230411 073855 FINEST com.j256.ormlite.stmt.mapped.BaseMappedStatement insert arguments: [hash000000018-64, 1234567890123456789012345678901234567862, 1234567890123456789012345678901234567890, 34.34, 2022-11-01 11:00:00.0, ETH]
20230411 073855 FINE com.j256.ormlite.stmt.mapped.BaseMappedStatement insert data with statement 'INSERT INTO "TRANSACTIONS" ("hash" ,"from" ,"to" ,"amount" ,"when" ,"coin" ) VALUES (?,?,?,?,?,?)' and 6 args, changed 1 rows
20230411 073855 FINEST com.j256.ormlite.stmt.mapped.BaseMappedStatement insert arguments: [hash000000019-79, 1234567890123456789012345678901234567860, 2212345678901234567890123456789012345678, 90.90, 2022-11-13 11:00:00.0, STORJ]
20230411 073855 FINE com.j256.ormlite.stmt.mapped.BaseMappedStatement insert data with statement 'INSERT INTO "TRANSACTIONS" ("hash" ,"from" ,"to" ,"amount" ,"when" ,"coin" ) VALUES (?,?,?,?,?,?)' and 6 args, changed 1 rows
20230411 073855 FINEST com.j256.ormlite.stmt.mapped.BaseMappedStatement insert arguments: [hash000000020-36, 1234567890123456789012345678901234567811, 1234567890123456789012345678901234567890, 11.11, 2022-11-07 11:00:00.0, GLM]
20230411 073855 FINE com.j256.ormlite.stmt.mapped.BaseMappedStatement insert data with statement 'INSERT INTO "TRANSACTIONS" ("hash" ,"from" ,"to" ,"amount" ,"when" ,"coin" ) VALUES (?,?,?,?,?,?)' and 6 args, changed 1 rows
20230411 073855 FINEST com.j256.ormlite.stmt.mapped.BaseMappedStatement insert arguments: [hash000000021-20, 1234567890123456789012345678901234567871, 7112345678901234567890123456789012345678, 88.88, 2022-11-04 11:00:00.0, ETH]
20230411 073855 FINE com.j256.ormlite.stmt.mapped.BaseMappedStatement insert data with statement 'INSERT INTO "TRANSACTIONS" ("hash" ,"from" ,"to" ,"amount" ,"when" ,"coin" ) VALUES (?,?,?,?,?,?)' and 6 args, changed 1 rows
20230411 073855 FINEST com.j256.ormlite.stmt.mapped.BaseMappedStatement insert arguments: [hash000000022-16, 1234567890123456789012345678901234567884, 1234567890123456789012345678901234567890, 63.63, 2022-11-02 11:00:00.0, STORJ]
20230411 073855 FINE com.j256.ormlite.stmt.mapped.BaseMappedStatement insert data with statement 'INSERT INTO "TRANSACTIONS" ("hash" ,"from" ,"to" ,"amount" ,"when" ,"coin" ) VALUES (?,?,?,?,?,?)' and 6 args, changed 1 rows
20230411 073855 FINEST com.j256.ormlite.stmt.mapped.BaseMappedStatement insert arguments: [hash000000023-44, 1234567890123456789012345678901234567840, 8312345678901234567890123456789012345678, 90.90, 2022-11-16 11:00:00.0, GLM]
20230411 073855 FINE com.j256.ormlite.stmt.mapped.BaseMappedStatement insert data with statement 'INSERT INTO "TRANSACTIONS" ("hash" ,"from" ,"to" ,"amount" ,"when" ,"coin" ) VALUES (?,?,?,?,?,?)' and 6 args, changed 1 rows
20230411 073855 FINEST com.j256.ormlite.stmt.mapped.BaseMappedStatement insert arguments: [hash000000024-72, 1234567890123456789012345678901234567828, 1234567890123456789012345678901234567890, 95.95, 2022-11-18 11:00:00.0, ETH]
20230411 073855 FINE com.j256.ormlite.stmt.mapped.BaseMappedStatement insert data with statement 'INSERT INTO "TRANSACTIONS" ("hash" ,"from" ,"to" ,"amount" ,"when" ,"coin" ) VALUES (?,?,?,?,?,?)' and 6 args, changed 1 rows
20230411 073855 FINEST com.j256.ormlite.stmt.mapped.BaseMappedStatement insert arguments: [hash000000025-17, 1234567890123456789012345678901234567888, 6712345678901234567890123456789012345678, 81.81, 2022-11-06 11:00:00.0, STORJ]
20230411 073855 FINE com.j256.ormlite.stmt.mapped.BaseMappedStatement insert data with statement 'INSERT INTO "TRANSACTIONS" ("hash" ,"from" ,"to" ,"amount" ,"when" ,"coin" ) VALUES (?,?,?,?,?,?)' and 6 args, changed 1 rows
20230411 073855 FINEST com.j256.ormlite.stmt.mapped.BaseMappedStatement insert arguments: [hash000000026-08, 1234567890123456789012345678901234567807, 1234567890123456789012345678901234567890, 33.33, 2022-11-13 11:00:00.0, GLM]
20230411 073855 FINE com.j256.ormlite.stmt.mapped.BaseMappedStatement insert data with statement 'INSERT INTO "TRANSACTIONS" ("hash" ,"from" ,"to" ,"amount" ,"when" ,"coin" ) VALUES (?,?,?,?,?,?)' and 6 args, changed 1 rows
20230411 073855 FINEST com.j256.ormlite.stmt.mapped.BaseMappedStatement insert arguments: [hash000000027-02, 1234567890123456789012345678901234567846, 2412345678901234567890123456789012345678, 57.57, 2022-11-09 11:00:00.0, ETH]
20230411 073855 FINE com.j256.ormlite.stmt.mapped.BaseMappedStatement insert data with statement 'INSERT INTO "TRANSACTIONS" ("hash" ,"from" ,"to" ,"amount" ,"when" ,"coin" ) VALUES (?,?,?,?,?,?)' and 6 args, changed 1 rows
20230411 073855 FINEST com.j256.ormlite.stmt.mapped.BaseMappedStatement insert arguments: [hash000000028-22, 1234567890123456789012345678901234567857, 1234567890123456789012345678901234567890, 62.62, 2022-11-11 11:00:00.0, STORJ]
20230411 073855 FINE com.j256.ormlite.stmt.mapped.BaseMappedStatement insert data with statement 'INSERT INTO "TRANSACTIONS" ("hash" ,"from" ,"to" ,"amount" ,"when" ,"coin" ) VALUES (?,?,?,?,?,?)' and 6 args, changed 1 rows
20230411 073855 FINEST com.j256.ormlite.stmt.mapped.BaseMappedStatement insert arguments: [hash000000029-29, 1234567890123456789012345678901234567817, 3912345678901234567890123456789012345678, 69.69, 2022-11-08 11:00:00.0, GLM]
20230411 073855 FINE com.j256.ormlite.stmt.mapped.BaseMappedStatement insert data with statement 'INSERT INTO "TRANSACTIONS" ("hash" ,"from" ,"to" ,"amount" ,"when" ,"coin" ) VALUES (?,?,?,?,?,?)' and 6 args, changed 1 rows
20230411 073855 FINEST com.j256.ormlite.stmt.mapped.BaseMappedStatement insert arguments: [hash000000030-61, 1234567890123456789012345678901234567805, 1234567890123456789012345678901234567890, 92.92, 2022-11-03 11:00:00.0, ETH]
20230411 073855 FINE com.j256.ormlite.stmt.mapped.BaseMappedStatement insert data with statement 'INSERT INTO "TRANSACTIONS" ("hash" ,"from" ,"to" ,"amount" ,"when" ,"coin" ) VALUES (?,?,?,?,?,?)' and 6 args, changed 1 rows
20230411 073855 FINEST com.j256.ormlite.stmt.mapped.BaseMappedStatement insert arguments: [hash000000031-45, 1234567890123456789012345678901234567859, 5712345678901234567890123456789012345678, 13.13, 2022-11-20 11:00:00.0, STORJ]
20230411 073855 FINE com.j256.ormlite.stmt.mapped.BaseMappedStatement insert data with statement 'INSERT INTO "TRANSACTIONS" ("hash" ,"from" ,"to" ,"amount" ,"when" ,"coin" ) VALUES (?,?,?,?,?,?)' and 6 args, changed 1 rows
20230411 073855 FINEST com.j256.ormlite.stmt.mapped.BaseMappedStatement insert arguments: [hash000000032-64, 1234567890123456789012345678901234567822, 1234567890123456789012345678901234567890, 31.31, 2022-11-16 11:00:00.0, GLM]
20230411 073855 FINE com.j256.ormlite.stmt.mapped.BaseMappedStatement insert data with statement 'INSERT INTO "TRANSACTIONS" ("hash" ,"from" ,"to" ,"amount" ,"when" ,"coin" ) VALUES (?,?,?,?,?,?)' and 6 args, changed 1 rows
20230411 073855 FINEST com.j256.ormlite.stmt.mapped.BaseMappedStatement insert arguments: [hash000000033-10, 1234567890123456789012345678901234567852, 2212345678901234567890123456789012345678, 64.64, 2022-11-15 11:00:00.0, ETH]
20230411 073855 FINE com.j256.ormlite.stmt.mapped.BaseMappedStatement insert data with statement 'INSERT INTO "TRANSACTIONS" ("hash" ,"from" ,"to" ,"amount" ,"when" ,"coin" ) VALUES (?,?,?,?,?,?)' and 6 args, changed 1 rows
20230411 073855 FINEST com.j256.ormlite.stmt.mapped.BaseMappedStatement insert arguments: [hash000000034-11, 1234567890123456789012345678901234567805, 1234567890123456789012345678901234567890, 46.46, 2022-11-04 11:00:00.0, STORJ]
20230411 073855 FINE com.j256.ormlite.stmt.mapped.BaseMappedStatement insert data with statement 'INSERT INTO "TRANSACTIONS" ("hash" ,"from" ,"to" ,"amount" ,"when" ,"coin" ) VALUES (?,?,?,?,?,?)' and 6 args, changed 1 rows
20230411 073855 FINEST com.j256.ormlite.stmt.mapped.BaseMappedStatement insert arguments: [hash000000035-48, 1234567890123456789012345678901234567894, 5112345678901234567890123456789012345678, 14.14, 2022-11-19 11:00:00.0, GLM]
20230411 073855 FINE com.j256.ormlite.stmt.mapped.BaseMappedStatement insert data with statement 'INSERT INTO "TRANSACTIONS" ("hash" ,"from" ,"to" ,"amount" ,"when" ,"coin" ) VALUES (?,?,?,?,?,?)' and 6 args, changed 1 rows
20230411 073855 FINEST com.j256.ormlite.stmt.mapped.BaseMappedStatement insert arguments: [hash000000036-25, 1234567890123456789012345678901234567809, 1234567890123456789012345678901234567890, 58.58, 2022-11-10 11:00:00.0, ETH]
20230411 073855 FINE com.j256.ormlite.stmt.mapped.BaseMappedStatement insert data with statement 'INSERT INTO "TRANSACTIONS" ("hash" ,"from" ,"to" ,"amount" ,"when" ,"coin" ) VALUES (?,?,?,?,?,?)' and 6 args, changed 1 rows
20230411 073855 FINEST com.j256.ormlite.stmt.mapped.BaseMappedStatement insert arguments: [hash000000037-46, 1234567890123456789012345678901234567847, 7512345678901234567890123456789012345678, 91.91, 2022-11-17 11:00:00.0, STORJ]
20230411 073855 FINE com.j256.ormlite.stmt.mapped.BaseMappedStatement insert data with statement 'INSERT INTO "TRANSACTIONS" ("hash" ,"from" ,"to" ,"amount" ,"when" ,"coin" ) VALUES (?,?,?,?,?,?)' and 6 args, changed 1 rows
20230411 073855 FINEST com.j256.ormlite.stmt.mapped.BaseMappedStatement insert arguments: [hash000000038-10, 1234567890123456789012345678901234567867, 1234567890123456789012345678901234567890, 91.91, 2022-11-12 11:00:00.0, GLM]
20230411 073855 FINE com.j256.ormlite.stmt.mapped.BaseMappedStatement insert data with statement 'INSERT INTO "TRANSACTIONS" ("hash" ,"from" ,"to" ,"amount" ,"when" ,"coin" ) VALUES (?,?,?,?,?,?)' and 6 args, changed 1 rows
20230411 073855 FINEST com.j256.ormlite.stmt.mapped.BaseMappedStatement insert arguments: [hash000000039-44, 1234567890123456789012345678901234567891, 8112345678901234567890123456789012345678, 72.72, 2022-11-14 11:00:00.0, ETH]
20230411 073855 FINE com.j256.ormlite.stmt.mapped.BaseMappedStatement insert data with statement 'INSERT INTO "TRANSACTIONS" ("hash" ,"from" ,"to" ,"amount" ,"when" ,"coin" ) VALUES (?,?,?,?,?,?)' and 6 args, changed 1 rows
20230411 073855 FINEST com.j256.ormlite.stmt.mapped.BaseMappedStatement insert arguments: [hash000000040-10, 1234567890123456789012345678901234567837, 1234567890123456789012345678901234567890, 85.85, 2022-11-12 11:00:00.0, STORJ]
20230411 073855 FINE com.j256.ormlite.stmt.mapped.BaseMappedStatement insert data with statement 'INSERT INTO "TRANSACTIONS" ("hash" ,"from" ,"to" ,"amount" ,"when" ,"coin" ) VALUES (?,?,?,?,?,?)' and 6 args, changed 1 rows
20230411 073855 FINEST com.j256.ormlite.stmt.mapped.BaseMappedStatement insert arguments: [hash000000041-22, 1234567890123456789012345678901234567881, 4612345678901234567890123456789012345678, 56.56, 2022-11-01 11:00:00.0, GLM]
20230411 073855 FINE com.j256.ormlite.stmt.mapped.BaseMappedStatement insert data with statement 'INSERT INTO "TRANSACTIONS" ("hash" ,"from" ,"to" ,"amount" ,"when" ,"coin" ) VALUES (?,?,?,?,?,?)' and 6 args, changed 1 rows
20230411 073855 FINEST com.j256.ormlite.stmt.mapped.BaseMappedStatement insert arguments: [hash000000042-43, 1234567890123456789012345678901234567839, 1234567890123456789012345678901234567890, 56.56, 2022-11-19 11:00:00.0, ETH]
20230411 073855 FINE com.j256.ormlite.stmt.mapped.BaseMappedStatement insert data with statement 'INSERT INTO "TRANSACTIONS" ("hash" ,"from" ,"to" ,"amount" ,"when" ,"coin" ) VALUES (?,?,?,?,?,?)' and 6 args, changed 1 rows
20230411 073855 FINEST com.j256.ormlite.stmt.mapped.BaseMappedStatement insert arguments: [hash000000043-09, 1234567890123456789012345678901234567862, 6712345678901234567890123456789012345678, 54.54, 2022-11-04 11:00:00.0, STORJ]
20230411 073855 FINE com.j256.ormlite.stmt.mapped.BaseMappedStatement insert data with statement 'INSERT INTO "TRANSACTIONS" ("hash" ,"from" ,"to" ,"amount" ,"when" ,"coin" ) VALUES (?,?,?,?,?,?)' and 6 args, changed 1 rows
20230411 073855 FINEST com.j256.ormlite.stmt.mapped.BaseMappedStatement insert arguments: [hash000000044-21, 1234567890123456789012345678901234567849, 1234567890123456789012345678901234567890, 31.31, 2022-11-08 11:00:00.0, GLM]
20230411 073855 FINE com.j256.ormlite.stmt.mapped.BaseMappedStatement insert data with statement 'INSERT INTO "TRANSACTIONS" ("hash" ,"from" ,"to" ,"amount" ,"when" ,"coin" ) VALUES (?,?,?,?,?,?)' and 6 args, changed 1 rows
20230411 073855 FINEST com.j256.ormlite.stmt.mapped.BaseMappedStatement insert arguments: [hash000000045-51, 1234567890123456789012345678901234567892, 2612345678901234567890123456789012345678, 75.75, 2022-11-20 11:00:00.0, ETH]
20230411 073855 FINE com.j256.ormlite.stmt.mapped.BaseMappedStatement insert data with statement 'INSERT INTO "TRANSACTIONS" ("hash" ,"from" ,"to" ,"amount" ,"when" ,"coin" ) VALUES (?,?,?,?,?,?)' and 6 args, changed 1 rows
20230411 073855 FINEST com.j256.ormlite.stmt.mapped.BaseMappedStatement insert arguments: [hash000000046-21, 1234567890123456789012345678901234567857, 1234567890123456789012345678901234567890, 16.16, 2022-11-05 11:00:00.0, STORJ]
20230411 073855 FINE com.j256.ormlite.stmt.mapped.BaseMappedStatement insert data with statement 'INSERT INTO "TRANSACTIONS" ("hash" ,"from" ,"to" ,"amount" ,"when" ,"coin" ) VALUES (?,?,?,?,?,?)' and 6 args, changed 1 rows
20230411 073855 FINEST com.j256.ormlite.stmt.mapped.BaseMappedStatement insert arguments: [hash000000047-31, 1234567890123456789012345678901234567885, 9812345678901234567890123456789012345678, 91.91, 2022-11-03 11:00:00.0, GLM]
20230411 073855 FINE com.j256.ormlite.stmt.mapped.BaseMappedStatement insert data with statement 'INSERT INTO "TRANSACTIONS" ("hash" ,"from" ,"to" ,"amount" ,"when" ,"coin" ) VALUES (?,?,?,?,?,?)' and 6 args, changed 1 rows
20230411 073855 FINEST com.j256.ormlite.stmt.mapped.BaseMappedStatement insert arguments: [hash000000048-03, 1234567890123456789012345678901234567853, 1234567890123456789012345678901234567890, 17.17, 2022-11-04 11:00:00.0, ETH]
20230411 073855 FINE com.j256.ormlite.stmt.mapped.BaseMappedStatement insert data with statement 'INSERT INTO "TRANSACTIONS" ("hash" ,"from" ,"to" ,"amount" ,"when" ,"coin" ) VALUES (?,?,?,?,?,?)' and 6 args, changed 1 rows
20230411 073855 FINEST com.j256.ormlite.stmt.mapped.BaseMappedStatement insert arguments: [hash000000049-01, 1234567890123456789012345678901234567841, 5812345678901234567890123456789012345678, 36.36, 2022-11-15 11:00:00.0, STORJ]
20230411 073855 FINE com.j256.ormlite.stmt.mapped.BaseMappedStatement insert data with statement 'INSERT INTO "TRANSACTIONS" ("hash" ,"from" ,"to" ,"amount" ,"when" ,"coin" ) VALUES (?,?,?,?,?,?)' and 6 args, changed 1 rows
20230411 073855 FINEST com.j256.ormlite.stmt.mapped.BaseMappedStatement insert arguments: [hash000000050-71, 1234567890123456789012345678901234567810, 1234567890123456789012345678901234567890, 41.41, 2022-11-18 11:00:00.0, GLM]
20230411 073855 FINE com.j256.ormlite.stmt.mapped.BaseMappedStatement insert data with statement 'INSERT INTO "TRANSACTIONS" ("hash" ,"from" ,"to" ,"amount" ,"when" ,"coin" ) VALUES (?,?,?,?,?,?)' and 6 args, changed 1 rows
20230411 073855 FINEST com.j256.ormlite.stmt.mapped.BaseMappedStatement insert arguments: [hash000000051-24, 1234567890123456789012345678901234567817, 5412345678901234567890123456789012345678, 16.16, 2022-11-16 11:00:00.0, ETH]
20230411 073855 FINE com.j256.ormlite.stmt.mapped.BaseMappedStatement insert data with statement 'INSERT INTO "TRANSACTIONS" ("hash" ,"from" ,"to" ,"amount" ,"when" ,"coin" ) VALUES (?,?,?,?,?,?)' and 6 args, changed 1 rows
20230411 073855 FINEST com.j256.ormlite.stmt.mapped.BaseMappedStatement insert arguments: [hash000000052-07, 1234567890123456789012345678901234567872, 1234567890123456789012345678901234567890, 56.56, 2022-11-04 11:00:00.0, STORJ]
20230411 073855 FINE com.j256.ormlite.stmt.mapped.BaseMappedStatement insert data with statement 'INSERT INTO "TRANSACTIONS" ("hash" ,"from" ,"to" ,"amount" ,"when" ,"coin" ) VALUES (?,?,?,?,?,?)' and 6 args, changed 1 rows
20230411 073855 FINEST com.j256.ormlite.stmt.mapped.BaseMappedStatement insert arguments: [hash000000053-08, 1234567890123456789012345678901234567859, 9212345678901234567890123456789012345678, 15.15, 2022-11-09 11:00:00.0, GLM]
20230411 073855 FINE com.j256.ormlite.stmt.mapped.BaseMappedStatement insert data with statement 'INSERT INTO "TRANSACTIONS" ("hash" ,"from" ,"to" ,"amount" ,"when" ,"coin" ) VALUES (?,?,?,?,?,?)' and 6 args, changed 1 rows
20230411 073855 FINEST com.j256.ormlite.stmt.mapped.BaseMappedStatement insert arguments: [hash000000054-49, 1234567890123456789012345678901234567882, 1234567890123456789012345678901234567890, 83.83, 2022-11-15 11:00:00.0, ETH]
20230411 073855 FINE com.j256.ormlite.stmt.mapped.BaseMappedStatement insert data with statement 'INSERT INTO "TRANSACTIONS" ("hash" ,"from" ,"to" ,"amount" ,"when" ,"coin" ) VALUES (?,?,?,?,?,?)' and 6 args, changed 1 rows
20230411 073855 FINEST com.j256.ormlite.stmt.mapped.BaseMappedStatement insert arguments: [hash000000055-62, 1234567890123456789012345678901234567888, 1912345678901234567890123456789012345678, 70.70, 2022-11-09 11:00:00.0, STORJ]
20230411 073855 FINE com.j256.ormlite.stmt.mapped.BaseMappedStatement insert data with statement 'INSERT INTO "TRANSACTIONS" ("hash" ,"from" ,"to" ,"amount" ,"when" ,"coin" ) VALUES (?,?,?,?,?,?)' and 6 args, changed 1 rows
20230411 073855 FINEST com.j256.ormlite.stmt.mapped.BaseMappedStatement insert arguments: [hash000000056-54, 1234567890123456789012345678901234567807, 1234567890123456789012345678901234567890, 27.27, 2022-11-15 11:00:00.0, GLM]
20230411 073855 FINE com.j256.ormlite.stmt.mapped.BaseMappedStatement insert data with statement 'INSERT INTO "TRANSACTIONS" ("hash" ,"from" ,"to" ,"amount" ,"when" ,"coin" ) VALUES (?,?,?,?,?,?)' and 6 args, changed 1 rows
20230411 073855 FINEST com.j256.ormlite.stmt.mapped.BaseMappedStatement insert arguments: [hash000000057-64, 1234567890123456789012345678901234567847, 7012345678901234567890123456789012345678, 63.63, 2022-11-12 11:00:00.0, ETH]
20230411 073855 FINE com.j256.ormlite.stmt.mapped.BaseMappedStatement insert data with statement 'INSERT INTO "TRANSACTIONS" ("hash" ,"from" ,"to" ,"amount" ,"when" ,"coin" ) VALUES (?,?,?,?,?,?)' and 6 args, changed 1 rows
20230411 073855 FINEST com.j256.ormlite.stmt.mapped.BaseMappedStatement insert arguments: [hash000000058-04, 1234567890123456789012345678901234567841, 1234567890123456789012345678901234567890, 17.17, 2022-11-01 11:00:00.0, STORJ]
20230411 073855 FINE com.j256.ormlite.stmt.mapped.BaseMappedStatement insert data with statement 'INSERT INTO "TRANSACTIONS" ("hash" ,"from" ,"to" ,"amount" ,"when" ,"coin" ) VALUES (?,?,?,?,?,?)' and 6 args, changed 1 rows
20230411 073855 FINEST com.j256.ormlite.stmt.mapped.BaseMappedStatement insert arguments: [hash000000059-48, 1234567890123456789012345678901234567890, 6612345678901234567890123456789012345678, 47.47, 2022-11-05 11:00:00.0, GLM]
20230411 073855 FINE com.j256.ormlite.stmt.mapped.BaseMappedStatement insert data with statement 'INSERT INTO "TRANSACTIONS" ("hash" ,"from" ,"to" ,"amount" ,"when" ,"coin" ) VALUES (?,?,?,?,?,?)' and 6 args, changed 1 rows
20230411 073855 FINEST com.j256.ormlite.stmt.mapped.BaseMappedStatement insert arguments: [hash000000060-13, 1234567890123456789012345678901234567890, 1234567890123456789012345678901234567890, 13.13, 2022-11-09 11:00:00.0, ETH]
20230411 073855 FINE com.j256.ormlite.stmt.mapped.BaseMappedStatement insert data with statement 'INSERT INTO "TRANSACTIONS" ("hash" ,"from" ,"to" ,"amount" ,"when" ,"coin" ) VALUES (?,?,?,?,?,?)' and 6 args, changed 1 rows
20230411 073855 FINEST com.j256.ormlite.stmt.mapped.BaseMappedStatement insert arguments: [hash000000061-36, 1234567890123456789012345678901234567811, 1512345678901234567890123456789012345678, 55.55, 2022-11-14 11:00:00.0, STORJ]
20230411 073855 FINE com.j256.ormlite.stmt.mapped.BaseMappedStatement insert data with statement 'INSERT INTO "TRANSACTIONS" ("hash" ,"from" ,"to" ,"amount" ,"when" ,"coin" ) VALUES (?,?,?,?,?,?)' and 6 args, changed 1 rows
20230411 073855 FINEST com.j256.ormlite.stmt.mapped.BaseMappedStatement insert arguments: [hash000000062-42, 1234567890123456789012345678901234567829, 1234567890123456789012345678901234567890, 97.97, 2022-11-10 11:00:00.0, GLM]
20230411 073855 FINE com.j256.ormlite.stmt.mapped.BaseMappedStatement insert data with statement 'INSERT INTO "TRANSACTIONS" ("hash" ,"from" ,"to" ,"amount" ,"when" ,"coin" ) VALUES (?,?,?,?,?,?)' and 6 args, changed 1 rows
20230411 073855 FINEST com.j256.ormlite.stmt.mapped.BaseMappedStatement insert arguments: [hash000000063-68, 1234567890123456789012345678901234567871, 8412345678901234567890123456789012345678, 36.36, 2022-11-09 11:00:00.0, ETH]
]]></system-err>
  </testcase>
  <testcase name="onDelete_when_delete_button_is_pressed" classname="ste.w3.easywallet.ui.WalletCardControllerTest" time="0.904">
    <error message="Need to specify class name in environment or system property, or in an application resource file: java.naming.factory.initial" type="javax.naming.NoInitialContextException"><![CDATA[javax.naming.NoInitialContextException: Need to specify class name in environment or system property, or in an application resource file: java.naming.factory.initial
	at java.naming/javax.naming.spi.NamingManager.getInitialContext(NamingManager.java:704)
	at java.naming/javax.naming.InitialContext.getDefaultInitCtx(InitialContext.java:305)
	at java.naming/javax.naming.InitialContext.getURLOrDefaultInitCtx(InitialContext.java:342)
	at java.naming/javax.naming.InitialContext.createSubcontext(InitialContext.java:481)
	at ste.w3.easywallet.ui.WalletCardControllerTest.before(WalletCardControllerTest.java:66)
	at java.base/jdk.internal.reflect.DirectMethodHandleAccessor.invoke(DirectMethodHandleAccessor.java:104)
	at java.base/java.lang.reflect.Method.invoke(Method.java:578)
	at org.junit.runners.model.FrameworkMethod$1.runReflectiveCall(FrameworkMethod.java:59)
	at org.junit.internal.runners.model.ReflectiveCallable.run(ReflectiveCallable.java:12)
	at org.junit.runners.model.FrameworkMethod.invokeExplosively(FrameworkMethod.java:56)
	at org.junit.internal.runners.statements.RunBefores.invokeMethod(RunBefores.java:33)
	at org.junit.internal.runners.statements.RunBefores.evaluate(RunBefores.java:24)
	at org.junit.internal.runners.statements.RunAfters.evaluate(RunAfters.java:27)
	at org.junit.runners.ParentRunner$3.evaluate(ParentRunner.java:306)
	at org.junit.runners.BlockJUnit4ClassRunner$1.evaluate(BlockJUnit4ClassRunner.java:100)
	at org.junit.runners.ParentRunner.runLeaf(ParentRunner.java:366)
	at org.junit.runners.BlockJUnit4ClassRunner.runChild(BlockJUnit4ClassRunner.java:103)
	at org.junit.runners.BlockJUnit4ClassRunner.runChild(BlockJUnit4ClassRunner.java:63)
	at org.junit.runners.ParentRunner$4.run(ParentRunner.java:331)
	at org.apache.maven.surefire.junitcore.pc.Scheduler$1.run(Scheduler.java:398)
	at org.apache.maven.surefire.junitcore.pc.InvokerStrategy.schedule(InvokerStrategy.java:54)
	at org.apache.maven.surefire.junitcore.pc.Scheduler.schedule(Scheduler.java:355)
	at org.junit.runners.ParentRunner.runChildren(ParentRunner.java:329)
	at org.junit.runners.ParentRunner.access$100(ParentRunner.java:66)
	at org.junit.runners.ParentRunner$2.evaluate(ParentRunner.java:293)
	at org.junit.runners.ParentRunner$3.evaluate(ParentRunner.java:306)
	at org.junit.runners.ParentRunner.run(ParentRunner.java:413)
	at org.junit.runners.Suite.runChild(Suite.java:128)
	at org.junit.runners.Suite.runChild(Suite.java:27)
	at org.junit.runners.ParentRunner$4.run(ParentRunner.java:331)
	at org.apache.maven.surefire.junitcore.pc.Scheduler$1.run(Scheduler.java:398)
	at java.base/java.util.concurrent.Executors$RunnableAdapter.call(Executors.java:577)
	at java.base/java.util.concurrent.FutureTask.run(FutureTask.java:317)
	at java.base/java.util.concurrent.ThreadPoolExecutor.runWorker(ThreadPoolExecutor.java:1144)
	at java.base/java.util.concurrent.ThreadPoolExecutor$Worker.run(ThreadPoolExecutor.java:642)
	at java.base/java.lang.Thread.run(Thread.java:1589)
]]></error>
    <system-err><![CDATA[20230411 073856 INFO com.j256.ormlite.table.TableUtils dropping table 'TRANSACTIONS'
20230411 073856 INFO com.j256.ormlite.table.TableUtils ignoring drop error 'java.sql.SQLSyntaxErrorException: user lacks privilege or object not found: TRANSACTIONS in statement [DROP TABLE "TRANSACTIONS" ]' for statement: DROP TABLE "TRANSACTIONS" 
20230411 073856 INFO com.j256.ormlite.table.TableUtils creating table 'TRANSACTIONS'
20230411 073856 INFO com.j256.ormlite.table.TableUtils executed create table statement changed 0 rows: CREATE TABLE "TRANSACTIONS" ("hash" VARCHAR(64) , "from" VARCHAR(40) NOT NULL , "to" VARCHAR(40) NOT NULL , "amount" numeric(27,18) , "when" TIMESTAMP NOT NULL , "coin" VARCHAR(12) , PRIMARY KEY ("hash") ) 
20230411 073856 FINE com.j256.ormlite.stmt.mapped.BaseMappedStatement insert data with statement 'INSERT INTO "TRANSACTIONS" ("hash" ,"from" ,"to" ,"amount" ,"when" ,"coin" ) VALUES (?,?,?,?,?,?)' and 6 args, changed 1 rows
20230411 073856 FINEST com.j256.ormlite.stmt.mapped.BaseMappedStatement insert arguments: [hash000000001-49, 1234567890123456789012345678901234567866, 2112345678901234567890123456789012345678, 42.42, 2022-11-02 11:00:00.0, STORJ]
20230411 073856 FINE com.j256.ormlite.stmt.mapped.BaseMappedStatement insert data with statement 'INSERT INTO "TRANSACTIONS" ("hash" ,"from" ,"to" ,"amount" ,"when" ,"coin" ) VALUES (?,?,?,?,?,?)' and 6 args, changed 1 rows
20230411 073856 FINEST com.j256.ormlite.stmt.mapped.BaseMappedStatement insert arguments: [hash000000002-10, 1234567890123456789012345678901234567897, 1234567890123456789012345678901234567890, 72.72, 2022-11-17 11:00:00.0, GLM]
20230411 073856 FINE com.j256.ormlite.stmt.mapped.BaseMappedStatement insert data with statement 'INSERT INTO "TRANSACTIONS" ("hash" ,"from" ,"to" ,"amount" ,"when" ,"coin" ) VALUES (?,?,?,?,?,?)' and 6 args, changed 1 rows
20230411 073856 FINEST com.j256.ormlite.stmt.mapped.BaseMappedStatement insert arguments: [hash000000003-02, 1234567890123456789012345678901234567875, 2612345678901234567890123456789012345678, 25.25, 2022-11-02 11:00:00.0, ETH]
20230411 073856 FINE com.j256.ormlite.stmt.mapped.BaseMappedStatement insert data with statement 'INSERT INTO "TRANSACTIONS" ("hash" ,"from" ,"to" ,"amount" ,"when" ,"coin" ) VALUES (?,?,?,?,?,?)' and 6 args, changed 1 rows
20230411 073856 FINEST com.j256.ormlite.stmt.mapped.BaseMappedStatement insert arguments: [hash000000004-09, 1234567890123456789012345678901234567870, 1234567890123456789012345678901234567890, 88.88, 2022-11-12 11:00:00.0, STORJ]
20230411 073856 FINE com.j256.ormlite.stmt.mapped.BaseMappedStatement insert data with statement 'INSERT INTO "TRANSACTIONS" ("hash" ,"from" ,"to" ,"amount" ,"when" ,"coin" ) VALUES (?,?,?,?,?,?)' and 6 args, changed 1 rows
20230411 073856 FINEST com.j256.ormlite.stmt.mapped.BaseMappedStatement insert arguments: [hash000000005-43, 1234567890123456789012345678901234567871, 3812345678901234567890123456789012345678, 78.78, 2022-11-06 11:00:00.0, GLM]
20230411 073856 FINE com.j256.ormlite.stmt.mapped.BaseMappedStatement insert data with statement 'INSERT INTO "TRANSACTIONS" ("hash" ,"from" ,"to" ,"amount" ,"when" ,"coin" ) VALUES (?,?,?,?,?,?)' and 6 args, changed 1 rows
20230411 073856 FINEST com.j256.ormlite.stmt.mapped.BaseMappedStatement insert arguments: [hash000000006-61, 1234567890123456789012345678901234567874, 1234567890123456789012345678901234567890, 66.66, 2022-11-11 11:00:00.0, ETH]
20230411 073856 FINE com.j256.ormlite.stmt.mapped.BaseMappedStatement insert data with statement 'INSERT INTO "TRANSACTIONS" ("hash" ,"from" ,"to" ,"amount" ,"when" ,"coin" ) VALUES (?,?,?,?,?,?)' and 6 args, changed 1 rows
20230411 073856 FINEST com.j256.ormlite.stmt.mapped.BaseMappedStatement insert arguments: [hash000000007-60, 1234567890123456789012345678901234567816, 4812345678901234567890123456789012345678, 25.25, 2022-11-04 11:00:00.0, STORJ]
20230411 073856 FINE com.j256.ormlite.stmt.mapped.BaseMappedStatement insert data with statement 'INSERT INTO "TRANSACTIONS" ("hash" ,"from" ,"to" ,"amount" ,"when" ,"coin" ) VALUES (?,?,?,?,?,?)' and 6 args, changed 1 rows
20230411 073856 FINEST com.j256.ormlite.stmt.mapped.BaseMappedStatement insert arguments: [hash000000008-78, 1234567890123456789012345678901234567880, 1234567890123456789012345678901234567890, 95.95, 2022-11-12 11:00:00.0, GLM]
20230411 073856 FINE com.j256.ormlite.stmt.mapped.BaseMappedStatement insert data with statement 'INSERT INTO "TRANSACTIONS" ("hash" ,"from" ,"to" ,"amount" ,"when" ,"coin" ) VALUES (?,?,?,?,?,?)' and 6 args, changed 1 rows
20230411 073856 FINEST com.j256.ormlite.stmt.mapped.BaseMappedStatement insert arguments: [hash000000009-30, 1234567890123456789012345678901234567879, 8012345678901234567890123456789012345678, 94.94, 2022-11-17 11:00:00.0, ETH]
20230411 073856 FINE com.j256.ormlite.stmt.mapped.BaseMappedStatement insert data with statement 'INSERT INTO "TRANSACTIONS" ("hash" ,"from" ,"to" ,"amount" ,"when" ,"coin" ) VALUES (?,?,?,?,?,?)' and 6 args, changed 1 rows
20230411 073856 FINEST com.j256.ormlite.stmt.mapped.BaseMappedStatement insert arguments: [hash000000010-52, 1234567890123456789012345678901234567835, 1234567890123456789012345678901234567890, 59.59, 2022-11-17 11:00:00.0, STORJ]
20230411 073856 FINE com.j256.ormlite.stmt.mapped.BaseMappedStatement insert data with statement 'INSERT INTO "TRANSACTIONS" ("hash" ,"from" ,"to" ,"amount" ,"when" ,"coin" ) VALUES (?,?,?,?,?,?)' and 6 args, changed 1 rows
20230411 073856 FINEST com.j256.ormlite.stmt.mapped.BaseMappedStatement insert arguments: [hash000000011-41, 1234567890123456789012345678901234567862, 3612345678901234567890123456789012345678, 19.19, 2022-11-18 11:00:00.0, GLM]
20230411 073856 FINE com.j256.ormlite.stmt.mapped.BaseMappedStatement insert data with statement 'INSERT INTO "TRANSACTIONS" ("hash" ,"from" ,"to" ,"amount" ,"when" ,"coin" ) VALUES (?,?,?,?,?,?)' and 6 args, changed 1 rows
20230411 073856 FINEST com.j256.ormlite.stmt.mapped.BaseMappedStatement insert arguments: [hash000000012-28, 1234567890123456789012345678901234567817, 1234567890123456789012345678901234567890, 91.91, 2022-11-17 11:00:00.0, ETH]
20230411 073856 FINE com.j256.ormlite.stmt.mapped.BaseMappedStatement insert data with statement 'INSERT INTO "TRANSACTIONS" ("hash" ,"from" ,"to" ,"amount" ,"when" ,"coin" ) VALUES (?,?,?,?,?,?)' and 6 args, changed 1 rows
20230411 073856 FINEST com.j256.ormlite.stmt.mapped.BaseMappedStatement insert arguments: [hash000000013-52, 1234567890123456789012345678901234567832, 7012345678901234567890123456789012345678, 77.77, 2022-11-08 11:00:00.0, STORJ]
20230411 073856 FINE com.j256.ormlite.stmt.mapped.BaseMappedStatement insert data with statement 'INSERT INTO "TRANSACTIONS" ("hash" ,"from" ,"to" ,"amount" ,"when" ,"coin" ) VALUES (?,?,?,?,?,?)' and 6 args, changed 1 rows
20230411 073856 FINEST com.j256.ormlite.stmt.mapped.BaseMappedStatement insert arguments: [hash000000014-65, 1234567890123456789012345678901234567858, 1234567890123456789012345678901234567890, 8.08, 2022-11-04 11:00:00.0, GLM]
20230411 073856 FINE com.j256.ormlite.stmt.mapped.BaseMappedStatement insert data with statement 'INSERT INTO "TRANSACTIONS" ("hash" ,"from" ,"to" ,"amount" ,"when" ,"coin" ) VALUES (?,?,?,?,?,?)' and 6 args, changed 1 rows
20230411 073856 FINEST com.j256.ormlite.stmt.mapped.BaseMappedStatement insert arguments: [hash000000015-09, 1234567890123456789012345678901234567862, 5212345678901234567890123456789012345678, 84.84, 2022-11-02 11:00:00.0, ETH]
20230411 073856 FINE com.j256.ormlite.stmt.mapped.BaseMappedStatement insert data with statement 'INSERT INTO "TRANSACTIONS" ("hash" ,"from" ,"to" ,"amount" ,"when" ,"coin" ) VALUES (?,?,?,?,?,?)' and 6 args, changed 1 rows
20230411 073856 FINEST com.j256.ormlite.stmt.mapped.BaseMappedStatement insert arguments: [hash000000016-64, 1234567890123456789012345678901234567872, 1234567890123456789012345678901234567890, 9.09, 2022-11-12 11:00:00.0, STORJ]
20230411 073856 FINE com.j256.ormlite.stmt.mapped.BaseMappedStatement insert data with statement 'INSERT INTO "TRANSACTIONS" ("hash" ,"from" ,"to" ,"amount" ,"when" ,"coin" ) VALUES (?,?,?,?,?,?)' and 6 args, changed 1 rows
20230411 073856 FINEST com.j256.ormlite.stmt.mapped.BaseMappedStatement insert arguments: [hash000000017-68, 1234567890123456789012345678901234567811, 3612345678901234567890123456789012345678, 10.10, 2022-11-08 11:00:00.0, GLM]
20230411 073856 FINE com.j256.ormlite.stmt.mapped.BaseMappedStatement insert data with statement 'INSERT INTO "TRANSACTIONS" ("hash" ,"from" ,"to" ,"amount" ,"when" ,"coin" ) VALUES (?,?,?,?,?,?)' and 6 args, changed 1 rows
20230411 073856 FINEST com.j256.ormlite.stmt.mapped.BaseMappedStatement insert arguments: [hash000000018-05, 1234567890123456789012345678901234567803, 1234567890123456789012345678901234567890, 38.38, 2022-11-06 11:00:00.0, ETH]
20230411 073856 FINE com.j256.ormlite.stmt.mapped.BaseMappedStatement insert data with statement 'INSERT INTO "TRANSACTIONS" ("hash" ,"from" ,"to" ,"amount" ,"when" ,"coin" ) VALUES (?,?,?,?,?,?)' and 6 args, changed 1 rows
20230411 073856 FINEST com.j256.ormlite.stmt.mapped.BaseMappedStatement insert arguments: [hash000000019-73, 1234567890123456789012345678901234567822, 7812345678901234567890123456789012345678, 18.18, 2022-11-02 11:00:00.0, STORJ]
20230411 073856 FINE com.j256.ormlite.stmt.mapped.BaseMappedStatement insert data with statement 'INSERT INTO "TRANSACTIONS" ("hash" ,"from" ,"to" ,"amount" ,"when" ,"coin" ) VALUES (?,?,?,?,?,?)' and 6 args, changed 1 rows
20230411 073856 FINEST com.j256.ormlite.stmt.mapped.BaseMappedStatement insert arguments: [hash000000020-67, 1234567890123456789012345678901234567821, 1234567890123456789012345678901234567890, 96.96, 2022-11-11 11:00:00.0, GLM]
20230411 073856 FINE com.j256.ormlite.stmt.mapped.BaseMappedStatement insert data with statement 'INSERT INTO "TRANSACTIONS" ("hash" ,"from" ,"to" ,"amount" ,"when" ,"coin" ) VALUES (?,?,?,?,?,?)' and 6 args, changed 1 rows
20230411 073856 FINEST com.j256.ormlite.stmt.mapped.BaseMappedStatement insert arguments: [hash000000021-63, 1234567890123456789012345678901234567854, 8712345678901234567890123456789012345678, 13.13, 2022-11-04 11:00:00.0, ETH]
20230411 073856 FINE com.j256.ormlite.stmt.mapped.BaseMappedStatement insert data with statement 'INSERT INTO "TRANSACTIONS" ("hash" ,"from" ,"to" ,"amount" ,"when" ,"coin" ) VALUES (?,?,?,?,?,?)' and 6 args, changed 1 rows
20230411 073856 FINEST com.j256.ormlite.stmt.mapped.BaseMappedStatement insert arguments: [hash000000022-14, 1234567890123456789012345678901234567864, 1234567890123456789012345678901234567890, 18.18, 2022-11-20 11:00:00.0, STORJ]
20230411 073856 FINE com.j256.ormlite.stmt.mapped.BaseMappedStatement insert data with statement 'INSERT INTO "TRANSACTIONS" ("hash" ,"from" ,"to" ,"amount" ,"when" ,"coin" ) VALUES (?,?,?,?,?,?)' and 6 args, changed 1 rows
20230411 073856 FINEST com.j256.ormlite.stmt.mapped.BaseMappedStatement insert arguments: [hash000000023-38, 1234567890123456789012345678901234567890, 5112345678901234567890123456789012345678, 83.83, 2022-11-01 11:00:00.0, GLM]
20230411 073856 FINE com.j256.ormlite.stmt.mapped.BaseMappedStatement insert data with statement 'INSERT INTO "TRANSACTIONS" ("hash" ,"from" ,"to" ,"amount" ,"when" ,"coin" ) VALUES (?,?,?,?,?,?)' and 6 args, changed 1 rows
20230411 073856 FINEST com.j256.ormlite.stmt.mapped.BaseMappedStatement insert arguments: [hash000000024-29, 1234567890123456789012345678901234567890, 1234567890123456789012345678901234567890, 60.60, 2022-11-07 11:00:00.0, ETH]
20230411 073856 FINE com.j256.ormlite.stmt.mapped.BaseMappedStatement insert data with statement 'INSERT INTO "TRANSACTIONS" ("hash" ,"from" ,"to" ,"amount" ,"when" ,"coin" ) VALUES (?,?,?,?,?,?)' and 6 args, changed 1 rows
20230411 073856 FINEST com.j256.ormlite.stmt.mapped.BaseMappedStatement insert arguments: [hash000000025-69, 1234567890123456789012345678901234567884, 9112345678901234567890123456789012345678, 88.88, 2022-11-11 11:00:00.0, STORJ]
20230411 073856 FINE com.j256.ormlite.stmt.mapped.BaseMappedStatement insert data with statement 'INSERT INTO "TRANSACTIONS" ("hash" ,"from" ,"to" ,"amount" ,"when" ,"coin" ) VALUES (?,?,?,?,?,?)' and 6 args, changed 1 rows
20230411 073856 FINEST com.j256.ormlite.stmt.mapped.BaseMappedStatement insert arguments: [hash000000026-18, 1234567890123456789012345678901234567882, 1234567890123456789012345678901234567890, 80.80, 2022-11-03 11:00:00.0, GLM]
20230411 073856 FINE com.j256.ormlite.stmt.mapped.BaseMappedStatement insert data with statement 'INSERT INTO "TRANSACTIONS" ("hash" ,"from" ,"to" ,"amount" ,"when" ,"coin" ) VALUES (?,?,?,?,?,?)' and 6 args, changed 1 rows
20230411 073856 FINEST com.j256.ormlite.stmt.mapped.BaseMappedStatement insert arguments: [hash000000027-55, 1234567890123456789012345678901234567878, 7712345678901234567890123456789012345678, 58.58, 2022-11-03 11:00:00.0, ETH]
20230411 073856 FINE com.j256.ormlite.stmt.mapped.BaseMappedStatement insert data with statement 'INSERT INTO "TRANSACTIONS" ("hash" ,"from" ,"to" ,"amount" ,"when" ,"coin" ) VALUES (?,?,?,?,?,?)' and 6 args, changed 1 rows
20230411 073856 FINEST com.j256.ormlite.stmt.mapped.BaseMappedStatement insert arguments: [hash000000028-09, 1234567890123456789012345678901234567865, 1234567890123456789012345678901234567890, 85.85, 2022-11-03 11:00:00.0, STORJ]
20230411 073856 FINE com.j256.ormlite.stmt.mapped.BaseMappedStatement insert data with statement 'INSERT INTO "TRANSACTIONS" ("hash" ,"from" ,"to" ,"amount" ,"when" ,"coin" ) VALUES (?,?,?,?,?,?)' and 6 args, changed 1 rows
20230411 073856 FINEST com.j256.ormlite.stmt.mapped.BaseMappedStatement insert arguments: [hash000000029-25, 1234567890123456789012345678901234567880, 1712345678901234567890123456789012345678, 73.73, 2022-11-15 11:00:00.0, GLM]
20230411 073856 FINE com.j256.ormlite.stmt.mapped.BaseMappedStatement insert data with statement 'INSERT INTO "TRANSACTIONS" ("hash" ,"from" ,"to" ,"amount" ,"when" ,"coin" ) VALUES (?,?,?,?,?,?)' and 6 args, changed 1 rows
20230411 073856 FINEST com.j256.ormlite.stmt.mapped.BaseMappedStatement insert arguments: [hash000000030-28, 1234567890123456789012345678901234567892, 1234567890123456789012345678901234567890, 40.40, 2022-11-15 11:00:00.0, ETH]
20230411 073856 FINE com.j256.ormlite.stmt.mapped.BaseMappedStatement insert data with statement 'INSERT INTO "TRANSACTIONS" ("hash" ,"from" ,"to" ,"amount" ,"when" ,"coin" ) VALUES (?,?,?,?,?,?)' and 6 args, changed 1 rows
20230411 073856 FINEST com.j256.ormlite.stmt.mapped.BaseMappedStatement insert arguments: [hash000000031-37, 1234567890123456789012345678901234567834, 0712345678901234567890123456789012345678, 61.61, 2022-11-10 11:00:00.0, STORJ]
20230411 073856 FINE com.j256.ormlite.stmt.mapped.BaseMappedStatement insert data with statement 'INSERT INTO "TRANSACTIONS" ("hash" ,"from" ,"to" ,"amount" ,"when" ,"coin" ) VALUES (?,?,?,?,?,?)' and 6 args, changed 1 rows
20230411 073856 FINEST com.j256.ormlite.stmt.mapped.BaseMappedStatement insert arguments: [hash000000032-61, 1234567890123456789012345678901234567877, 1234567890123456789012345678901234567890, 62.62, 2022-11-03 11:00:00.0, GLM]
20230411 073856 FINE com.j256.ormlite.stmt.mapped.BaseMappedStatement insert data with statement 'INSERT INTO "TRANSACTIONS" ("hash" ,"from" ,"to" ,"amount" ,"when" ,"coin" ) VALUES (?,?,?,?,?,?)' and 6 args, changed 1 rows
20230411 073856 FINEST com.j256.ormlite.stmt.mapped.BaseMappedStatement insert arguments: [hash000000033-60, 1234567890123456789012345678901234567830, 0612345678901234567890123456789012345678, 72.72, 2022-11-15 11:00:00.0, ETH]
20230411 073856 FINE com.j256.ormlite.stmt.mapped.BaseMappedStatement insert data with statement 'INSERT INTO "TRANSACTIONS" ("hash" ,"from" ,"to" ,"amount" ,"when" ,"coin" ) VALUES (?,?,?,?,?,?)' and 6 args, changed 1 rows
20230411 073856 FINEST com.j256.ormlite.stmt.mapped.BaseMappedStatement insert arguments: [hash000000034-13, 1234567890123456789012345678901234567823, 1234567890123456789012345678901234567890, 69.69, 2022-11-03 11:00:00.0, STORJ]
20230411 073856 FINE com.j256.ormlite.stmt.mapped.BaseMappedStatement insert data with statement 'INSERT INTO "TRANSACTIONS" ("hash" ,"from" ,"to" ,"amount" ,"when" ,"coin" ) VALUES (?,?,?,?,?,?)' and 6 args, changed 1 rows
20230411 073856 FINEST com.j256.ormlite.stmt.mapped.BaseMappedStatement insert arguments: [hash000000035-62, 1234567890123456789012345678901234567891, 9912345678901234567890123456789012345678, 82.82, 2022-11-08 11:00:00.0, GLM]
20230411 073856 FINE com.j256.ormlite.stmt.mapped.BaseMappedStatement insert data with statement 'INSERT INTO "TRANSACTIONS" ("hash" ,"from" ,"to" ,"amount" ,"when" ,"coin" ) VALUES (?,?,?,?,?,?)' and 6 args, changed 1 rows
20230411 073856 FINEST com.j256.ormlite.stmt.mapped.BaseMappedStatement insert arguments: [hash000000036-08, 1234567890123456789012345678901234567874, 1234567890123456789012345678901234567890, 4.04, 2022-11-19 11:00:00.0, ETH]
20230411 073856 FINE com.j256.ormlite.stmt.mapped.BaseMappedStatement insert data with statement 'INSERT INTO "TRANSACTIONS" ("hash" ,"from" ,"to" ,"amount" ,"when" ,"coin" ) VALUES (?,?,?,?,?,?)' and 6 args, changed 1 rows
20230411 073856 FINEST com.j256.ormlite.stmt.mapped.BaseMappedStatement insert arguments: [hash000000037-43, 1234567890123456789012345678901234567869, 1512345678901234567890123456789012345678, 42.42, 2022-11-19 11:00:00.0, STORJ]
20230411 073856 FINE com.j256.ormlite.stmt.mapped.BaseMappedStatement insert data with statement 'INSERT INTO "TRANSACTIONS" ("hash" ,"from" ,"to" ,"amount" ,"when" ,"coin" ) VALUES (?,?,?,?,?,?)' and 6 args, changed 1 rows
20230411 073856 FINEST com.j256.ormlite.stmt.mapped.BaseMappedStatement insert arguments: [hash000000038-27, 1234567890123456789012345678901234567871, 1234567890123456789012345678901234567890, 50.50, 2022-11-15 11:00:00.0, GLM]
20230411 073856 FINE com.j256.ormlite.stmt.mapped.BaseMappedStatement insert data with statement 'INSERT INTO "TRANSACTIONS" ("hash" ,"from" ,"to" ,"amount" ,"when" ,"coin" ) VALUES (?,?,?,?,?,?)' and 6 args, changed 1 rows
20230411 073856 FINEST com.j256.ormlite.stmt.mapped.BaseMappedStatement insert arguments: [hash000000039-77, 1234567890123456789012345678901234567873, 8112345678901234567890123456789012345678, 3.03, 2022-11-06 11:00:00.0, ETH]
20230411 073856 FINE com.j256.ormlite.stmt.mapped.BaseMappedStatement insert data with statement 'INSERT INTO "TRANSACTIONS" ("hash" ,"from" ,"to" ,"amount" ,"when" ,"coin" ) VALUES (?,?,?,?,?,?)' and 6 args, changed 1 rows
20230411 073856 FINEST com.j256.ormlite.stmt.mapped.BaseMappedStatement insert arguments: [hash000000040-72, 1234567890123456789012345678901234567815, 1234567890123456789012345678901234567890, 26.26, 2022-11-11 11:00:00.0, STORJ]
20230411 073856 FINE com.j256.ormlite.stmt.mapped.BaseMappedStatement insert data with statement 'INSERT INTO "TRANSACTIONS" ("hash" ,"from" ,"to" ,"amount" ,"when" ,"coin" ) VALUES (?,?,?,?,?,?)' and 6 args, changed 1 rows
20230411 073856 FINEST com.j256.ormlite.stmt.mapped.BaseMappedStatement insert arguments: [hash000000041-40, 1234567890123456789012345678901234567817, 8012345678901234567890123456789012345678, 81.81, 2022-11-11 11:00:00.0, GLM]
20230411 073856 FINE com.j256.ormlite.stmt.mapped.BaseMappedStatement insert data with statement 'INSERT INTO "TRANSACTIONS" ("hash" ,"from" ,"to" ,"amount" ,"when" ,"coin" ) VALUES (?,?,?,?,?,?)' and 6 args, changed 1 rows
20230411 073856 FINEST com.j256.ormlite.stmt.mapped.BaseMappedStatement insert arguments: [hash000000042-60, 1234567890123456789012345678901234567831, 1234567890123456789012345678901234567890, 59.59, 2022-11-03 11:00:00.0, ETH]
20230411 073856 FINE com.j256.ormlite.stmt.mapped.BaseMappedStatement insert data with statement 'INSERT INTO "TRANSACTIONS" ("hash" ,"from" ,"to" ,"amount" ,"when" ,"coin" ) VALUES (?,?,?,?,?,?)' and 6 args, changed 1 rows
20230411 073856 FINEST com.j256.ormlite.stmt.mapped.BaseMappedStatement insert arguments: [hash000000043-18, 1234567890123456789012345678901234567863, 3212345678901234567890123456789012345678, 87.87, 2022-11-05 11:00:00.0, STORJ]
20230411 073856 FINE com.j256.ormlite.stmt.mapped.BaseMappedStatement insert data with statement 'INSERT INTO "TRANSACTIONS" ("hash" ,"from" ,"to" ,"amount" ,"when" ,"coin" ) VALUES (?,?,?,?,?,?)' and 6 args, changed 1 rows
20230411 073856 FINEST com.j256.ormlite.stmt.mapped.BaseMappedStatement insert arguments: [hash000000044-79, 1234567890123456789012345678901234567895, 1234567890123456789012345678901234567890, 58.58, 2022-11-18 11:00:00.0, GLM]
20230411 073856 FINE com.j256.ormlite.stmt.mapped.BaseMappedStatement insert data with statement 'INSERT INTO "TRANSACTIONS" ("hash" ,"from" ,"to" ,"amount" ,"when" ,"coin" ) VALUES (?,?,?,?,?,?)' and 6 args, changed 1 rows
20230411 073856 FINEST com.j256.ormlite.stmt.mapped.BaseMappedStatement insert arguments: [hash000000045-69, 1234567890123456789012345678901234567836, 9612345678901234567890123456789012345678, 76.76, 2022-11-09 11:00:00.0, ETH]
20230411 073856 FINE com.j256.ormlite.stmt.mapped.BaseMappedStatement insert data with statement 'INSERT INTO "TRANSACTIONS" ("hash" ,"from" ,"to" ,"amount" ,"when" ,"coin" ) VALUES (?,?,?,?,?,?)' and 6 args, changed 1 rows
20230411 073856 FINEST com.j256.ormlite.stmt.mapped.BaseMappedStatement insert arguments: [hash000000046-12, 1234567890123456789012345678901234567894, 1234567890123456789012345678901234567890, 90.90, 2022-11-19 11:00:00.0, STORJ]
20230411 073856 FINE com.j256.ormlite.stmt.mapped.BaseMappedStatement insert data with statement 'INSERT INTO "TRANSACTIONS" ("hash" ,"from" ,"to" ,"amount" ,"when" ,"coin" ) VALUES (?,?,?,?,?,?)' and 6 args, changed 1 rows
20230411 073856 FINEST com.j256.ormlite.stmt.mapped.BaseMappedStatement insert arguments: [hash000000047-34, 1234567890123456789012345678901234567861, 6412345678901234567890123456789012345678, 72.72, 2022-11-13 11:00:00.0, GLM]
20230411 073856 FINE com.j256.ormlite.stmt.mapped.BaseMappedStatement insert data with statement 'INSERT INTO "TRANSACTIONS" ("hash" ,"from" ,"to" ,"amount" ,"when" ,"coin" ) VALUES (?,?,?,?,?,?)' and 6 args, changed 1 rows
20230411 073856 FINEST com.j256.ormlite.stmt.mapped.BaseMappedStatement insert arguments: [hash000000048-45, 1234567890123456789012345678901234567844, 1234567890123456789012345678901234567890, 3.03, 2022-11-03 11:00:00.0, ETH]
20230411 073856 FINE com.j256.ormlite.stmt.mapped.BaseMappedStatement insert data with statement 'INSERT INTO "TRANSACTIONS" ("hash" ,"from" ,"to" ,"amount" ,"when" ,"coin" ) VALUES (?,?,?,?,?,?)' and 6 args, changed 1 rows
20230411 073856 FINEST com.j256.ormlite.stmt.mapped.BaseMappedStatement insert arguments: [hash000000049-06, 1234567890123456789012345678901234567872, 7212345678901234567890123456789012345678, 50.50, 2022-11-08 11:00:00.0, STORJ]
20230411 073856 FINE com.j256.ormlite.stmt.mapped.BaseMappedStatement insert data with statement 'INSERT INTO "TRANSACTIONS" ("hash" ,"from" ,"to" ,"amount" ,"when" ,"coin" ) VALUES (?,?,?,?,?,?)' and 6 args, changed 1 rows
20230411 073856 FINEST com.j256.ormlite.stmt.mapped.BaseMappedStatement insert arguments: [hash000000050-23, 1234567890123456789012345678901234567878, 1234567890123456789012345678901234567890, 73.73, 2022-11-11 11:00:00.0, GLM]
20230411 073856 FINE com.j256.ormlite.stmt.mapped.BaseMappedStatement insert data with statement 'INSERT INTO "TRANSACTIONS" ("hash" ,"from" ,"to" ,"amount" ,"when" ,"coin" ) VALUES (?,?,?,?,?,?)' and 6 args, changed 1 rows
20230411 073856 FINEST com.j256.ormlite.stmt.mapped.BaseMappedStatement insert arguments: [hash000000051-68, 1234567890123456789012345678901234567820, 7812345678901234567890123456789012345678, 28.28, 2022-11-08 11:00:00.0, ETH]
20230411 073856 FINE com.j256.ormlite.stmt.mapped.BaseMappedStatement insert data with statement 'INSERT INTO "TRANSACTIONS" ("hash" ,"from" ,"to" ,"amount" ,"when" ,"coin" ) VALUES (?,?,?,?,?,?)' and 6 args, changed 1 rows
20230411 073856 FINEST com.j256.ormlite.stmt.mapped.BaseMappedStatement insert arguments: [hash000000052-00, 1234567890123456789012345678901234567888, 1234567890123456789012345678901234567890, 56.56, 2022-11-04 11:00:00.0, STORJ]
20230411 073856 FINE com.j256.ormlite.stmt.mapped.BaseMappedStatement insert data with statement 'INSERT INTO "TRANSACTIONS" ("hash" ,"from" ,"to" ,"amount" ,"when" ,"coin" ) VALUES (?,?,?,?,?,?)' and 6 args, changed 1 rows
20230411 073856 FINEST com.j256.ormlite.stmt.mapped.BaseMappedStatement insert arguments: [hash000000053-59, 1234567890123456789012345678901234567843, 4212345678901234567890123456789012345678, 50.50, 2022-11-15 11:00:00.0, GLM]
20230411 073856 FINE com.j256.ormlite.stmt.mapped.BaseMappedStatement insert data with statement 'INSERT INTO "TRANSACTIONS" ("hash" ,"from" ,"to" ,"amount" ,"when" ,"coin" ) VALUES (?,?,?,?,?,?)' and 6 args, changed 1 rows
20230411 073856 FINEST com.j256.ormlite.stmt.mapped.BaseMappedStatement insert arguments: [hash000000054-48, 1234567890123456789012345678901234567816, 1234567890123456789012345678901234567890, 37.37, 2022-11-14 11:00:00.0, ETH]
20230411 073856 FINE com.j256.ormlite.stmt.mapped.BaseMappedStatement insert data with statement 'INSERT INTO "TRANSACTIONS" ("hash" ,"from" ,"to" ,"amount" ,"when" ,"coin" ) VALUES (?,?,?,?,?,?)' and 6 args, changed 1 rows
20230411 073856 FINEST com.j256.ormlite.stmt.mapped.BaseMappedStatement insert arguments: [hash000000055-32, 1234567890123456789012345678901234567844, 7212345678901234567890123456789012345678, 81.81, 2022-11-10 11:00:00.0, STORJ]
20230411 073856 FINE com.j256.ormlite.stmt.mapped.BaseMappedStatement insert data with statement 'INSERT INTO "TRANSACTIONS" ("hash" ,"from" ,"to" ,"amount" ,"when" ,"coin" ) VALUES (?,?,?,?,?,?)' and 6 args, changed 1 rows
20230411 073856 FINEST com.j256.ormlite.stmt.mapped.BaseMappedStatement insert arguments: [hash000000056-44, 1234567890123456789012345678901234567813, 1234567890123456789012345678901234567890, 48.48, 2022-11-13 11:00:00.0, GLM]
20230411 073856 FINE com.j256.ormlite.stmt.mapped.BaseMappedStatement insert data with statement 'INSERT INTO "TRANSACTIONS" ("hash" ,"from" ,"to" ,"amount" ,"when" ,"coin" ) VALUES (?,?,?,?,?,?)' and 6 args, changed 1 rows
20230411 073856 FINEST com.j256.ormlite.stmt.mapped.BaseMappedStatement insert arguments: [hash000000057-54, 1234567890123456789012345678901234567865, 1012345678901234567890123456789012345678, 16.16, 2022-11-04 11:00:00.0, ETH]
20230411 073856 FINE com.j256.ormlite.stmt.mapped.BaseMappedStatement insert data with statement 'INSERT INTO "TRANSACTIONS" ("hash" ,"from" ,"to" ,"amount" ,"when" ,"coin" ) VALUES (?,?,?,?,?,?)' and 6 args, changed 1 rows
20230411 073856 FINEST com.j256.ormlite.stmt.mapped.BaseMappedStatement insert arguments: [hash000000058-42, 1234567890123456789012345678901234567849, 1234567890123456789012345678901234567890, 70.70, 2022-11-19 11:00:00.0, STORJ]
20230411 073856 FINE com.j256.ormlite.stmt.mapped.BaseMappedStatement insert data with statement 'INSERT INTO "TRANSACTIONS" ("hash" ,"from" ,"to" ,"amount" ,"when" ,"coin" ) VALUES (?,?,?,?,?,?)' and 6 args, changed 1 rows
20230411 073856 FINEST com.j256.ormlite.stmt.mapped.BaseMappedStatement insert arguments: [hash000000059-12, 1234567890123456789012345678901234567873, 6012345678901234567890123456789012345678, 16.16, 2022-11-03 11:00:00.0, GLM]
20230411 073856 FINE com.j256.ormlite.stmt.mapped.BaseMappedStatement insert data with statement 'INSERT INTO "TRANSACTIONS" ("hash" ,"from" ,"to" ,"amount" ,"when" ,"coin" ) VALUES (?,?,?,?,?,?)' and 6 args, changed 1 rows
20230411 073856 FINEST com.j256.ormlite.stmt.mapped.BaseMappedStatement insert arguments: [hash000000060-04, 1234567890123456789012345678901234567862, 1234567890123456789012345678901234567890, 38.38, 2022-11-11 11:00:00.0, ETH]
20230411 073856 FINE com.j256.ormlite.stmt.mapped.BaseMappedStatement insert data with statement 'INSERT INTO "TRANSACTIONS" ("hash" ,"from" ,"to" ,"amount" ,"when" ,"coin" ) VALUES (?,?,?,?,?,?)' and 6 args, changed 1 rows
20230411 073856 FINEST com.j256.ormlite.stmt.mapped.BaseMappedStatement insert arguments: [hash000000061-75, 1234567890123456789012345678901234567847, 4012345678901234567890123456789012345678, 72.72, 2022-11-09 11:00:00.0, STORJ]
20230411 073856 FINE com.j256.ormlite.stmt.mapped.BaseMappedStatement insert data with statement 'INSERT INTO "TRANSACTIONS" ("hash" ,"from" ,"to" ,"amount" ,"when" ,"coin" ) VALUES (?,?,?,?,?,?)' and 6 args, changed 1 rows
20230411 073856 FINEST com.j256.ormlite.stmt.mapped.BaseMappedStatement insert arguments: [hash000000062-72, 1234567890123456789012345678901234567877, 1234567890123456789012345678901234567890, 91.91, 2022-11-18 11:00:00.0, GLM]
20230411 073856 FINE com.j256.ormlite.stmt.mapped.BaseMappedStatement insert data with statement 'INSERT INTO "TRANSACTIONS" ("hash" ,"from" ,"to" ,"amount" ,"when" ,"coin" ) VALUES (?,?,?,?,?,?)' and 6 args, changed 1 rows
20230411 073856 FINEST com.j256.ormlite.stmt.mapped.BaseMappedStatement insert arguments: [hash000000063-21, 1234567890123456789012345678901234567863, 1612345678901234567890123456789012345678, 45.45, 2022-11-01 11:00:00.0, ETH]
]]></system-err>
  </testcase>
  <testcase name="nothing_when_delete_button_is_pressed_and_onDelete_is_null" classname="ste.w3.easywallet.ui.WalletCardControllerTest" time="0.785">
    <error message="Need to specify class name in environment or system property, or in an application resource file: java.naming.factory.initial" type="javax.naming.NoInitialContextException"><![CDATA[javax.naming.NoInitialContextException: Need to specify class name in environment or system property, or in an application resource file: java.naming.factory.initial
	at java.naming/javax.naming.spi.NamingManager.getInitialContext(NamingManager.java:704)
	at java.naming/javax.naming.InitialContext.getDefaultInitCtx(InitialContext.java:305)
	at java.naming/javax.naming.InitialContext.getURLOrDefaultInitCtx(InitialContext.java:342)
	at java.naming/javax.naming.InitialContext.createSubcontext(InitialContext.java:481)
	at ste.w3.easywallet.ui.WalletCardControllerTest.before(WalletCardControllerTest.java:66)
	at java.base/jdk.internal.reflect.DirectMethodHandleAccessor.invoke(DirectMethodHandleAccessor.java:104)
	at java.base/java.lang.reflect.Method.invoke(Method.java:578)
	at org.junit.runners.model.FrameworkMethod$1.runReflectiveCall(FrameworkMethod.java:59)
	at org.junit.internal.runners.model.ReflectiveCallable.run(ReflectiveCallable.java:12)
	at org.junit.runners.model.FrameworkMethod.invokeExplosively(FrameworkMethod.java:56)
	at org.junit.internal.runners.statements.RunBefores.invokeMethod(RunBefores.java:33)
	at org.junit.internal.runners.statements.RunBefores.evaluate(RunBefores.java:24)
	at org.junit.internal.runners.statements.RunAfters.evaluate(RunAfters.java:27)
	at org.junit.runners.ParentRunner$3.evaluate(ParentRunner.java:306)
	at org.junit.runners.BlockJUnit4ClassRunner$1.evaluate(BlockJUnit4ClassRunner.java:100)
	at org.junit.runners.ParentRunner.runLeaf(ParentRunner.java:366)
	at org.junit.runners.BlockJUnit4ClassRunner.runChild(BlockJUnit4ClassRunner.java:103)
	at org.junit.runners.BlockJUnit4ClassRunner.runChild(BlockJUnit4ClassRunner.java:63)
	at org.junit.runners.ParentRunner$4.run(ParentRunner.java:331)
	at org.apache.maven.surefire.junitcore.pc.Scheduler$1.run(Scheduler.java:398)
	at org.apache.maven.surefire.junitcore.pc.InvokerStrategy.schedule(InvokerStrategy.java:54)
	at org.apache.maven.surefire.junitcore.pc.Scheduler.schedule(Scheduler.java:355)
	at org.junit.runners.ParentRunner.runChildren(ParentRunner.java:329)
	at org.junit.runners.ParentRunner.access$100(ParentRunner.java:66)
	at org.junit.runners.ParentRunner$2.evaluate(ParentRunner.java:293)
	at org.junit.runners.ParentRunner$3.evaluate(ParentRunner.java:306)
	at org.junit.runners.ParentRunner.run(ParentRunner.java:413)
	at org.junit.runners.Suite.runChild(Suite.java:128)
	at org.junit.runners.Suite.runChild(Suite.java:27)
	at org.junit.runners.ParentRunner$4.run(ParentRunner.java:331)
	at org.apache.maven.surefire.junitcore.pc.Scheduler$1.run(Scheduler.java:398)
	at java.base/java.util.concurrent.Executors$RunnableAdapter.call(Executors.java:577)
	at java.base/java.util.concurrent.FutureTask.run(FutureTask.java:317)
	at java.base/java.util.concurrent.ThreadPoolExecutor.runWorker(ThreadPoolExecutor.java:1144)
	at java.base/java.util.concurrent.ThreadPoolExecutor$Worker.run(ThreadPoolExecutor.java:642)
	at java.base/java.lang.Thread.run(Thread.java:1589)
]]></error>
    <system-err><![CDATA[20230411 073856 INFO com.j256.ormlite.table.TableUtils dropping table 'TRANSACTIONS'
20230411 073857 INFO com.j256.ormlite.table.TableUtils ignoring drop error 'java.sql.SQLSyntaxErrorException: user lacks privilege or object not found: TRANSACTIONS in statement [DROP TABLE "TRANSACTIONS" ]' for statement: DROP TABLE "TRANSACTIONS" 
20230411 073857 INFO com.j256.ormlite.table.TableUtils creating table 'TRANSACTIONS'
20230411 073857 INFO com.j256.ormlite.table.TableUtils executed create table statement changed 0 rows: CREATE TABLE "TRANSACTIONS" ("hash" VARCHAR(64) , "from" VARCHAR(40) NOT NULL , "to" VARCHAR(40) NOT NULL , "amount" numeric(27,18) , "when" TIMESTAMP NOT NULL , "coin" VARCHAR(12) , PRIMARY KEY ("hash") ) 
20230411 073857 FINE com.j256.ormlite.stmt.mapped.BaseMappedStatement insert data with statement 'INSERT INTO "TRANSACTIONS" ("hash" ,"from" ,"to" ,"amount" ,"when" ,"coin" ) VALUES (?,?,?,?,?,?)' and 6 args, changed 1 rows
20230411 073857 FINEST com.j256.ormlite.stmt.mapped.BaseMappedStatement insert arguments: [hash000000001-13, 1234567890123456789012345678901234567892, 4412345678901234567890123456789012345678, 62.62, 2022-11-11 11:00:00.0, STORJ]
20230411 073857 FINE com.j256.ormlite.stmt.mapped.BaseMappedStatement insert data with statement 'INSERT INTO "TRANSACTIONS" ("hash" ,"from" ,"to" ,"amount" ,"when" ,"coin" ) VALUES (?,?,?,?,?,?)' and 6 args, changed 1 rows
20230411 073857 FINEST com.j256.ormlite.stmt.mapped.BaseMappedStatement insert arguments: [hash000000002-04, 1234567890123456789012345678901234567840, 1234567890123456789012345678901234567890, 92.92, 2022-11-06 11:00:00.0, GLM]
20230411 073857 FINE com.j256.ormlite.stmt.mapped.BaseMappedStatement insert data with statement 'INSERT INTO "TRANSACTIONS" ("hash" ,"from" ,"to" ,"amount" ,"when" ,"coin" ) VALUES (?,?,?,?,?,?)' and 6 args, changed 1 rows
20230411 073857 FINEST com.j256.ormlite.stmt.mapped.BaseMappedStatement insert arguments: [hash000000003-26, 1234567890123456789012345678901234567840, 6412345678901234567890123456789012345678, 66.66, 2022-11-08 11:00:00.0, ETH]
20230411 073857 FINE com.j256.ormlite.stmt.mapped.BaseMappedStatement insert data with statement 'INSERT INTO "TRANSACTIONS" ("hash" ,"from" ,"to" ,"amount" ,"when" ,"coin" ) VALUES (?,?,?,?,?,?)' and 6 args, changed 1 rows
20230411 073857 FINEST com.j256.ormlite.stmt.mapped.BaseMappedStatement insert arguments: [hash000000004-48, 1234567890123456789012345678901234567815, 1234567890123456789012345678901234567890, 42.42, 2022-11-14 11:00:00.0, STORJ]
20230411 073857 FINE com.j256.ormlite.stmt.mapped.BaseMappedStatement insert data with statement 'INSERT INTO "TRANSACTIONS" ("hash" ,"from" ,"to" ,"amount" ,"when" ,"coin" ) VALUES (?,?,?,?,?,?)' and 6 args, changed 1 rows
20230411 073857 FINEST com.j256.ormlite.stmt.mapped.BaseMappedStatement insert arguments: [hash000000005-48, 1234567890123456789012345678901234567874, 9912345678901234567890123456789012345678, 33.33, 2022-11-13 11:00:00.0, GLM]
20230411 073857 FINE com.j256.ormlite.stmt.mapped.BaseMappedStatement insert data with statement 'INSERT INTO "TRANSACTIONS" ("hash" ,"from" ,"to" ,"amount" ,"when" ,"coin" ) VALUES (?,?,?,?,?,?)' and 6 args, changed 1 rows
20230411 073857 FINEST com.j256.ormlite.stmt.mapped.BaseMappedStatement insert arguments: [hash000000006-38, 1234567890123456789012345678901234567858, 1234567890123456789012345678901234567890, 5.05, 2022-11-05 11:00:00.0, ETH]
20230411 073857 FINE com.j256.ormlite.stmt.mapped.BaseMappedStatement insert data with statement 'INSERT INTO "TRANSACTIONS" ("hash" ,"from" ,"to" ,"amount" ,"when" ,"coin" ) VALUES (?,?,?,?,?,?)' and 6 args, changed 1 rows
20230411 073857 FINEST com.j256.ormlite.stmt.mapped.BaseMappedStatement insert arguments: [hash000000007-51, 1234567890123456789012345678901234567836, 7412345678901234567890123456789012345678, 26.26, 2022-11-06 11:00:00.0, STORJ]
20230411 073857 FINE com.j256.ormlite.stmt.mapped.BaseMappedStatement insert data with statement 'INSERT INTO "TRANSACTIONS" ("hash" ,"from" ,"to" ,"amount" ,"when" ,"coin" ) VALUES (?,?,?,?,?,?)' and 6 args, changed 1 rows
20230411 073857 FINEST com.j256.ormlite.stmt.mapped.BaseMappedStatement insert arguments: [hash000000008-69, 1234567890123456789012345678901234567888, 1234567890123456789012345678901234567890, 96.96, 2022-11-05 11:00:00.0, GLM]
20230411 073857 FINE com.j256.ormlite.stmt.mapped.BaseMappedStatement insert data with statement 'INSERT INTO "TRANSACTIONS" ("hash" ,"from" ,"to" ,"amount" ,"when" ,"coin" ) VALUES (?,?,?,?,?,?)' and 6 args, changed 1 rows
20230411 073857 FINEST com.j256.ormlite.stmt.mapped.BaseMappedStatement insert arguments: [hash000000009-27, 1234567890123456789012345678901234567837, 8812345678901234567890123456789012345678, 66.66, 2022-11-12 11:00:00.0, ETH]
20230411 073857 FINE com.j256.ormlite.stmt.mapped.BaseMappedStatement insert data with statement 'INSERT INTO "TRANSACTIONS" ("hash" ,"from" ,"to" ,"amount" ,"when" ,"coin" ) VALUES (?,?,?,?,?,?)' and 6 args, changed 1 rows
20230411 073857 FINEST com.j256.ormlite.stmt.mapped.BaseMappedStatement insert arguments: [hash000000010-37, 1234567890123456789012345678901234567869, 1234567890123456789012345678901234567890, 42.42, 2022-11-01 11:00:00.0, STORJ]
20230411 073857 FINE com.j256.ormlite.stmt.mapped.BaseMappedStatement insert data with statement 'INSERT INTO "TRANSACTIONS" ("hash" ,"from" ,"to" ,"amount" ,"when" ,"coin" ) VALUES (?,?,?,?,?,?)' and 6 args, changed 1 rows
20230411 073857 FINEST com.j256.ormlite.stmt.mapped.BaseMappedStatement insert arguments: [hash000000011-77, 1234567890123456789012345678901234567840, 6512345678901234567890123456789012345678, 89.89, 2022-11-14 11:00:00.0, GLM]
20230411 073857 FINE com.j256.ormlite.stmt.mapped.BaseMappedStatement insert data with statement 'INSERT INTO "TRANSACTIONS" ("hash" ,"from" ,"to" ,"amount" ,"when" ,"coin" ) VALUES (?,?,?,?,?,?)' and 6 args, changed 1 rows
20230411 073857 FINEST com.j256.ormlite.stmt.mapped.BaseMappedStatement insert arguments: [hash000000012-15, 1234567890123456789012345678901234567821, 1234567890123456789012345678901234567890, 49.49, 2022-11-19 11:00:00.0, ETH]
20230411 073857 FINE com.j256.ormlite.stmt.mapped.BaseMappedStatement insert data with statement 'INSERT INTO "TRANSACTIONS" ("hash" ,"from" ,"to" ,"amount" ,"when" ,"coin" ) VALUES (?,?,?,?,?,?)' and 6 args, changed 1 rows
20230411 073857 FINEST com.j256.ormlite.stmt.mapped.BaseMappedStatement insert arguments: [hash000000013-54, 1234567890123456789012345678901234567834, 5112345678901234567890123456789012345678, 17.17, 2022-11-15 11:00:00.0, STORJ]
20230411 073857 FINE com.j256.ormlite.stmt.mapped.BaseMappedStatement insert data with statement 'INSERT INTO "TRANSACTIONS" ("hash" ,"from" ,"to" ,"amount" ,"when" ,"coin" ) VALUES (?,?,?,?,?,?)' and 6 args, changed 1 rows
20230411 073857 FINEST com.j256.ormlite.stmt.mapped.BaseMappedStatement insert arguments: [hash000000014-58, 1234567890123456789012345678901234567887, 1234567890123456789012345678901234567890, 90.90, 2022-11-05 11:00:00.0, GLM]
20230411 073857 FINE com.j256.ormlite.stmt.mapped.BaseMappedStatement insert data with statement 'INSERT INTO "TRANSACTIONS" ("hash" ,"from" ,"to" ,"amount" ,"when" ,"coin" ) VALUES (?,?,?,?,?,?)' and 6 args, changed 1 rows
20230411 073857 FINEST com.j256.ormlite.stmt.mapped.BaseMappedStatement insert arguments: [hash000000015-17, 1234567890123456789012345678901234567868, 9612345678901234567890123456789012345678, 95.95, 2022-11-19 11:00:00.0, ETH]
20230411 073857 FINE com.j256.ormlite.stmt.mapped.BaseMappedStatement insert data with statement 'INSERT INTO "TRANSACTIONS" ("hash" ,"from" ,"to" ,"amount" ,"when" ,"coin" ) VALUES (?,?,?,?,?,?)' and 6 args, changed 1 rows
20230411 073857 FINEST com.j256.ormlite.stmt.mapped.BaseMappedStatement insert arguments: [hash000000016-18, 1234567890123456789012345678901234567884, 1234567890123456789012345678901234567890, 43.43, 2022-11-09 11:00:00.0, STORJ]
20230411 073857 FINE com.j256.ormlite.stmt.mapped.BaseMappedStatement insert data with statement 'INSERT INTO "TRANSACTIONS" ("hash" ,"from" ,"to" ,"amount" ,"when" ,"coin" ) VALUES (?,?,?,?,?,?)' and 6 args, changed 1 rows
20230411 073857 FINEST com.j256.ormlite.stmt.mapped.BaseMappedStatement insert arguments: [hash000000017-01, 1234567890123456789012345678901234567835, 7212345678901234567890123456789012345678, 82.82, 2022-11-07 11:00:00.0, GLM]
20230411 073857 FINE com.j256.ormlite.stmt.mapped.BaseMappedStatement insert data with statement 'INSERT INTO "TRANSACTIONS" ("hash" ,"from" ,"to" ,"amount" ,"when" ,"coin" ) VALUES (?,?,?,?,?,?)' and 6 args, changed 1 rows
20230411 073857 FINEST com.j256.ormlite.stmt.mapped.BaseMappedStatement insert arguments: [hash000000018-57, 1234567890123456789012345678901234567866, 1234567890123456789012345678901234567890, 70.70, 2022-11-02 11:00:00.0, ETH]
20230411 073857 FINE com.j256.ormlite.stmt.mapped.BaseMappedStatement insert data with statement 'INSERT INTO "TRANSACTIONS" ("hash" ,"from" ,"to" ,"amount" ,"when" ,"coin" ) VALUES (?,?,?,?,?,?)' and 6 args, changed 1 rows
20230411 073857 FINEST com.j256.ormlite.stmt.mapped.BaseMappedStatement insert arguments: [hash000000019-05, 1234567890123456789012345678901234567865, 6012345678901234567890123456789012345678, 45.45, 2022-11-10 11:00:00.0, STORJ]
20230411 073857 FINE com.j256.ormlite.stmt.mapped.BaseMappedStatement insert data with statement 'INSERT INTO "TRANSACTIONS" ("hash" ,"from" ,"to" ,"amount" ,"when" ,"coin" ) VALUES (?,?,?,?,?,?)' and 6 args, changed 1 rows
20230411 073857 FINEST com.j256.ormlite.stmt.mapped.BaseMappedStatement insert arguments: [hash000000020-61, 1234567890123456789012345678901234567849, 1234567890123456789012345678901234567890, 69.69, 2022-11-13 11:00:00.0, GLM]
20230411 073857 FINE com.j256.ormlite.stmt.mapped.BaseMappedStatement insert data with statement 'INSERT INTO "TRANSACTIONS" ("hash" ,"from" ,"to" ,"amount" ,"when" ,"coin" ) VALUES (?,?,?,?,?,?)' and 6 args, changed 1 rows
20230411 073857 FINEST com.j256.ormlite.stmt.mapped.BaseMappedStatement insert arguments: [hash000000021-39, 1234567890123456789012345678901234567804, 5612345678901234567890123456789012345678, 77.77, 2022-11-09 11:00:00.0, ETH]
20230411 073857 FINE com.j256.ormlite.stmt.mapped.BaseMappedStatement insert data with statement 'INSERT INTO "TRANSACTIONS" ("hash" ,"from" ,"to" ,"amount" ,"when" ,"coin" ) VALUES (?,?,?,?,?,?)' and 6 args, changed 1 rows
20230411 073857 FINEST com.j256.ormlite.stmt.mapped.BaseMappedStatement insert arguments: [hash000000022-75, 1234567890123456789012345678901234567858, 1234567890123456789012345678901234567890, 1.01, 2022-11-08 11:00:00.0, STORJ]
20230411 073857 FINE com.j256.ormlite.stmt.mapped.BaseMappedStatement insert data with statement 'INSERT INTO "TRANSACTIONS" ("hash" ,"from" ,"to" ,"amount" ,"when" ,"coin" ) VALUES (?,?,?,?,?,?)' and 6 args, changed 1 rows
20230411 073857 FINEST com.j256.ormlite.stmt.mapped.BaseMappedStatement insert arguments: [hash000000023-59, 1234567890123456789012345678901234567842, 7812345678901234567890123456789012345678, 79.79, 2022-11-11 11:00:00.0, GLM]
20230411 073857 FINE com.j256.ormlite.stmt.mapped.BaseMappedStatement insert data with statement 'INSERT INTO "TRANSACTIONS" ("hash" ,"from" ,"to" ,"amount" ,"when" ,"coin" ) VALUES (?,?,?,?,?,?)' and 6 args, changed 1 rows
20230411 073857 FINEST com.j256.ormlite.stmt.mapped.BaseMappedStatement insert arguments: [hash000000024-55, 1234567890123456789012345678901234567872, 1234567890123456789012345678901234567890, 71.71, 2022-11-19 11:00:00.0, ETH]
20230411 073857 FINE com.j256.ormlite.stmt.mapped.BaseMappedStatement insert data with statement 'INSERT INTO "TRANSACTIONS" ("hash" ,"from" ,"to" ,"amount" ,"when" ,"coin" ) VALUES (?,?,?,?,?,?)' and 6 args, changed 1 rows
20230411 073857 FINEST com.j256.ormlite.stmt.mapped.BaseMappedStatement insert arguments: [hash000000025-58, 1234567890123456789012345678901234567853, 7012345678901234567890123456789012345678, 9.09, 2022-11-01 11:00:00.0, STORJ]
20230411 073857 FINE com.j256.ormlite.stmt.mapped.BaseMappedStatement insert data with statement 'INSERT INTO "TRANSACTIONS" ("hash" ,"from" ,"to" ,"amount" ,"when" ,"coin" ) VALUES (?,?,?,?,?,?)' and 6 args, changed 1 rows
20230411 073857 FINEST com.j256.ormlite.stmt.mapped.BaseMappedStatement insert arguments: [hash000000026-31, 1234567890123456789012345678901234567817, 1234567890123456789012345678901234567890, 22.22, 2022-11-12 11:00:00.0, GLM]
20230411 073857 FINE com.j256.ormlite.stmt.mapped.BaseMappedStatement insert data with statement 'INSERT INTO "TRANSACTIONS" ("hash" ,"from" ,"to" ,"amount" ,"when" ,"coin" ) VALUES (?,?,?,?,?,?)' and 6 args, changed 1 rows
20230411 073857 FINEST com.j256.ormlite.stmt.mapped.BaseMappedStatement insert arguments: [hash000000027-10, 1234567890123456789012345678901234567898, 1912345678901234567890123456789012345678, 26.26, 2022-11-12 11:00:00.0, ETH]
20230411 073857 FINE com.j256.ormlite.stmt.mapped.BaseMappedStatement insert data with statement 'INSERT INTO "TRANSACTIONS" ("hash" ,"from" ,"to" ,"amount" ,"when" ,"coin" ) VALUES (?,?,?,?,?,?)' and 6 args, changed 1 rows
20230411 073857 FINEST com.j256.ormlite.stmt.mapped.BaseMappedStatement insert arguments: [hash000000028-76, 1234567890123456789012345678901234567818, 1234567890123456789012345678901234567890, 38.38, 2022-11-11 11:00:00.0, STORJ]
20230411 073857 FINE com.j256.ormlite.stmt.mapped.BaseMappedStatement insert data with statement 'INSERT INTO "TRANSACTIONS" ("hash" ,"from" ,"to" ,"amount" ,"when" ,"coin" ) VALUES (?,?,?,?,?,?)' and 6 args, changed 1 rows
20230411 073857 FINEST com.j256.ormlite.stmt.mapped.BaseMappedStatement insert arguments: [hash000000029-38, 1234567890123456789012345678901234567843, 1912345678901234567890123456789012345678, 45.45, 2022-11-19 11:00:00.0, GLM]
20230411 073857 FINE com.j256.ormlite.stmt.mapped.BaseMappedStatement insert data with statement 'INSERT INTO "TRANSACTIONS" ("hash" ,"from" ,"to" ,"amount" ,"when" ,"coin" ) VALUES (?,?,?,?,?,?)' and 6 args, changed 1 rows
20230411 073857 FINEST com.j256.ormlite.stmt.mapped.BaseMappedStatement insert arguments: [hash000000030-02, 1234567890123456789012345678901234567832, 1234567890123456789012345678901234567890, 51.51, 2022-11-03 11:00:00.0, ETH]
20230411 073857 FINE com.j256.ormlite.stmt.mapped.BaseMappedStatement insert data with statement 'INSERT INTO "TRANSACTIONS" ("hash" ,"from" ,"to" ,"amount" ,"when" ,"coin" ) VALUES (?,?,?,?,?,?)' and 6 args, changed 1 rows
20230411 073857 FINEST com.j256.ormlite.stmt.mapped.BaseMappedStatement insert arguments: [hash000000031-00, 1234567890123456789012345678901234567827, 6312345678901234567890123456789012345678, 63.63, 2022-11-06 11:00:00.0, STORJ]
20230411 073857 FINE com.j256.ormlite.stmt.mapped.BaseMappedStatement insert data with statement 'INSERT INTO "TRANSACTIONS" ("hash" ,"from" ,"to" ,"amount" ,"when" ,"coin" ) VALUES (?,?,?,?,?,?)' and 6 args, changed 1 rows
20230411 073857 FINEST com.j256.ormlite.stmt.mapped.BaseMappedStatement insert arguments: [hash000000032-26, 1234567890123456789012345678901234567844, 1234567890123456789012345678901234567890, 5.05, 2022-11-16 11:00:00.0, GLM]
20230411 073857 FINE com.j256.ormlite.stmt.mapped.BaseMappedStatement insert data with statement 'INSERT INTO "TRANSACTIONS" ("hash" ,"from" ,"to" ,"amount" ,"when" ,"coin" ) VALUES (?,?,?,?,?,?)' and 6 args, changed 1 rows
20230411 073857 FINEST com.j256.ormlite.stmt.mapped.BaseMappedStatement insert arguments: [hash000000033-74, 1234567890123456789012345678901234567808, 0512345678901234567890123456789012345678, 13.13, 2022-11-18 11:00:00.0, ETH]
20230411 073857 FINE com.j256.ormlite.stmt.mapped.BaseMappedStatement insert data with statement 'INSERT INTO "TRANSACTIONS" ("hash" ,"from" ,"to" ,"amount" ,"when" ,"coin" ) VALUES (?,?,?,?,?,?)' and 6 args, changed 1 rows
20230411 073857 FINEST com.j256.ormlite.stmt.mapped.BaseMappedStatement insert arguments: [hash000000034-44, 1234567890123456789012345678901234567844, 1234567890123456789012345678901234567890, 57.57, 2022-11-16 11:00:00.0, STORJ]
20230411 073857 FINE com.j256.ormlite.stmt.mapped.BaseMappedStatement insert data with statement 'INSERT INTO "TRANSACTIONS" ("hash" ,"from" ,"to" ,"amount" ,"when" ,"coin" ) VALUES (?,?,?,?,?,?)' and 6 args, changed 1 rows
20230411 073857 FINEST com.j256.ormlite.stmt.mapped.BaseMappedStatement insert arguments: [hash000000035-61, 1234567890123456789012345678901234567856, 0612345678901234567890123456789012345678, 70.70, 2022-11-16 11:00:00.0, GLM]
20230411 073857 FINE com.j256.ormlite.stmt.mapped.BaseMappedStatement insert data with statement 'INSERT INTO "TRANSACTIONS" ("hash" ,"from" ,"to" ,"amount" ,"when" ,"coin" ) VALUES (?,?,?,?,?,?)' and 6 args, changed 1 rows
20230411 073857 FINEST com.j256.ormlite.stmt.mapped.BaseMappedStatement insert arguments: [hash000000036-39, 1234567890123456789012345678901234567800, 1234567890123456789012345678901234567890, 20.20, 2022-11-03 11:00:00.0, ETH]
20230411 073857 FINE com.j256.ormlite.stmt.mapped.BaseMappedStatement insert data with statement 'INSERT INTO "TRANSACTIONS" ("hash" ,"from" ,"to" ,"amount" ,"when" ,"coin" ) VALUES (?,?,?,?,?,?)' and 6 args, changed 1 rows
20230411 073857 FINEST com.j256.ormlite.stmt.mapped.BaseMappedStatement insert arguments: [hash000000037-57, 1234567890123456789012345678901234567878, 6612345678901234567890123456789012345678, 63.63, 2022-11-15 11:00:00.0, STORJ]
20230411 073857 FINE com.j256.ormlite.stmt.mapped.BaseMappedStatement insert data with statement 'INSERT INTO "TRANSACTIONS" ("hash" ,"from" ,"to" ,"amount" ,"when" ,"coin" ) VALUES (?,?,?,?,?,?)' and 6 args, changed 1 rows
20230411 073857 FINEST com.j256.ormlite.stmt.mapped.BaseMappedStatement insert arguments: [hash000000038-22, 1234567890123456789012345678901234567887, 1234567890123456789012345678901234567890, 17.17, 2022-11-11 11:00:00.0, GLM]
20230411 073857 FINE com.j256.ormlite.stmt.mapped.BaseMappedStatement insert data with statement 'INSERT INTO "TRANSACTIONS" ("hash" ,"from" ,"to" ,"amount" ,"when" ,"coin" ) VALUES (?,?,?,?,?,?)' and 6 args, changed 1 rows
20230411 073857 FINEST com.j256.ormlite.stmt.mapped.BaseMappedStatement insert arguments: [hash000000039-49, 1234567890123456789012345678901234567893, 6312345678901234567890123456789012345678, 37.37, 2022-11-01 11:00:00.0, ETH]
20230411 073857 FINE com.j256.ormlite.stmt.mapped.BaseMappedStatement insert data with statement 'INSERT INTO "TRANSACTIONS" ("hash" ,"from" ,"to" ,"amount" ,"when" ,"coin" ) VALUES (?,?,?,?,?,?)' and 6 args, changed 1 rows
20230411 073857 FINEST com.j256.ormlite.stmt.mapped.BaseMappedStatement insert arguments: [hash000000040-52, 1234567890123456789012345678901234567861, 1234567890123456789012345678901234567890, 3.03, 2022-11-11 11:00:00.0, STORJ]
20230411 073857 FINE com.j256.ormlite.stmt.mapped.BaseMappedStatement insert data with statement 'INSERT INTO "TRANSACTIONS" ("hash" ,"from" ,"to" ,"amount" ,"when" ,"coin" ) VALUES (?,?,?,?,?,?)' and 6 args, changed 1 rows
20230411 073857 FINEST com.j256.ormlite.stmt.mapped.BaseMappedStatement insert arguments: [hash000000041-59, 1234567890123456789012345678901234567825, 3312345678901234567890123456789012345678, 11.11, 2022-11-11 11:00:00.0, GLM]
20230411 073857 FINE com.j256.ormlite.stmt.mapped.BaseMappedStatement insert data with statement 'INSERT INTO "TRANSACTIONS" ("hash" ,"from" ,"to" ,"amount" ,"when" ,"coin" ) VALUES (?,?,?,?,?,?)' and 6 args, changed 1 rows
20230411 073857 FINEST com.j256.ormlite.stmt.mapped.BaseMappedStatement insert arguments: [hash000000042-02, 1234567890123456789012345678901234567811, 1234567890123456789012345678901234567890, 26.26, 2022-11-11 11:00:00.0, ETH]
20230411 073857 FINE com.j256.ormlite.stmt.mapped.BaseMappedStatement insert data with statement 'INSERT INTO "TRANSACTIONS" ("hash" ,"from" ,"to" ,"amount" ,"when" ,"coin" ) VALUES (?,?,?,?,?,?)' and 6 args, changed 1 rows
20230411 073857 FINEST com.j256.ormlite.stmt.mapped.BaseMappedStatement insert arguments: [hash000000043-13, 1234567890123456789012345678901234567860, 8512345678901234567890123456789012345678, 76.76, 2022-11-09 11:00:00.0, STORJ]
20230411 073857 FINE com.j256.ormlite.stmt.mapped.BaseMappedStatement insert data with statement 'INSERT INTO "TRANSACTIONS" ("hash" ,"from" ,"to" ,"amount" ,"when" ,"coin" ) VALUES (?,?,?,?,?,?)' and 6 args, changed 1 rows
20230411 073857 FINEST com.j256.ormlite.stmt.mapped.BaseMappedStatement insert arguments: [hash000000044-42, 1234567890123456789012345678901234567824, 1234567890123456789012345678901234567890, 29.29, 2022-11-18 11:00:00.0, GLM]
20230411 073857 FINE com.j256.ormlite.stmt.mapped.BaseMappedStatement insert data with statement 'INSERT INTO "TRANSACTIONS" ("hash" ,"from" ,"to" ,"amount" ,"when" ,"coin" ) VALUES (?,?,?,?,?,?)' and 6 args, changed 1 rows
20230411 073857 FINEST com.j256.ormlite.stmt.mapped.BaseMappedStatement insert arguments: [hash000000045-67, 1234567890123456789012345678901234567815, 9012345678901234567890123456789012345678, 25.25, 2022-11-07 11:00:00.0, ETH]
20230411 073857 FINE com.j256.ormlite.stmt.mapped.BaseMappedStatement insert data with statement 'INSERT INTO "TRANSACTIONS" ("hash" ,"from" ,"to" ,"amount" ,"when" ,"coin" ) VALUES (?,?,?,?,?,?)' and 6 args, changed 1 rows
20230411 073857 FINEST com.j256.ormlite.stmt.mapped.BaseMappedStatement insert arguments: [hash000000046-04, 1234567890123456789012345678901234567813, 1234567890123456789012345678901234567890, 69.69, 2022-11-12 11:00:00.0, STORJ]
20230411 073857 FINE com.j256.ormlite.stmt.mapped.BaseMappedStatement insert data with statement 'INSERT INTO "TRANSACTIONS" ("hash" ,"from" ,"to" ,"amount" ,"when" ,"coin" ) VALUES (?,?,?,?,?,?)' and 6 args, changed 1 rows
20230411 073857 FINEST com.j256.ormlite.stmt.mapped.BaseMappedStatement insert arguments: [hash000000047-47, 1234567890123456789012345678901234567862, 2812345678901234567890123456789012345678, 28.28, 2022-11-17 11:00:00.0, GLM]
20230411 073857 FINE com.j256.ormlite.stmt.mapped.BaseMappedStatement insert data with statement 'INSERT INTO "TRANSACTIONS" ("hash" ,"from" ,"to" ,"amount" ,"when" ,"coin" ) VALUES (?,?,?,?,?,?)' and 6 args, changed 1 rows
20230411 073857 FINEST com.j256.ormlite.stmt.mapped.BaseMappedStatement insert arguments: [hash000000048-15, 1234567890123456789012345678901234567844, 1234567890123456789012345678901234567890, 57.57, 2022-11-03 11:00:00.0, ETH]
20230411 073857 FINE com.j256.ormlite.stmt.mapped.BaseMappedStatement insert data with statement 'INSERT INTO "TRANSACTIONS" ("hash" ,"from" ,"to" ,"amount" ,"when" ,"coin" ) VALUES (?,?,?,?,?,?)' and 6 args, changed 1 rows
20230411 073857 FINEST com.j256.ormlite.stmt.mapped.BaseMappedStatement insert arguments: [hash000000049-20, 1234567890123456789012345678901234567888, 6312345678901234567890123456789012345678, 35.35, 2022-11-18 11:00:00.0, STORJ]
20230411 073857 FINE com.j256.ormlite.stmt.mapped.BaseMappedStatement insert data with statement 'INSERT INTO "TRANSACTIONS" ("hash" ,"from" ,"to" ,"amount" ,"when" ,"coin" ) VALUES (?,?,?,?,?,?)' and 6 args, changed 1 rows
20230411 073857 FINEST com.j256.ormlite.stmt.mapped.BaseMappedStatement insert arguments: [hash000000050-78, 1234567890123456789012345678901234567841, 1234567890123456789012345678901234567890, 59.59, 2022-11-15 11:00:00.0, GLM]
20230411 073857 FINE com.j256.ormlite.stmt.mapped.BaseMappedStatement insert data with statement 'INSERT INTO "TRANSACTIONS" ("hash" ,"from" ,"to" ,"amount" ,"when" ,"coin" ) VALUES (?,?,?,?,?,?)' and 6 args, changed 1 rows
20230411 073857 FINEST com.j256.ormlite.stmt.mapped.BaseMappedStatement insert arguments: [hash000000051-54, 1234567890123456789012345678901234567834, 0312345678901234567890123456789012345678, 24.24, 2022-11-03 11:00:00.0, ETH]
20230411 073857 FINE com.j256.ormlite.stmt.mapped.BaseMappedStatement insert data with statement 'INSERT INTO "TRANSACTIONS" ("hash" ,"from" ,"to" ,"amount" ,"when" ,"coin" ) VALUES (?,?,?,?,?,?)' and 6 args, changed 1 rows
20230411 073857 FINEST com.j256.ormlite.stmt.mapped.BaseMappedStatement insert arguments: [hash000000052-33, 1234567890123456789012345678901234567869, 1234567890123456789012345678901234567890, 95.95, 2022-11-11 11:00:00.0, STORJ]
20230411 073857 FINE com.j256.ormlite.stmt.mapped.BaseMappedStatement insert data with statement 'INSERT INTO "TRANSACTIONS" ("hash" ,"from" ,"to" ,"amount" ,"when" ,"coin" ) VALUES (?,?,?,?,?,?)' and 6 args, changed 1 rows
20230411 073857 FINEST com.j256.ormlite.stmt.mapped.BaseMappedStatement insert arguments: [hash000000053-62, 1234567890123456789012345678901234567869, 8112345678901234567890123456789012345678, 24.24, 2022-11-01 11:00:00.0, GLM]
20230411 073857 FINE com.j256.ormlite.stmt.mapped.BaseMappedStatement insert data with statement 'INSERT INTO "TRANSACTIONS" ("hash" ,"from" ,"to" ,"amount" ,"when" ,"coin" ) VALUES (?,?,?,?,?,?)' and 6 args, changed 1 rows
20230411 073857 FINEST com.j256.ormlite.stmt.mapped.BaseMappedStatement insert arguments: [hash000000054-44, 1234567890123456789012345678901234567833, 1234567890123456789012345678901234567890, 52.52, 2022-11-10 11:00:00.0, ETH]
20230411 073857 FINE com.j256.ormlite.stmt.mapped.BaseMappedStatement insert data with statement 'INSERT INTO "TRANSACTIONS" ("hash" ,"from" ,"to" ,"amount" ,"when" ,"coin" ) VALUES (?,?,?,?,?,?)' and 6 args, changed 1 rows
20230411 073857 FINEST com.j256.ormlite.stmt.mapped.BaseMappedStatement insert arguments: [hash000000055-61, 1234567890123456789012345678901234567811, 2112345678901234567890123456789012345678, 34.34, 2022-11-15 11:00:00.0, STORJ]
20230411 073857 FINE com.j256.ormlite.stmt.mapped.BaseMappedStatement insert data with statement 'INSERT INTO "TRANSACTIONS" ("hash" ,"from" ,"to" ,"amount" ,"when" ,"coin" ) VALUES (?,?,?,?,?,?)' and 6 args, changed 1 rows
20230411 073857 FINEST com.j256.ormlite.stmt.mapped.BaseMappedStatement insert arguments: [hash000000056-28, 1234567890123456789012345678901234567801, 1234567890123456789012345678901234567890, 81.81, 2022-11-19 11:00:00.0, GLM]
20230411 073857 FINE com.j256.ormlite.stmt.mapped.BaseMappedStatement insert data with statement 'INSERT INTO "TRANSACTIONS" ("hash" ,"from" ,"to" ,"amount" ,"when" ,"coin" ) VALUES (?,?,?,?,?,?)' and 6 args, changed 1 rows
20230411 073857 FINEST com.j256.ormlite.stmt.mapped.BaseMappedStatement insert arguments: [hash000000057-38, 1234567890123456789012345678901234567883, 3212345678901234567890123456789012345678, 29.29, 2022-11-16 11:00:00.0, ETH]
20230411 073857 FINE com.j256.ormlite.stmt.mapped.BaseMappedStatement insert data with statement 'INSERT INTO "TRANSACTIONS" ("hash" ,"from" ,"to" ,"amount" ,"when" ,"coin" ) VALUES (?,?,?,?,?,?)' and 6 args, changed 1 rows
20230411 073857 FINEST com.j256.ormlite.stmt.mapped.BaseMappedStatement insert arguments: [hash000000058-28, 1234567890123456789012345678901234567880, 1234567890123456789012345678901234567890, 11.11, 2022-11-14 11:00:00.0, STORJ]
20230411 073857 FINE com.j256.ormlite.stmt.mapped.BaseMappedStatement insert data with statement 'INSERT INTO "TRANSACTIONS" ("hash" ,"from" ,"to" ,"amount" ,"when" ,"coin" ) VALUES (?,?,?,?,?,?)' and 6 args, changed 1 rows
20230411 073857 FINEST com.j256.ormlite.stmt.mapped.BaseMappedStatement insert arguments: [hash000000059-36, 1234567890123456789012345678901234567843, 7712345678901234567890123456789012345678, 4.04, 2022-11-10 11:00:00.0, GLM]
20230411 073857 FINE com.j256.ormlite.stmt.mapped.BaseMappedStatement insert data with statement 'INSERT INTO "TRANSACTIONS" ("hash" ,"from" ,"to" ,"amount" ,"when" ,"coin" ) VALUES (?,?,?,?,?,?)' and 6 args, changed 1 rows
20230411 073857 FINEST com.j256.ormlite.stmt.mapped.BaseMappedStatement insert arguments: [hash000000060-73, 1234567890123456789012345678901234567805, 1234567890123456789012345678901234567890, 61.61, 2022-11-07 11:00:00.0, ETH]
20230411 073857 FINE com.j256.ormlite.stmt.mapped.BaseMappedStatement insert data with statement 'INSERT INTO "TRANSACTIONS" ("hash" ,"from" ,"to" ,"amount" ,"when" ,"coin" ) VALUES (?,?,?,?,?,?)' and 6 args, changed 1 rows
20230411 073857 FINEST com.j256.ormlite.stmt.mapped.BaseMappedStatement insert arguments: [hash000000061-71, 1234567890123456789012345678901234567818, 4512345678901234567890123456789012345678, 50.50, 2022-11-15 11:00:00.0, STORJ]
20230411 073857 FINE com.j256.ormlite.stmt.mapped.BaseMappedStatement insert data with statement 'INSERT INTO "TRANSACTIONS" ("hash" ,"from" ,"to" ,"amount" ,"when" ,"coin" ) VALUES (?,?,?,?,?,?)' and 6 args, changed 1 rows
20230411 073857 FINEST com.j256.ormlite.stmt.mapped.BaseMappedStatement insert arguments: [hash000000062-73, 1234567890123456789012345678901234567827, 1234567890123456789012345678901234567890, 30.30, 2022-11-14 11:00:00.0, GLM]
20230411 073857 FINE com.j256.ormlite.stmt.mapped.BaseMappedStatement insert data with statement 'INSERT INTO "TRANSACTIONS" ("hash" ,"from" ,"to" ,"amount" ,"when" ,"coin" ) VALUES (?,?,?,?,?,?)' and 6 args, changed 1 rows
20230411 073857 FINEST com.j256.ormlite.stmt.mapped.BaseMappedStatement insert arguments: [hash000000063-69, 1234567890123456789012345678901234567809, 1712345678901234567890123456789012345678, 97.97, 2022-11-09 11:00:00.0, ETH]
]]></system-err>
  </testcase>
  <testcase name="show_coins_balance" classname="ste.w3.easywallet.ui.WalletCardControllerTest" time="0.682">
    <error message="Need to specify class name in environment or system property, or in an application resource file: java.naming.factory.initial" type="javax.naming.NoInitialContextException"><![CDATA[javax.naming.NoInitialContextException: Need to specify class name in environment or system property, or in an application resource file: java.naming.factory.initial
	at java.naming/javax.naming.spi.NamingManager.getInitialContext(NamingManager.java:704)
	at java.naming/javax.naming.InitialContext.getDefaultInitCtx(InitialContext.java:305)
	at java.naming/javax.naming.InitialContext.getURLOrDefaultInitCtx(InitialContext.java:342)
	at java.naming/javax.naming.InitialContext.createSubcontext(InitialContext.java:481)
	at ste.w3.easywallet.ui.WalletCardControllerTest.before(WalletCardControllerTest.java:66)
	at java.base/jdk.internal.reflect.DirectMethodHandleAccessor.invoke(DirectMethodHandleAccessor.java:104)
	at java.base/java.lang.reflect.Method.invoke(Method.java:578)
	at org.junit.runners.model.FrameworkMethod$1.runReflectiveCall(FrameworkMethod.java:59)
	at org.junit.internal.runners.model.ReflectiveCallable.run(ReflectiveCallable.java:12)
	at org.junit.runners.model.FrameworkMethod.invokeExplosively(FrameworkMethod.java:56)
	at org.junit.internal.runners.statements.RunBefores.invokeMethod(RunBefores.java:33)
	at org.junit.internal.runners.statements.RunBefores.evaluate(RunBefores.java:24)
	at org.junit.internal.runners.statements.RunAfters.evaluate(RunAfters.java:27)
	at org.junit.runners.ParentRunner$3.evaluate(ParentRunner.java:306)
	at org.junit.runners.BlockJUnit4ClassRunner$1.evaluate(BlockJUnit4ClassRunner.java:100)
	at org.junit.runners.ParentRunner.runLeaf(ParentRunner.java:366)
	at org.junit.runners.BlockJUnit4ClassRunner.runChild(BlockJUnit4ClassRunner.java:103)
	at org.junit.runners.BlockJUnit4ClassRunner.runChild(BlockJUnit4ClassRunner.java:63)
	at org.junit.runners.ParentRunner$4.run(ParentRunner.java:331)
	at org.apache.maven.surefire.junitcore.pc.Scheduler$1.run(Scheduler.java:398)
	at org.apache.maven.surefire.junitcore.pc.InvokerStrategy.schedule(InvokerStrategy.java:54)
	at org.apache.maven.surefire.junitcore.pc.Scheduler.schedule(Scheduler.java:355)
	at org.junit.runners.ParentRunner.runChildren(ParentRunner.java:329)
	at org.junit.runners.ParentRunner.access$100(ParentRunner.java:66)
	at org.junit.runners.ParentRunner$2.evaluate(ParentRunner.java:293)
	at org.junit.runners.ParentRunner$3.evaluate(ParentRunner.java:306)
	at org.junit.runners.ParentRunner.run(ParentRunner.java:413)
	at org.junit.runners.Suite.runChild(Suite.java:128)
	at org.junit.runners.Suite.runChild(Suite.java:27)
	at org.junit.runners.ParentRunner$4.run(ParentRunner.java:331)
	at org.apache.maven.surefire.junitcore.pc.Scheduler$1.run(Scheduler.java:398)
	at java.base/java.util.concurrent.Executors$RunnableAdapter.call(Executors.java:577)
	at java.base/java.util.concurrent.FutureTask.run(FutureTask.java:317)
	at java.base/java.util.concurrent.ThreadPoolExecutor.runWorker(ThreadPoolExecutor.java:1144)
	at java.base/java.util.concurrent.ThreadPoolExecutor$Worker.run(ThreadPoolExecutor.java:642)
	at java.base/java.lang.Thread.run(Thread.java:1589)
]]></error>
    <system-err><![CDATA[20230411 073857 INFO com.j256.ormlite.table.TableUtils dropping table 'TRANSACTIONS'
20230411 073857 INFO com.j256.ormlite.table.TableUtils ignoring drop error 'java.sql.SQLSyntaxErrorException: user lacks privilege or object not found: TRANSACTIONS in statement [DROP TABLE "TRANSACTIONS" ]' for statement: DROP TABLE "TRANSACTIONS" 
20230411 073857 INFO com.j256.ormlite.table.TableUtils creating table 'TRANSACTIONS'
20230411 073857 INFO com.j256.ormlite.table.TableUtils executed create table statement changed 0 rows: CREATE TABLE "TRANSACTIONS" ("hash" VARCHAR(64) , "from" VARCHAR(40) NOT NULL , "to" VARCHAR(40) NOT NULL , "amount" numeric(27,18) , "when" TIMESTAMP NOT NULL , "coin" VARCHAR(12) , PRIMARY KEY ("hash") ) 
20230411 073857 FINE com.j256.ormlite.stmt.mapped.BaseMappedStatement insert data with statement 'INSERT INTO "TRANSACTIONS" ("hash" ,"from" ,"to" ,"amount" ,"when" ,"coin" ) VALUES (?,?,?,?,?,?)' and 6 args, changed 1 rows
20230411 073857 FINEST com.j256.ormlite.stmt.mapped.BaseMappedStatement insert arguments: [hash000000001-67, 1234567890123456789012345678901234567875, 0712345678901234567890123456789012345678, 64.64, 2022-11-12 11:00:00.0, STORJ]
20230411 073857 FINE com.j256.ormlite.stmt.mapped.BaseMappedStatement insert data with statement 'INSERT INTO "TRANSACTIONS" ("hash" ,"from" ,"to" ,"amount" ,"when" ,"coin" ) VALUES (?,?,?,?,?,?)' and 6 args, changed 1 rows
20230411 073857 FINEST com.j256.ormlite.stmt.mapped.BaseMappedStatement insert arguments: [hash000000002-00, 1234567890123456789012345678901234567878, 1234567890123456789012345678901234567890, 78.78, 2022-11-06 11:00:00.0, GLM]
20230411 073857 FINE com.j256.ormlite.stmt.mapped.BaseMappedStatement insert data with statement 'INSERT INTO "TRANSACTIONS" ("hash" ,"from" ,"to" ,"amount" ,"when" ,"coin" ) VALUES (?,?,?,?,?,?)' and 6 args, changed 1 rows
20230411 073857 FINEST com.j256.ormlite.stmt.mapped.BaseMappedStatement insert arguments: [hash000000003-48, 1234567890123456789012345678901234567870, 5812345678901234567890123456789012345678, 8.08, 2022-11-19 11:00:00.0, ETH]
20230411 073857 FINE com.j256.ormlite.stmt.mapped.BaseMappedStatement insert data with statement 'INSERT INTO "TRANSACTIONS" ("hash" ,"from" ,"to" ,"amount" ,"when" ,"coin" ) VALUES (?,?,?,?,?,?)' and 6 args, changed 1 rows
20230411 073857 FINEST com.j256.ormlite.stmt.mapped.BaseMappedStatement insert arguments: [hash000000004-10, 1234567890123456789012345678901234567849, 1234567890123456789012345678901234567890, 3.03, 2022-11-20 11:00:00.0, STORJ]
20230411 073857 FINE com.j256.ormlite.stmt.mapped.BaseMappedStatement insert data with statement 'INSERT INTO "TRANSACTIONS" ("hash" ,"from" ,"to" ,"amount" ,"when" ,"coin" ) VALUES (?,?,?,?,?,?)' and 6 args, changed 1 rows
20230411 073857 FINEST com.j256.ormlite.stmt.mapped.BaseMappedStatement insert arguments: [hash000000005-21, 1234567890123456789012345678901234567872, 6112345678901234567890123456789012345678, 4.04, 2022-11-02 11:00:00.0, GLM]
20230411 073857 FINE com.j256.ormlite.stmt.mapped.BaseMappedStatement insert data with statement 'INSERT INTO "TRANSACTIONS" ("hash" ,"from" ,"to" ,"amount" ,"when" ,"coin" ) VALUES (?,?,?,?,?,?)' and 6 args, changed 1 rows
20230411 073857 FINEST com.j256.ormlite.stmt.mapped.BaseMappedStatement insert arguments: [hash000000006-74, 1234567890123456789012345678901234567848, 1234567890123456789012345678901234567890, 2.02, 2022-11-02 11:00:00.0, ETH]
20230411 073857 FINE com.j256.ormlite.stmt.mapped.BaseMappedStatement insert data with statement 'INSERT INTO "TRANSACTIONS" ("hash" ,"from" ,"to" ,"amount" ,"when" ,"coin" ) VALUES (?,?,?,?,?,?)' and 6 args, changed 1 rows
20230411 073857 FINEST com.j256.ormlite.stmt.mapped.BaseMappedStatement insert arguments: [hash000000007-20, 1234567890123456789012345678901234567808, 7912345678901234567890123456789012345678, 49.49, 2022-11-09 11:00:00.0, STORJ]
20230411 073857 FINE com.j256.ormlite.stmt.mapped.BaseMappedStatement insert data with statement 'INSERT INTO "TRANSACTIONS" ("hash" ,"from" ,"to" ,"amount" ,"when" ,"coin" ) VALUES (?,?,?,?,?,?)' and 6 args, changed 1 rows
20230411 073857 FINEST com.j256.ormlite.stmt.mapped.BaseMappedStatement insert arguments: [hash000000008-63, 1234567890123456789012345678901234567837, 1234567890123456789012345678901234567890, 27.27, 2022-11-04 11:00:00.0, GLM]
20230411 073857 FINE com.j256.ormlite.stmt.mapped.BaseMappedStatement insert data with statement 'INSERT INTO "TRANSACTIONS" ("hash" ,"from" ,"to" ,"amount" ,"when" ,"coin" ) VALUES (?,?,?,?,?,?)' and 6 args, changed 1 rows
20230411 073857 FINEST com.j256.ormlite.stmt.mapped.BaseMappedStatement insert arguments: [hash000000009-30, 1234567890123456789012345678901234567806, 7512345678901234567890123456789012345678, 95.95, 2022-11-08 11:00:00.0, ETH]
20230411 073857 FINE com.j256.ormlite.stmt.mapped.BaseMappedStatement insert data with statement 'INSERT INTO "TRANSACTIONS" ("hash" ,"from" ,"to" ,"amount" ,"when" ,"coin" ) VALUES (?,?,?,?,?,?)' and 6 args, changed 1 rows
20230411 073857 FINEST com.j256.ormlite.stmt.mapped.BaseMappedStatement insert arguments: [hash000000010-49, 1234567890123456789012345678901234567816, 1234567890123456789012345678901234567890, 78.78, 2022-11-19 11:00:00.0, STORJ]
20230411 073857 FINE com.j256.ormlite.stmt.mapped.BaseMappedStatement insert data with statement 'INSERT INTO "TRANSACTIONS" ("hash" ,"from" ,"to" ,"amount" ,"when" ,"coin" ) VALUES (?,?,?,?,?,?)' and 6 args, changed 1 rows
20230411 073857 FINEST com.j256.ormlite.stmt.mapped.BaseMappedStatement insert arguments: [hash000000011-12, 1234567890123456789012345678901234567888, 9412345678901234567890123456789012345678, 43.43, 2022-11-09 11:00:00.0, GLM]
20230411 073857 FINE com.j256.ormlite.stmt.mapped.BaseMappedStatement insert data with statement 'INSERT INTO "TRANSACTIONS" ("hash" ,"from" ,"to" ,"amount" ,"when" ,"coin" ) VALUES (?,?,?,?,?,?)' and 6 args, changed 1 rows
20230411 073857 FINEST com.j256.ormlite.stmt.mapped.BaseMappedStatement insert arguments: [hash000000012-72, 1234567890123456789012345678901234567871, 1234567890123456789012345678901234567890, 51.51, 2022-11-13 11:00:00.0, ETH]
20230411 073857 FINE com.j256.ormlite.stmt.mapped.BaseMappedStatement insert data with statement 'INSERT INTO "TRANSACTIONS" ("hash" ,"from" ,"to" ,"amount" ,"when" ,"coin" ) VALUES (?,?,?,?,?,?)' and 6 args, changed 1 rows
20230411 073857 FINEST com.j256.ormlite.stmt.mapped.BaseMappedStatement insert arguments: [hash000000013-53, 1234567890123456789012345678901234567886, 7712345678901234567890123456789012345678, 74.74, 2022-11-08 11:00:00.0, STORJ]
20230411 073857 FINE com.j256.ormlite.stmt.mapped.BaseMappedStatement insert data with statement 'INSERT INTO "TRANSACTIONS" ("hash" ,"from" ,"to" ,"amount" ,"when" ,"coin" ) VALUES (?,?,?,?,?,?)' and 6 args, changed 1 rows
20230411 073857 FINEST com.j256.ormlite.stmt.mapped.BaseMappedStatement insert arguments: [hash000000014-22, 1234567890123456789012345678901234567812, 1234567890123456789012345678901234567890, 51.51, 2022-11-13 11:00:00.0, GLM]
20230411 073857 FINE com.j256.ormlite.stmt.mapped.BaseMappedStatement insert data with statement 'INSERT INTO "TRANSACTIONS" ("hash" ,"from" ,"to" ,"amount" ,"when" ,"coin" ) VALUES (?,?,?,?,?,?)' and 6 args, changed 1 rows
20230411 073857 FINEST com.j256.ormlite.stmt.mapped.BaseMappedStatement insert arguments: [hash000000015-63, 1234567890123456789012345678901234567832, 5312345678901234567890123456789012345678, 12.12, 2022-11-10 11:00:00.0, ETH]
20230411 073857 FINE com.j256.ormlite.stmt.mapped.BaseMappedStatement insert data with statement 'INSERT INTO "TRANSACTIONS" ("hash" ,"from" ,"to" ,"amount" ,"when" ,"coin" ) VALUES (?,?,?,?,?,?)' and 6 args, changed 1 rows
20230411 073857 FINEST com.j256.ormlite.stmt.mapped.BaseMappedStatement insert arguments: [hash000000016-10, 1234567890123456789012345678901234567807, 1234567890123456789012345678901234567890, 68.68, 2022-11-12 11:00:00.0, STORJ]
20230411 073857 FINE com.j256.ormlite.stmt.mapped.BaseMappedStatement insert data with statement 'INSERT INTO "TRANSACTIONS" ("hash" ,"from" ,"to" ,"amount" ,"when" ,"coin" ) VALUES (?,?,?,?,?,?)' and 6 args, changed 1 rows
20230411 073857 FINEST com.j256.ormlite.stmt.mapped.BaseMappedStatement insert arguments: [hash000000017-68, 1234567890123456789012345678901234567883, 1112345678901234567890123456789012345678, 96.96, 2022-11-03 11:00:00.0, GLM]
20230411 073857 FINE com.j256.ormlite.stmt.mapped.BaseMappedStatement insert data with statement 'INSERT INTO "TRANSACTIONS" ("hash" ,"from" ,"to" ,"amount" ,"when" ,"coin" ) VALUES (?,?,?,?,?,?)' and 6 args, changed 1 rows
20230411 073857 FINEST com.j256.ormlite.stmt.mapped.BaseMappedStatement insert arguments: [hash000000018-36, 1234567890123456789012345678901234567881, 1234567890123456789012345678901234567890, 91.91, 2022-11-17 11:00:00.0, ETH]
20230411 073857 FINE com.j256.ormlite.stmt.mapped.BaseMappedStatement insert data with statement 'INSERT INTO "TRANSACTIONS" ("hash" ,"from" ,"to" ,"amount" ,"when" ,"coin" ) VALUES (?,?,?,?,?,?)' and 6 args, changed 1 rows
20230411 073857 FINEST com.j256.ormlite.stmt.mapped.BaseMappedStatement insert arguments: [hash000000019-49, 1234567890123456789012345678901234567857, 5912345678901234567890123456789012345678, 53.53, 2022-11-10 11:00:00.0, STORJ]
20230411 073857 FINE com.j256.ormlite.stmt.mapped.BaseMappedStatement insert data with statement 'INSERT INTO "TRANSACTIONS" ("hash" ,"from" ,"to" ,"amount" ,"when" ,"coin" ) VALUES (?,?,?,?,?,?)' and 6 args, changed 1 rows
20230411 073857 FINEST com.j256.ormlite.stmt.mapped.BaseMappedStatement insert arguments: [hash000000020-02, 1234567890123456789012345678901234567887, 1234567890123456789012345678901234567890, 8.08, 2022-11-18 11:00:00.0, GLM]
20230411 073857 FINE com.j256.ormlite.stmt.mapped.BaseMappedStatement insert data with statement 'INSERT INTO "TRANSACTIONS" ("hash" ,"from" ,"to" ,"amount" ,"when" ,"coin" ) VALUES (?,?,?,?,?,?)' and 6 args, changed 1 rows
20230411 073857 FINEST com.j256.ormlite.stmt.mapped.BaseMappedStatement insert arguments: [hash000000021-42, 1234567890123456789012345678901234567867, 1012345678901234567890123456789012345678, 67.67, 2022-11-01 11:00:00.0, ETH]
20230411 073857 FINE com.j256.ormlite.stmt.mapped.BaseMappedStatement insert data with statement 'INSERT INTO "TRANSACTIONS" ("hash" ,"from" ,"to" ,"amount" ,"when" ,"coin" ) VALUES (?,?,?,?,?,?)' and 6 args, changed 1 rows
20230411 073857 FINEST com.j256.ormlite.stmt.mapped.BaseMappedStatement insert arguments: [hash000000022-34, 1234567890123456789012345678901234567866, 1234567890123456789012345678901234567890, 95.95, 2022-11-15 11:00:00.0, STORJ]
20230411 073857 FINE com.j256.ormlite.stmt.mapped.BaseMappedStatement insert data with statement 'INSERT INTO "TRANSACTIONS" ("hash" ,"from" ,"to" ,"amount" ,"when" ,"coin" ) VALUES (?,?,?,?,?,?)' and 6 args, changed 1 rows
20230411 073857 FINEST com.j256.ormlite.stmt.mapped.BaseMappedStatement insert arguments: [hash000000023-63, 1234567890123456789012345678901234567881, 2612345678901234567890123456789012345678, 92.92, 2022-11-03 11:00:00.0, GLM]
20230411 073857 FINE com.j256.ormlite.stmt.mapped.BaseMappedStatement insert data with statement 'INSERT INTO "TRANSACTIONS" ("hash" ,"from" ,"to" ,"amount" ,"when" ,"coin" ) VALUES (?,?,?,?,?,?)' and 6 args, changed 1 rows
20230411 073857 FINEST com.j256.ormlite.stmt.mapped.BaseMappedStatement insert arguments: [hash000000024-54, 1234567890123456789012345678901234567810, 1234567890123456789012345678901234567890, 49.49, 2022-11-07 11:00:00.0, ETH]
20230411 073857 FINE com.j256.ormlite.stmt.mapped.BaseMappedStatement insert data with statement 'INSERT INTO "TRANSACTIONS" ("hash" ,"from" ,"to" ,"amount" ,"when" ,"coin" ) VALUES (?,?,?,?,?,?)' and 6 args, changed 1 rows
20230411 073857 FINEST com.j256.ormlite.stmt.mapped.BaseMappedStatement insert arguments: [hash000000025-14, 1234567890123456789012345678901234567813, 6812345678901234567890123456789012345678, 9.09, 2022-11-14 11:00:00.0, STORJ]
20230411 073857 FINE com.j256.ormlite.stmt.mapped.BaseMappedStatement insert data with statement 'INSERT INTO "TRANSACTIONS" ("hash" ,"from" ,"to" ,"amount" ,"when" ,"coin" ) VALUES (?,?,?,?,?,?)' and 6 args, changed 1 rows
20230411 073857 FINEST com.j256.ormlite.stmt.mapped.BaseMappedStatement insert arguments: [hash000000026-39, 1234567890123456789012345678901234567815, 1234567890123456789012345678901234567890, 87.87, 2022-11-03 11:00:00.0, GLM]
20230411 073857 FINE com.j256.ormlite.stmt.mapped.BaseMappedStatement insert data with statement 'INSERT INTO "TRANSACTIONS" ("hash" ,"from" ,"to" ,"amount" ,"when" ,"coin" ) VALUES (?,?,?,?,?,?)' and 6 args, changed 1 rows
20230411 073857 FINEST com.j256.ormlite.stmt.mapped.BaseMappedStatement insert arguments: [hash000000027-67, 1234567890123456789012345678901234567833, 3012345678901234567890123456789012345678, 38.38, 2022-11-17 11:00:00.0, ETH]
20230411 073857 FINE com.j256.ormlite.stmt.mapped.BaseMappedStatement insert data with statement 'INSERT INTO "TRANSACTIONS" ("hash" ,"from" ,"to" ,"amount" ,"when" ,"coin" ) VALUES (?,?,?,?,?,?)' and 6 args, changed 1 rows
20230411 073857 FINEST com.j256.ormlite.stmt.mapped.BaseMappedStatement insert arguments: [hash000000028-20, 1234567890123456789012345678901234567872, 1234567890123456789012345678901234567890, 92.92, 2022-11-09 11:00:00.0, STORJ]
20230411 073857 FINE com.j256.ormlite.stmt.mapped.BaseMappedStatement insert data with statement 'INSERT INTO "TRANSACTIONS" ("hash" ,"from" ,"to" ,"amount" ,"when" ,"coin" ) VALUES (?,?,?,?,?,?)' and 6 args, changed 1 rows
20230411 073857 FINEST com.j256.ormlite.stmt.mapped.BaseMappedStatement insert arguments: [hash000000029-16, 1234567890123456789012345678901234567865, 2612345678901234567890123456789012345678, 85.85, 2022-11-16 11:00:00.0, GLM]
20230411 073857 FINE com.j256.ormlite.stmt.mapped.BaseMappedStatement insert data with statement 'INSERT INTO "TRANSACTIONS" ("hash" ,"from" ,"to" ,"amount" ,"when" ,"coin" ) VALUES (?,?,?,?,?,?)' and 6 args, changed 1 rows
20230411 073857 FINEST com.j256.ormlite.stmt.mapped.BaseMappedStatement insert arguments: [hash000000030-10, 1234567890123456789012345678901234567883, 1234567890123456789012345678901234567890, 92.92, 2022-11-11 11:00:00.0, ETH]
20230411 073857 FINE com.j256.ormlite.stmt.mapped.BaseMappedStatement insert data with statement 'INSERT INTO "TRANSACTIONS" ("hash" ,"from" ,"to" ,"amount" ,"when" ,"coin" ) VALUES (?,?,?,?,?,?)' and 6 args, changed 1 rows
20230411 073857 FINEST com.j256.ormlite.stmt.mapped.BaseMappedStatement insert arguments: [hash000000031-46, 1234567890123456789012345678901234567852, 7112345678901234567890123456789012345678, 16.16, 2022-11-03 11:00:00.0, STORJ]
20230411 073857 FINE com.j256.ormlite.stmt.mapped.BaseMappedStatement insert data with statement 'INSERT INTO "TRANSACTIONS" ("hash" ,"from" ,"to" ,"amount" ,"when" ,"coin" ) VALUES (?,?,?,?,?,?)' and 6 args, changed 1 rows
20230411 073857 FINEST com.j256.ormlite.stmt.mapped.BaseMappedStatement insert arguments: [hash000000032-51, 1234567890123456789012345678901234567881, 1234567890123456789012345678901234567890, 56.56, 2022-11-20 11:00:00.0, GLM]
20230411 073857 FINE com.j256.ormlite.stmt.mapped.BaseMappedStatement insert data with statement 'INSERT INTO "TRANSACTIONS" ("hash" ,"from" ,"to" ,"amount" ,"when" ,"coin" ) VALUES (?,?,?,?,?,?)' and 6 args, changed 1 rows
20230411 073857 FINEST com.j256.ormlite.stmt.mapped.BaseMappedStatement insert arguments: [hash000000033-28, 1234567890123456789012345678901234567851, 7612345678901234567890123456789012345678, 77.77, 2022-11-05 11:00:00.0, ETH]
20230411 073857 FINE com.j256.ormlite.stmt.mapped.BaseMappedStatement insert data with statement 'INSERT INTO "TRANSACTIONS" ("hash" ,"from" ,"to" ,"amount" ,"when" ,"coin" ) VALUES (?,?,?,?,?,?)' and 6 args, changed 1 rows
20230411 073857 FINEST com.j256.ormlite.stmt.mapped.BaseMappedStatement insert arguments: [hash000000034-14, 1234567890123456789012345678901234567835, 1234567890123456789012345678901234567890, 51.51, 2022-11-09 11:00:00.0, STORJ]
20230411 073857 FINE com.j256.ormlite.stmt.mapped.BaseMappedStatement insert data with statement 'INSERT INTO "TRANSACTIONS" ("hash" ,"from" ,"to" ,"amount" ,"when" ,"coin" ) VALUES (?,?,?,?,?,?)' and 6 args, changed 1 rows
20230411 073857 FINEST com.j256.ormlite.stmt.mapped.BaseMappedStatement insert arguments: [hash000000035-12, 1234567890123456789012345678901234567876, 5112345678901234567890123456789012345678, 28.28, 2022-11-02 11:00:00.0, GLM]
20230411 073857 FINE com.j256.ormlite.stmt.mapped.BaseMappedStatement insert data with statement 'INSERT INTO "TRANSACTIONS" ("hash" ,"from" ,"to" ,"amount" ,"when" ,"coin" ) VALUES (?,?,?,?,?,?)' and 6 args, changed 1 rows
20230411 073857 FINEST com.j256.ormlite.stmt.mapped.BaseMappedStatement insert arguments: [hash000000036-43, 1234567890123456789012345678901234567832, 1234567890123456789012345678901234567890, 37.37, 2022-11-02 11:00:00.0, ETH]
20230411 073857 FINE com.j256.ormlite.stmt.mapped.BaseMappedStatement insert data with statement 'INSERT INTO "TRANSACTIONS" ("hash" ,"from" ,"to" ,"amount" ,"when" ,"coin" ) VALUES (?,?,?,?,?,?)' and 6 args, changed 1 rows
20230411 073857 FINEST com.j256.ormlite.stmt.mapped.BaseMappedStatement insert arguments: [hash000000037-45, 1234567890123456789012345678901234567875, 2812345678901234567890123456789012345678, 88.88, 2022-11-09 11:00:00.0, STORJ]
20230411 073857 FINE com.j256.ormlite.stmt.mapped.BaseMappedStatement insert data with statement 'INSERT INTO "TRANSACTIONS" ("hash" ,"from" ,"to" ,"amount" ,"when" ,"coin" ) VALUES (?,?,?,?,?,?)' and 6 args, changed 1 rows
20230411 073857 FINEST com.j256.ormlite.stmt.mapped.BaseMappedStatement insert arguments: [hash000000038-71, 1234567890123456789012345678901234567801, 1234567890123456789012345678901234567890, 6.06, 2022-11-20 11:00:00.0, GLM]
20230411 073857 FINE com.j256.ormlite.stmt.mapped.BaseMappedStatement insert data with statement 'INSERT INTO "TRANSACTIONS" ("hash" ,"from" ,"to" ,"amount" ,"when" ,"coin" ) VALUES (?,?,?,?,?,?)' and 6 args, changed 1 rows
20230411 073857 FINEST com.j256.ormlite.stmt.mapped.BaseMappedStatement insert arguments: [hash000000039-65, 1234567890123456789012345678901234567851, 7712345678901234567890123456789012345678, 88.88, 2022-11-08 11:00:00.0, ETH]
20230411 073857 FINE com.j256.ormlite.stmt.mapped.BaseMappedStatement insert data with statement 'INSERT INTO "TRANSACTIONS" ("hash" ,"from" ,"to" ,"amount" ,"when" ,"coin" ) VALUES (?,?,?,?,?,?)' and 6 args, changed 1 rows
20230411 073857 FINEST com.j256.ormlite.stmt.mapped.BaseMappedStatement insert arguments: [hash000000040-14, 1234567890123456789012345678901234567867, 1234567890123456789012345678901234567890, 37.37, 2022-11-19 11:00:00.0, STORJ]
20230411 073857 FINE com.j256.ormlite.stmt.mapped.BaseMappedStatement insert data with statement 'INSERT INTO "TRANSACTIONS" ("hash" ,"from" ,"to" ,"amount" ,"when" ,"coin" ) VALUES (?,?,?,?,?,?)' and 6 args, changed 1 rows
20230411 073857 FINEST com.j256.ormlite.stmt.mapped.BaseMappedStatement insert arguments: [hash000000041-18, 1234567890123456789012345678901234567840, 7312345678901234567890123456789012345678, 79.79, 2022-11-07 11:00:00.0, GLM]
20230411 073857 FINE com.j256.ormlite.stmt.mapped.BaseMappedStatement insert data with statement 'INSERT INTO "TRANSACTIONS" ("hash" ,"from" ,"to" ,"amount" ,"when" ,"coin" ) VALUES (?,?,?,?,?,?)' and 6 args, changed 1 rows
20230411 073857 FINEST com.j256.ormlite.stmt.mapped.BaseMappedStatement insert arguments: [hash000000042-67, 1234567890123456789012345678901234567815, 1234567890123456789012345678901234567890, 84.84, 2022-11-04 11:00:00.0, ETH]
20230411 073857 FINE com.j256.ormlite.stmt.mapped.BaseMappedStatement insert data with statement 'INSERT INTO "TRANSACTIONS" ("hash" ,"from" ,"to" ,"amount" ,"when" ,"coin" ) VALUES (?,?,?,?,?,?)' and 6 args, changed 1 rows
20230411 073857 FINEST com.j256.ormlite.stmt.mapped.BaseMappedStatement insert arguments: [hash000000043-37, 1234567890123456789012345678901234567890, 7812345678901234567890123456789012345678, 43.43, 2022-11-12 11:00:00.0, STORJ]
20230411 073857 FINE com.j256.ormlite.stmt.mapped.BaseMappedStatement insert data with statement 'INSERT INTO "TRANSACTIONS" ("hash" ,"from" ,"to" ,"amount" ,"when" ,"coin" ) VALUES (?,?,?,?,?,?)' and 6 args, changed 1 rows
20230411 073857 FINEST com.j256.ormlite.stmt.mapped.BaseMappedStatement insert arguments: [hash000000044-77, 1234567890123456789012345678901234567828, 1234567890123456789012345678901234567890, 11.11, 2022-11-02 11:00:00.0, GLM]
20230411 073857 FINE com.j256.ormlite.stmt.mapped.BaseMappedStatement insert data with statement 'INSERT INTO "TRANSACTIONS" ("hash" ,"from" ,"to" ,"amount" ,"when" ,"coin" ) VALUES (?,?,?,?,?,?)' and 6 args, changed 1 rows
20230411 073857 FINEST com.j256.ormlite.stmt.mapped.BaseMappedStatement insert arguments: [hash000000045-16, 1234567890123456789012345678901234567895, 8512345678901234567890123456789012345678, 79.79, 2022-11-18 11:00:00.0, ETH]
20230411 073857 FINE com.j256.ormlite.stmt.mapped.BaseMappedStatement insert data with statement 'INSERT INTO "TRANSACTIONS" ("hash" ,"from" ,"to" ,"amount" ,"when" ,"coin" ) VALUES (?,?,?,?,?,?)' and 6 args, changed 1 rows
20230411 073857 FINEST com.j256.ormlite.stmt.mapped.BaseMappedStatement insert arguments: [hash000000046-75, 1234567890123456789012345678901234567811, 1234567890123456789012345678901234567890, 0.00, 2022-11-14 11:00:00.0, STORJ]
20230411 073857 FINE com.j256.ormlite.stmt.mapped.BaseMappedStatement insert data with statement 'INSERT INTO "TRANSACTIONS" ("hash" ,"from" ,"to" ,"amount" ,"when" ,"coin" ) VALUES (?,?,?,?,?,?)' and 6 args, changed 1 rows
20230411 073857 FINEST com.j256.ormlite.stmt.mapped.BaseMappedStatement insert arguments: [hash000000047-41, 1234567890123456789012345678901234567879, 7012345678901234567890123456789012345678, 48.48, 2022-11-07 11:00:00.0, GLM]
20230411 073857 FINE com.j256.ormlite.stmt.mapped.BaseMappedStatement insert data with statement 'INSERT INTO "TRANSACTIONS" ("hash" ,"from" ,"to" ,"amount" ,"when" ,"coin" ) VALUES (?,?,?,?,?,?)' and 6 args, changed 1 rows
20230411 073857 FINEST com.j256.ormlite.stmt.mapped.BaseMappedStatement insert arguments: [hash000000048-63, 1234567890123456789012345678901234567833, 1234567890123456789012345678901234567890, 0.00, 2022-11-13 11:00:00.0, ETH]
20230411 073857 FINE com.j256.ormlite.stmt.mapped.BaseMappedStatement insert data with statement 'INSERT INTO "TRANSACTIONS" ("hash" ,"from" ,"to" ,"amount" ,"when" ,"coin" ) VALUES (?,?,?,?,?,?)' and 6 args, changed 1 rows
20230411 073857 FINEST com.j256.ormlite.stmt.mapped.BaseMappedStatement insert arguments: [hash000000049-45, 1234567890123456789012345678901234567876, 6412345678901234567890123456789012345678, 38.38, 2022-11-17 11:00:00.0, STORJ]
20230411 073857 FINE com.j256.ormlite.stmt.mapped.BaseMappedStatement insert data with statement 'INSERT INTO "TRANSACTIONS" ("hash" ,"from" ,"to" ,"amount" ,"when" ,"coin" ) VALUES (?,?,?,?,?,?)' and 6 args, changed 1 rows
20230411 073857 FINEST com.j256.ormlite.stmt.mapped.BaseMappedStatement insert arguments: [hash000000050-77, 1234567890123456789012345678901234567836, 1234567890123456789012345678901234567890, 66.66, 2022-11-06 11:00:00.0, GLM]
20230411 073857 FINE com.j256.ormlite.stmt.mapped.BaseMappedStatement insert data with statement 'INSERT INTO "TRANSACTIONS" ("hash" ,"from" ,"to" ,"amount" ,"when" ,"coin" ) VALUES (?,?,?,?,?,?)' and 6 args, changed 1 rows
20230411 073857 FINEST com.j256.ormlite.stmt.mapped.BaseMappedStatement insert arguments: [hash000000051-50, 1234567890123456789012345678901234567889, 5612345678901234567890123456789012345678, 23.23, 2022-11-18 11:00:00.0, ETH]
20230411 073857 FINE com.j256.ormlite.stmt.mapped.BaseMappedStatement insert data with statement 'INSERT INTO "TRANSACTIONS" ("hash" ,"from" ,"to" ,"amount" ,"when" ,"coin" ) VALUES (?,?,?,?,?,?)' and 6 args, changed 1 rows
20230411 073857 FINEST com.j256.ormlite.stmt.mapped.BaseMappedStatement insert arguments: [hash000000052-67, 1234567890123456789012345678901234567838, 1234567890123456789012345678901234567890, 44.44, 2022-11-16 11:00:00.0, STORJ]
20230411 073857 FINE com.j256.ormlite.stmt.mapped.BaseMappedStatement insert data with statement 'INSERT INTO "TRANSACTIONS" ("hash" ,"from" ,"to" ,"amount" ,"when" ,"coin" ) VALUES (?,?,?,?,?,?)' and 6 args, changed 1 rows
20230411 073857 FINEST com.j256.ormlite.stmt.mapped.BaseMappedStatement insert arguments: [hash000000053-40, 1234567890123456789012345678901234567856, 4412345678901234567890123456789012345678, 91.91, 2022-11-10 11:00:00.0, GLM]
20230411 073857 FINE com.j256.ormlite.stmt.mapped.BaseMappedStatement insert data with statement 'INSERT INTO "TRANSACTIONS" ("hash" ,"from" ,"to" ,"amount" ,"when" ,"coin" ) VALUES (?,?,?,?,?,?)' and 6 args, changed 1 rows
20230411 073857 FINEST com.j256.ormlite.stmt.mapped.BaseMappedStatement insert arguments: [hash000000054-12, 1234567890123456789012345678901234567801, 1234567890123456789012345678901234567890, 38.38, 2022-11-12 11:00:00.0, ETH]
20230411 073857 FINE com.j256.ormlite.stmt.mapped.BaseMappedStatement insert data with statement 'INSERT INTO "TRANSACTIONS" ("hash" ,"from" ,"to" ,"amount" ,"when" ,"coin" ) VALUES (?,?,?,?,?,?)' and 6 args, changed 1 rows
20230411 073857 FINEST com.j256.ormlite.stmt.mapped.BaseMappedStatement insert arguments: [hash000000055-37, 1234567890123456789012345678901234567854, 4912345678901234567890123456789012345678, 70.70, 2022-11-08 11:00:00.0, STORJ]
20230411 073857 FINE com.j256.ormlite.stmt.mapped.BaseMappedStatement insert data with statement 'INSERT INTO "TRANSACTIONS" ("hash" ,"from" ,"to" ,"amount" ,"when" ,"coin" ) VALUES (?,?,?,?,?,?)' and 6 args, changed 1 rows
20230411 073857 FINEST com.j256.ormlite.stmt.mapped.BaseMappedStatement insert arguments: [hash000000056-52, 1234567890123456789012345678901234567869, 1234567890123456789012345678901234567890, 49.49, 2022-11-07 11:00:00.0, GLM]
20230411 073857 FINE com.j256.ormlite.stmt.mapped.BaseMappedStatement insert data with statement 'INSERT INTO "TRANSACTIONS" ("hash" ,"from" ,"to" ,"amount" ,"when" ,"coin" ) VALUES (?,?,?,?,?,?)' and 6 args, changed 1 rows
20230411 073857 FINEST com.j256.ormlite.stmt.mapped.BaseMappedStatement insert arguments: [hash000000057-19, 1234567890123456789012345678901234567878, 3612345678901234567890123456789012345678, 54.54, 2022-11-13 11:00:00.0, ETH]
20230411 073857 FINE com.j256.ormlite.stmt.mapped.BaseMappedStatement insert data with statement 'INSERT INTO "TRANSACTIONS" ("hash" ,"from" ,"to" ,"amount" ,"when" ,"coin" ) VALUES (?,?,?,?,?,?)' and 6 args, changed 1 rows
20230411 073857 FINEST com.j256.ormlite.stmt.mapped.BaseMappedStatement insert arguments: [hash000000058-78, 1234567890123456789012345678901234567846, 1234567890123456789012345678901234567890, 10.10, 2022-11-19 11:00:00.0, STORJ]
20230411 073857 FINE com.j256.ormlite.stmt.mapped.BaseMappedStatement insert data with statement 'INSERT INTO "TRANSACTIONS" ("hash" ,"from" ,"to" ,"amount" ,"when" ,"coin" ) VALUES (?,?,?,?,?,?)' and 6 args, changed 1 rows
20230411 073858 FINEST com.j256.ormlite.stmt.mapped.BaseMappedStatement insert arguments: [hash000000059-72, 1234567890123456789012345678901234567872, 0512345678901234567890123456789012345678, 47.47, 2022-11-16 11:00:00.0, GLM]
20230411 073858 FINE com.j256.ormlite.stmt.mapped.BaseMappedStatement insert data with statement 'INSERT INTO "TRANSACTIONS" ("hash" ,"from" ,"to" ,"amount" ,"when" ,"coin" ) VALUES (?,?,?,?,?,?)' and 6 args, changed 1 rows
20230411 073858 FINEST com.j256.ormlite.stmt.mapped.BaseMappedStatement insert arguments: [hash000000060-38, 1234567890123456789012345678901234567856, 1234567890123456789012345678901234567890, 81.81, 2022-11-04 11:00:00.0, ETH]
20230411 073858 FINE com.j256.ormlite.stmt.mapped.BaseMappedStatement insert data with statement 'INSERT INTO "TRANSACTIONS" ("hash" ,"from" ,"to" ,"amount" ,"when" ,"coin" ) VALUES (?,?,?,?,?,?)' and 6 args, changed 1 rows
20230411 073858 FINEST com.j256.ormlite.stmt.mapped.BaseMappedStatement insert arguments: [hash000000061-50, 1234567890123456789012345678901234567848, 0712345678901234567890123456789012345678, 46.46, 2022-11-05 11:00:00.0, STORJ]
20230411 073858 FINE com.j256.ormlite.stmt.mapped.BaseMappedStatement insert data with statement 'INSERT INTO "TRANSACTIONS" ("hash" ,"from" ,"to" ,"amount" ,"when" ,"coin" ) VALUES (?,?,?,?,?,?)' and 6 args, changed 1 rows
20230411 073858 FINEST com.j256.ormlite.stmt.mapped.BaseMappedStatement insert arguments: [hash000000062-13, 1234567890123456789012345678901234567802, 1234567890123456789012345678901234567890, 21.21, 2022-11-07 11:00:00.0, GLM]
20230411 073858 FINE com.j256.ormlite.stmt.mapped.BaseMappedStatement insert data with statement 'INSERT INTO "TRANSACTIONS" ("hash" ,"from" ,"to" ,"amount" ,"when" ,"coin" ) VALUES (?,?,?,?,?,?)' and 6 args, changed 1 rows
20230411 073858 FINEST com.j256.ormlite.stmt.mapped.BaseMappedStatement insert arguments: [hash000000063-70, 1234567890123456789012345678901234567872, 6212345678901234567890123456789012345678, 78.78, 2022-11-12 11:00:00.0, ETH]
]]></system-err>
  </testcase>
  <testcase name="show_private_key_dialog_when" classname="ste.w3.easywallet.ui.WalletCardControllerTest" time="0.908">
    <error message="Need to specify class name in environment or system property, or in an application resource file: java.naming.factory.initial" type="javax.naming.NoInitialContextException"><![CDATA[javax.naming.NoInitialContextException: Need to specify class name in environment or system property, or in an application resource file: java.naming.factory.initial
	at java.naming/javax.naming.spi.NamingManager.getInitialContext(NamingManager.java:704)
	at java.naming/javax.naming.InitialContext.getDefaultInitCtx(InitialContext.java:305)
	at java.naming/javax.naming.InitialContext.getURLOrDefaultInitCtx(InitialContext.java:342)
	at java.naming/javax.naming.InitialContext.createSubcontext(InitialContext.java:481)
	at ste.w3.easywallet.ui.WalletCardControllerTest.before(WalletCardControllerTest.java:66)
	at java.base/jdk.internal.reflect.DirectMethodHandleAccessor.invoke(DirectMethodHandleAccessor.java:104)
	at java.base/java.lang.reflect.Method.invoke(Method.java:578)
	at org.junit.runners.model.FrameworkMethod$1.runReflectiveCall(FrameworkMethod.java:59)
	at org.junit.internal.runners.model.ReflectiveCallable.run(ReflectiveCallable.java:12)
	at org.junit.runners.model.FrameworkMethod.invokeExplosively(FrameworkMethod.java:56)
	at org.junit.internal.runners.statements.RunBefores.invokeMethod(RunBefores.java:33)
	at org.junit.internal.runners.statements.RunBefores.evaluate(RunBefores.java:24)
	at org.junit.internal.runners.statements.RunAfters.evaluate(RunAfters.java:27)
	at org.junit.runners.ParentRunner$3.evaluate(ParentRunner.java:306)
	at org.junit.runners.BlockJUnit4ClassRunner$1.evaluate(BlockJUnit4ClassRunner.java:100)
	at org.junit.runners.ParentRunner.runLeaf(ParentRunner.java:366)
	at org.junit.runners.BlockJUnit4ClassRunner.runChild(BlockJUnit4ClassRunner.java:103)
	at org.junit.runners.BlockJUnit4ClassRunner.runChild(BlockJUnit4ClassRunner.java:63)
	at org.junit.runners.ParentRunner$4.run(ParentRunner.java:331)
	at org.apache.maven.surefire.junitcore.pc.Scheduler$1.run(Scheduler.java:398)
	at org.apache.maven.surefire.junitcore.pc.InvokerStrategy.schedule(InvokerStrategy.java:54)
	at org.apache.maven.surefire.junitcore.pc.Scheduler.schedule(Scheduler.java:355)
	at org.junit.runners.ParentRunner.runChildren(ParentRunner.java:329)
	at org.junit.runners.ParentRunner.access$100(ParentRunner.java:66)
	at org.junit.runners.ParentRunner$2.evaluate(ParentRunner.java:293)
	at org.junit.runners.ParentRunner$3.evaluate(ParentRunner.java:306)
	at org.junit.runners.ParentRunner.run(ParentRunner.java:413)
	at org.junit.runners.Suite.runChild(Suite.java:128)
	at org.junit.runners.Suite.runChild(Suite.java:27)
	at org.junit.runners.ParentRunner$4.run(ParentRunner.java:331)
	at org.apache.maven.surefire.junitcore.pc.Scheduler$1.run(Scheduler.java:398)
	at java.base/java.util.concurrent.Executors$RunnableAdapter.call(Executors.java:577)
	at java.base/java.util.concurrent.FutureTask.run(FutureTask.java:317)
	at java.base/java.util.concurrent.ThreadPoolExecutor.runWorker(ThreadPoolExecutor.java:1144)
	at java.base/java.util.concurrent.ThreadPoolExecutor$Worker.run(ThreadPoolExecutor.java:642)
	at java.base/java.lang.Thread.run(Thread.java:1589)
]]></error>
    <system-err><![CDATA[20230411 073858 INFO com.j256.ormlite.table.TableUtils dropping table 'TRANSACTIONS'
20230411 073858 INFO com.j256.ormlite.table.TableUtils ignoring drop error 'java.sql.SQLSyntaxErrorException: user lacks privilege or object not found: TRANSACTIONS in statement [DROP TABLE "TRANSACTIONS" ]' for statement: DROP TABLE "TRANSACTIONS" 
20230411 073858 INFO com.j256.ormlite.table.TableUtils creating table 'TRANSACTIONS'
20230411 073858 INFO com.j256.ormlite.table.TableUtils executed create table statement changed 0 rows: CREATE TABLE "TRANSACTIONS" ("hash" VARCHAR(64) , "from" VARCHAR(40) NOT NULL , "to" VARCHAR(40) NOT NULL , "amount" numeric(27,18) , "when" TIMESTAMP NOT NULL , "coin" VARCHAR(12) , PRIMARY KEY ("hash") ) 
20230411 073858 FINE com.j256.ormlite.stmt.mapped.BaseMappedStatement insert data with statement 'INSERT INTO "TRANSACTIONS" ("hash" ,"from" ,"to" ,"amount" ,"when" ,"coin" ) VALUES (?,?,?,?,?,?)' and 6 args, changed 1 rows
20230411 073858 FINEST com.j256.ormlite.stmt.mapped.BaseMappedStatement insert arguments: [hash000000001-13, 1234567890123456789012345678901234567847, 1012345678901234567890123456789012345678, 66.66, 2022-11-14 11:00:00.0, STORJ]
20230411 073858 FINE com.j256.ormlite.stmt.mapped.BaseMappedStatement insert data with statement 'INSERT INTO "TRANSACTIONS" ("hash" ,"from" ,"to" ,"amount" ,"when" ,"coin" ) VALUES (?,?,?,?,?,?)' and 6 args, changed 1 rows
20230411 073858 FINEST com.j256.ormlite.stmt.mapped.BaseMappedStatement insert arguments: [hash000000002-42, 1234567890123456789012345678901234567841, 1234567890123456789012345678901234567890, 55.55, 2022-11-03 11:00:00.0, GLM]
20230411 073858 FINE com.j256.ormlite.stmt.mapped.BaseMappedStatement insert data with statement 'INSERT INTO "TRANSACTIONS" ("hash" ,"from" ,"to" ,"amount" ,"when" ,"coin" ) VALUES (?,?,?,?,?,?)' and 6 args, changed 1 rows
20230411 073858 FINEST com.j256.ormlite.stmt.mapped.BaseMappedStatement insert arguments: [hash000000003-05, 1234567890123456789012345678901234567808, 5512345678901234567890123456789012345678, 14.14, 2022-11-16 11:00:00.0, ETH]
20230411 073858 FINE com.j256.ormlite.stmt.mapped.BaseMappedStatement insert data with statement 'INSERT INTO "TRANSACTIONS" ("hash" ,"from" ,"to" ,"amount" ,"when" ,"coin" ) VALUES (?,?,?,?,?,?)' and 6 args, changed 1 rows
20230411 073858 FINEST com.j256.ormlite.stmt.mapped.BaseMappedStatement insert arguments: [hash000000004-72, 1234567890123456789012345678901234567827, 1234567890123456789012345678901234567890, 2.02, 2022-11-09 11:00:00.0, STORJ]
20230411 073858 FINE com.j256.ormlite.stmt.mapped.BaseMappedStatement insert data with statement 'INSERT INTO "TRANSACTIONS" ("hash" ,"from" ,"to" ,"amount" ,"when" ,"coin" ) VALUES (?,?,?,?,?,?)' and 6 args, changed 1 rows
20230411 073858 FINEST com.j256.ormlite.stmt.mapped.BaseMappedStatement insert arguments: [hash000000005-03, 1234567890123456789012345678901234567860, 4312345678901234567890123456789012345678, 86.86, 2022-11-14 11:00:00.0, GLM]
20230411 073858 FINE com.j256.ormlite.stmt.mapped.BaseMappedStatement insert data with statement 'INSERT INTO "TRANSACTIONS" ("hash" ,"from" ,"to" ,"amount" ,"when" ,"coin" ) VALUES (?,?,?,?,?,?)' and 6 args, changed 1 rows
20230411 073858 FINEST com.j256.ormlite.stmt.mapped.BaseMappedStatement insert arguments: [hash000000006-44, 1234567890123456789012345678901234567885, 1234567890123456789012345678901234567890, 36.36, 2022-11-04 11:00:00.0, ETH]
20230411 073858 FINE com.j256.ormlite.stmt.mapped.BaseMappedStatement insert data with statement 'INSERT INTO "TRANSACTIONS" ("hash" ,"from" ,"to" ,"amount" ,"when" ,"coin" ) VALUES (?,?,?,?,?,?)' and 6 args, changed 1 rows
20230411 073858 FINEST com.j256.ormlite.stmt.mapped.BaseMappedStatement insert arguments: [hash000000007-03, 1234567890123456789012345678901234567801, 5712345678901234567890123456789012345678, 47.47, 2022-11-01 11:00:00.0, STORJ]
20230411 073858 FINE com.j256.ormlite.stmt.mapped.BaseMappedStatement insert data with statement 'INSERT INTO "TRANSACTIONS" ("hash" ,"from" ,"to" ,"amount" ,"when" ,"coin" ) VALUES (?,?,?,?,?,?)' and 6 args, changed 1 rows
20230411 073858 FINEST com.j256.ormlite.stmt.mapped.BaseMappedStatement insert arguments: [hash000000008-04, 1234567890123456789012345678901234567805, 1234567890123456789012345678901234567890, 75.75, 2022-11-13 11:00:00.0, GLM]
20230411 073858 FINE com.j256.ormlite.stmt.mapped.BaseMappedStatement insert data with statement 'INSERT INTO "TRANSACTIONS" ("hash" ,"from" ,"to" ,"amount" ,"when" ,"coin" ) VALUES (?,?,?,?,?,?)' and 6 args, changed 1 rows
20230411 073858 FINEST com.j256.ormlite.stmt.mapped.BaseMappedStatement insert arguments: [hash000000009-54, 1234567890123456789012345678901234567863, 2712345678901234567890123456789012345678, 2.02, 2022-11-14 11:00:00.0, ETH]
20230411 073858 FINE com.j256.ormlite.stmt.mapped.BaseMappedStatement insert data with statement 'INSERT INTO "TRANSACTIONS" ("hash" ,"from" ,"to" ,"amount" ,"when" ,"coin" ) VALUES (?,?,?,?,?,?)' and 6 args, changed 1 rows
20230411 073858 FINEST com.j256.ormlite.stmt.mapped.BaseMappedStatement insert arguments: [hash000000010-69, 1234567890123456789012345678901234567827, 1234567890123456789012345678901234567890, 52.52, 2022-11-20 11:00:00.0, STORJ]
20230411 073858 FINE com.j256.ormlite.stmt.mapped.BaseMappedStatement insert data with statement 'INSERT INTO "TRANSACTIONS" ("hash" ,"from" ,"to" ,"amount" ,"when" ,"coin" ) VALUES (?,?,?,?,?,?)' and 6 args, changed 1 rows
20230411 073858 FINEST com.j256.ormlite.stmt.mapped.BaseMappedStatement insert arguments: [hash000000011-39, 1234567890123456789012345678901234567875, 0612345678901234567890123456789012345678, 93.93, 2022-11-13 11:00:00.0, GLM]
20230411 073858 FINE com.j256.ormlite.stmt.mapped.BaseMappedStatement insert data with statement 'INSERT INTO "TRANSACTIONS" ("hash" ,"from" ,"to" ,"amount" ,"when" ,"coin" ) VALUES (?,?,?,?,?,?)' and 6 args, changed 1 rows
20230411 073858 FINEST com.j256.ormlite.stmt.mapped.BaseMappedStatement insert arguments: [hash000000012-10, 1234567890123456789012345678901234567802, 1234567890123456789012345678901234567890, 40.40, 2022-11-05 11:00:00.0, ETH]
20230411 073858 FINE com.j256.ormlite.stmt.mapped.BaseMappedStatement insert data with statement 'INSERT INTO "TRANSACTIONS" ("hash" ,"from" ,"to" ,"amount" ,"when" ,"coin" ) VALUES (?,?,?,?,?,?)' and 6 args, changed 1 rows
20230411 073858 FINEST com.j256.ormlite.stmt.mapped.BaseMappedStatement insert arguments: [hash000000013-60, 1234567890123456789012345678901234567802, 1112345678901234567890123456789012345678, 85.85, 2022-11-06 11:00:00.0, STORJ]
20230411 073858 FINE com.j256.ormlite.stmt.mapped.BaseMappedStatement insert data with statement 'INSERT INTO "TRANSACTIONS" ("hash" ,"from" ,"to" ,"amount" ,"when" ,"coin" ) VALUES (?,?,?,?,?,?)' and 6 args, changed 1 rows
20230411 073858 FINEST com.j256.ormlite.stmt.mapped.BaseMappedStatement insert arguments: [hash000000014-78, 1234567890123456789012345678901234567840, 1234567890123456789012345678901234567890, 70.70, 2022-11-20 11:00:00.0, GLM]
20230411 073858 FINE com.j256.ormlite.stmt.mapped.BaseMappedStatement insert data with statement 'INSERT INTO "TRANSACTIONS" ("hash" ,"from" ,"to" ,"amount" ,"when" ,"coin" ) VALUES (?,?,?,?,?,?)' and 6 args, changed 1 rows
20230411 073858 FINEST com.j256.ormlite.stmt.mapped.BaseMappedStatement insert arguments: [hash000000015-50, 1234567890123456789012345678901234567876, 9812345678901234567890123456789012345678, 67.67, 2022-11-14 11:00:00.0, ETH]
20230411 073858 FINE com.j256.ormlite.stmt.mapped.BaseMappedStatement insert data with statement 'INSERT INTO "TRANSACTIONS" ("hash" ,"from" ,"to" ,"amount" ,"when" ,"coin" ) VALUES (?,?,?,?,?,?)' and 6 args, changed 1 rows
20230411 073858 FINEST com.j256.ormlite.stmt.mapped.BaseMappedStatement insert arguments: [hash000000016-58, 1234567890123456789012345678901234567871, 1234567890123456789012345678901234567890, 38.38, 2022-11-16 11:00:00.0, STORJ]
20230411 073858 FINE com.j256.ormlite.stmt.mapped.BaseMappedStatement insert data with statement 'INSERT INTO "TRANSACTIONS" ("hash" ,"from" ,"to" ,"amount" ,"when" ,"coin" ) VALUES (?,?,?,?,?,?)' and 6 args, changed 1 rows
20230411 073858 FINEST com.j256.ormlite.stmt.mapped.BaseMappedStatement insert arguments: [hash000000017-11, 1234567890123456789012345678901234567876, 9212345678901234567890123456789012345678, 60.60, 2022-11-20 11:00:00.0, GLM]
20230411 073858 FINE com.j256.ormlite.stmt.mapped.BaseMappedStatement insert data with statement 'INSERT INTO "TRANSACTIONS" ("hash" ,"from" ,"to" ,"amount" ,"when" ,"coin" ) VALUES (?,?,?,?,?,?)' and 6 args, changed 1 rows
20230411 073858 FINEST com.j256.ormlite.stmt.mapped.BaseMappedStatement insert arguments: [hash000000018-46, 1234567890123456789012345678901234567887, 1234567890123456789012345678901234567890, 47.47, 2022-11-10 11:00:00.0, ETH]
20230411 073858 FINE com.j256.ormlite.stmt.mapped.BaseMappedStatement insert data with statement 'INSERT INTO "TRANSACTIONS" ("hash" ,"from" ,"to" ,"amount" ,"when" ,"coin" ) VALUES (?,?,?,?,?,?)' and 6 args, changed 1 rows
20230411 073858 FINEST com.j256.ormlite.stmt.mapped.BaseMappedStatement insert arguments: [hash000000019-07, 1234567890123456789012345678901234567812, 6012345678901234567890123456789012345678, 79.79, 2022-11-12 11:00:00.0, STORJ]
20230411 073858 FINE com.j256.ormlite.stmt.mapped.BaseMappedStatement insert data with statement 'INSERT INTO "TRANSACTIONS" ("hash" ,"from" ,"to" ,"amount" ,"when" ,"coin" ) VALUES (?,?,?,?,?,?)' and 6 args, changed 1 rows
20230411 073858 FINEST com.j256.ormlite.stmt.mapped.BaseMappedStatement insert arguments: [hash000000020-11, 1234567890123456789012345678901234567863, 1234567890123456789012345678901234567890, 3.03, 2022-11-17 11:00:00.0, GLM]
20230411 073858 FINE com.j256.ormlite.stmt.mapped.BaseMappedStatement insert data with statement 'INSERT INTO "TRANSACTIONS" ("hash" ,"from" ,"to" ,"amount" ,"when" ,"coin" ) VALUES (?,?,?,?,?,?)' and 6 args, changed 1 rows
20230411 073858 FINEST com.j256.ormlite.stmt.mapped.BaseMappedStatement insert arguments: [hash000000021-70, 1234567890123456789012345678901234567802, 1812345678901234567890123456789012345678, 46.46, 2022-11-10 11:00:00.0, ETH]
20230411 073858 FINE com.j256.ormlite.stmt.mapped.BaseMappedStatement insert data with statement 'INSERT INTO "TRANSACTIONS" ("hash" ,"from" ,"to" ,"amount" ,"when" ,"coin" ) VALUES (?,?,?,?,?,?)' and 6 args, changed 1 rows
20230411 073858 FINEST com.j256.ormlite.stmt.mapped.BaseMappedStatement insert arguments: [hash000000022-64, 1234567890123456789012345678901234567853, 1234567890123456789012345678901234567890, 86.86, 2022-11-11 11:00:00.0, STORJ]
20230411 073858 FINE com.j256.ormlite.stmt.mapped.BaseMappedStatement insert data with statement 'INSERT INTO "TRANSACTIONS" ("hash" ,"from" ,"to" ,"amount" ,"when" ,"coin" ) VALUES (?,?,?,?,?,?)' and 6 args, changed 1 rows
20230411 073858 FINEST com.j256.ormlite.stmt.mapped.BaseMappedStatement insert arguments: [hash000000023-67, 1234567890123456789012345678901234567874, 1112345678901234567890123456789012345678, 30.30, 2022-11-18 11:00:00.0, GLM]
20230411 073858 FINE com.j256.ormlite.stmt.mapped.BaseMappedStatement insert data with statement 'INSERT INTO "TRANSACTIONS" ("hash" ,"from" ,"to" ,"amount" ,"when" ,"coin" ) VALUES (?,?,?,?,?,?)' and 6 args, changed 1 rows
20230411 073858 FINEST com.j256.ormlite.stmt.mapped.BaseMappedStatement insert arguments: [hash000000024-13, 1234567890123456789012345678901234567842, 1234567890123456789012345678901234567890, 25.25, 2022-11-02 11:00:00.0, ETH]
20230411 073858 FINE com.j256.ormlite.stmt.mapped.BaseMappedStatement insert data with statement 'INSERT INTO "TRANSACTIONS" ("hash" ,"from" ,"to" ,"amount" ,"when" ,"coin" ) VALUES (?,?,?,?,?,?)' and 6 args, changed 1 rows
20230411 073858 FINEST com.j256.ormlite.stmt.mapped.BaseMappedStatement insert arguments: [hash000000025-56, 1234567890123456789012345678901234567862, 4012345678901234567890123456789012345678, 46.46, 2022-11-08 11:00:00.0, STORJ]
20230411 073858 FINE com.j256.ormlite.stmt.mapped.BaseMappedStatement insert data with statement 'INSERT INTO "TRANSACTIONS" ("hash" ,"from" ,"to" ,"amount" ,"when" ,"coin" ) VALUES (?,?,?,?,?,?)' and 6 args, changed 1 rows
20230411 073858 FINEST com.j256.ormlite.stmt.mapped.BaseMappedStatement insert arguments: [hash000000026-47, 1234567890123456789012345678901234567895, 1234567890123456789012345678901234567890, 37.37, 2022-11-14 11:00:00.0, GLM]
20230411 073858 FINE com.j256.ormlite.stmt.mapped.BaseMappedStatement insert data with statement 'INSERT INTO "TRANSACTIONS" ("hash" ,"from" ,"to" ,"amount" ,"when" ,"coin" ) VALUES (?,?,?,?,?,?)' and 6 args, changed 1 rows
20230411 073858 FINEST com.j256.ormlite.stmt.mapped.BaseMappedStatement insert arguments: [hash000000027-25, 1234567890123456789012345678901234567859, 3012345678901234567890123456789012345678, 2.02, 2022-11-03 11:00:00.0, ETH]
20230411 073858 FINE com.j256.ormlite.stmt.mapped.BaseMappedStatement insert data with statement 'INSERT INTO "TRANSACTIONS" ("hash" ,"from" ,"to" ,"amount" ,"when" ,"coin" ) VALUES (?,?,?,?,?,?)' and 6 args, changed 1 rows
20230411 073858 FINEST com.j256.ormlite.stmt.mapped.BaseMappedStatement insert arguments: [hash000000028-51, 1234567890123456789012345678901234567800, 1234567890123456789012345678901234567890, 68.68, 2022-11-04 11:00:00.0, STORJ]
20230411 073858 FINE com.j256.ormlite.stmt.mapped.BaseMappedStatement insert data with statement 'INSERT INTO "TRANSACTIONS" ("hash" ,"from" ,"to" ,"amount" ,"when" ,"coin" ) VALUES (?,?,?,?,?,?)' and 6 args, changed 1 rows
20230411 073858 FINEST com.j256.ormlite.stmt.mapped.BaseMappedStatement insert arguments: [hash000000029-56, 1234567890123456789012345678901234567835, 5612345678901234567890123456789012345678, 80.80, 2022-11-10 11:00:00.0, GLM]
20230411 073858 FINE com.j256.ormlite.stmt.mapped.BaseMappedStatement insert data with statement 'INSERT INTO "TRANSACTIONS" ("hash" ,"from" ,"to" ,"amount" ,"when" ,"coin" ) VALUES (?,?,?,?,?,?)' and 6 args, changed 1 rows
20230411 073858 FINEST com.j256.ormlite.stmt.mapped.BaseMappedStatement insert arguments: [hash000000030-63, 1234567890123456789012345678901234567881, 1234567890123456789012345678901234567890, 20.20, 2022-11-02 11:00:00.0, ETH]
20230411 073858 FINE com.j256.ormlite.stmt.mapped.BaseMappedStatement insert data with statement 'INSERT INTO "TRANSACTIONS" ("hash" ,"from" ,"to" ,"amount" ,"when" ,"coin" ) VALUES (?,?,?,?,?,?)' and 6 args, changed 1 rows
20230411 073858 FINEST com.j256.ormlite.stmt.mapped.BaseMappedStatement insert arguments: [hash000000031-05, 1234567890123456789012345678901234567810, 0412345678901234567890123456789012345678, 70.70, 2022-11-17 11:00:00.0, STORJ]
20230411 073858 FINE com.j256.ormlite.stmt.mapped.BaseMappedStatement insert data with statement 'INSERT INTO "TRANSACTIONS" ("hash" ,"from" ,"to" ,"amount" ,"when" ,"coin" ) VALUES (?,?,?,?,?,?)' and 6 args, changed 1 rows
20230411 073858 FINEST com.j256.ormlite.stmt.mapped.BaseMappedStatement insert arguments: [hash000000032-07, 1234567890123456789012345678901234567894, 1234567890123456789012345678901234567890, 12.12, 2022-11-19 11:00:00.0, GLM]
20230411 073858 FINE com.j256.ormlite.stmt.mapped.BaseMappedStatement insert data with statement 'INSERT INTO "TRANSACTIONS" ("hash" ,"from" ,"to" ,"amount" ,"when" ,"coin" ) VALUES (?,?,?,?,?,?)' and 6 args, changed 1 rows
20230411 073858 FINEST com.j256.ormlite.stmt.mapped.BaseMappedStatement insert arguments: [hash000000033-53, 1234567890123456789012345678901234567843, 6012345678901234567890123456789012345678, 16.16, 2022-11-20 11:00:00.0, ETH]
20230411 073858 FINE com.j256.ormlite.stmt.mapped.BaseMappedStatement insert data with statement 'INSERT INTO "TRANSACTIONS" ("hash" ,"from" ,"to" ,"amount" ,"when" ,"coin" ) VALUES (?,?,?,?,?,?)' and 6 args, changed 1 rows
20230411 073858 FINEST com.j256.ormlite.stmt.mapped.BaseMappedStatement insert arguments: [hash000000034-36, 1234567890123456789012345678901234567854, 1234567890123456789012345678901234567890, 73.73, 2022-11-16 11:00:00.0, STORJ]
20230411 073858 FINE com.j256.ormlite.stmt.mapped.BaseMappedStatement insert data with statement 'INSERT INTO "TRANSACTIONS" ("hash" ,"from" ,"to" ,"amount" ,"when" ,"coin" ) VALUES (?,?,?,?,?,?)' and 6 args, changed 1 rows
20230411 073858 FINEST com.j256.ormlite.stmt.mapped.BaseMappedStatement insert arguments: [hash000000035-15, 1234567890123456789012345678901234567869, 6612345678901234567890123456789012345678, 37.37, 2022-11-19 11:00:00.0, GLM]
20230411 073858 FINE com.j256.ormlite.stmt.mapped.BaseMappedStatement insert data with statement 'INSERT INTO "TRANSACTIONS" ("hash" ,"from" ,"to" ,"amount" ,"when" ,"coin" ) VALUES (?,?,?,?,?,?)' and 6 args, changed 1 rows
20230411 073858 FINEST com.j256.ormlite.stmt.mapped.BaseMappedStatement insert arguments: [hash000000036-59, 1234567890123456789012345678901234567853, 1234567890123456789012345678901234567890, 33.33, 2022-11-01 11:00:00.0, ETH]
20230411 073858 FINE com.j256.ormlite.stmt.mapped.BaseMappedStatement insert data with statement 'INSERT INTO "TRANSACTIONS" ("hash" ,"from" ,"to" ,"amount" ,"when" ,"coin" ) VALUES (?,?,?,?,?,?)' and 6 args, changed 1 rows
20230411 073858 FINEST com.j256.ormlite.stmt.mapped.BaseMappedStatement insert arguments: [hash000000037-03, 1234567890123456789012345678901234567895, 2012345678901234567890123456789012345678, 49.49, 2022-11-06 11:00:00.0, STORJ]
20230411 073858 FINE com.j256.ormlite.stmt.mapped.BaseMappedStatement insert data with statement 'INSERT INTO "TRANSACTIONS" ("hash" ,"from" ,"to" ,"amount" ,"when" ,"coin" ) VALUES (?,?,?,?,?,?)' and 6 args, changed 1 rows
20230411 073858 FINEST com.j256.ormlite.stmt.mapped.BaseMappedStatement insert arguments: [hash000000038-60, 1234567890123456789012345678901234567875, 1234567890123456789012345678901234567890, 8.08, 2022-11-03 11:00:00.0, GLM]
20230411 073858 FINE com.j256.ormlite.stmt.mapped.BaseMappedStatement insert data with statement 'INSERT INTO "TRANSACTIONS" ("hash" ,"from" ,"to" ,"amount" ,"when" ,"coin" ) VALUES (?,?,?,?,?,?)' and 6 args, changed 1 rows
20230411 073858 FINEST com.j256.ormlite.stmt.mapped.BaseMappedStatement insert arguments: [hash000000039-52, 1234567890123456789012345678901234567846, 6412345678901234567890123456789012345678, 16.16, 2022-11-15 11:00:00.0, ETH]
20230411 073858 FINE com.j256.ormlite.stmt.mapped.BaseMappedStatement insert data with statement 'INSERT INTO "TRANSACTIONS" ("hash" ,"from" ,"to" ,"amount" ,"when" ,"coin" ) VALUES (?,?,?,?,?,?)' and 6 args, changed 1 rows
20230411 073858 FINEST com.j256.ormlite.stmt.mapped.BaseMappedStatement insert arguments: [hash000000040-76, 1234567890123456789012345678901234567841, 1234567890123456789012345678901234567890, 88.88, 2022-11-16 11:00:00.0, STORJ]
20230411 073858 FINE com.j256.ormlite.stmt.mapped.BaseMappedStatement insert data with statement 'INSERT INTO "TRANSACTIONS" ("hash" ,"from" ,"to" ,"amount" ,"when" ,"coin" ) VALUES (?,?,?,?,?,?)' and 6 args, changed 1 rows
20230411 073858 FINEST com.j256.ormlite.stmt.mapped.BaseMappedStatement insert arguments: [hash000000041-11, 1234567890123456789012345678901234567827, 3212345678901234567890123456789012345678, 1.01, 2022-11-11 11:00:00.0, GLM]
20230411 073858 FINE com.j256.ormlite.stmt.mapped.BaseMappedStatement insert data with statement 'INSERT INTO "TRANSACTIONS" ("hash" ,"from" ,"to" ,"amount" ,"when" ,"coin" ) VALUES (?,?,?,?,?,?)' and 6 args, changed 1 rows
20230411 073858 FINEST com.j256.ormlite.stmt.mapped.BaseMappedStatement insert arguments: [hash000000042-09, 1234567890123456789012345678901234567883, 1234567890123456789012345678901234567890, 88.88, 2022-11-18 11:00:00.0, ETH]
20230411 073858 FINE com.j256.ormlite.stmt.mapped.BaseMappedStatement insert data with statement 'INSERT INTO "TRANSACTIONS" ("hash" ,"from" ,"to" ,"amount" ,"when" ,"coin" ) VALUES (?,?,?,?,?,?)' and 6 args, changed 1 rows
20230411 073858 FINEST com.j256.ormlite.stmt.mapped.BaseMappedStatement insert arguments: [hash000000043-25, 1234567890123456789012345678901234567843, 1712345678901234567890123456789012345678, 81.81, 2022-11-11 11:00:00.0, STORJ]
20230411 073858 FINE com.j256.ormlite.stmt.mapped.BaseMappedStatement insert data with statement 'INSERT INTO "TRANSACTIONS" ("hash" ,"from" ,"to" ,"amount" ,"when" ,"coin" ) VALUES (?,?,?,?,?,?)' and 6 args, changed 1 rows
20230411 073858 FINEST com.j256.ormlite.stmt.mapped.BaseMappedStatement insert arguments: [hash000000044-75, 1234567890123456789012345678901234567877, 1234567890123456789012345678901234567890, 38.38, 2022-11-10 11:00:00.0, GLM]
20230411 073858 FINE com.j256.ormlite.stmt.mapped.BaseMappedStatement insert data with statement 'INSERT INTO "TRANSACTIONS" ("hash" ,"from" ,"to" ,"amount" ,"when" ,"coin" ) VALUES (?,?,?,?,?,?)' and 6 args, changed 1 rows
20230411 073858 FINEST com.j256.ormlite.stmt.mapped.BaseMappedStatement insert arguments: [hash000000045-31, 1234567890123456789012345678901234567883, 4112345678901234567890123456789012345678, 69.69, 2022-11-09 11:00:00.0, ETH]
20230411 073858 FINE com.j256.ormlite.stmt.mapped.BaseMappedStatement insert data with statement 'INSERT INTO "TRANSACTIONS" ("hash" ,"from" ,"to" ,"amount" ,"when" ,"coin" ) VALUES (?,?,?,?,?,?)' and 6 args, changed 1 rows
20230411 073858 FINEST com.j256.ormlite.stmt.mapped.BaseMappedStatement insert arguments: [hash000000046-07, 1234567890123456789012345678901234567838, 1234567890123456789012345678901234567890, 17.17, 2022-11-17 11:00:00.0, STORJ]
20230411 073858 FINE com.j256.ormlite.stmt.mapped.BaseMappedStatement insert data with statement 'INSERT INTO "TRANSACTIONS" ("hash" ,"from" ,"to" ,"amount" ,"when" ,"coin" ) VALUES (?,?,?,?,?,?)' and 6 args, changed 1 rows
20230411 073858 FINEST com.j256.ormlite.stmt.mapped.BaseMappedStatement insert arguments: [hash000000047-07, 1234567890123456789012345678901234567833, 0612345678901234567890123456789012345678, 93.93, 2022-11-20 11:00:00.0, GLM]
20230411 073858 FINE com.j256.ormlite.stmt.mapped.BaseMappedStatement insert data with statement 'INSERT INTO "TRANSACTIONS" ("hash" ,"from" ,"to" ,"amount" ,"when" ,"coin" ) VALUES (?,?,?,?,?,?)' and 6 args, changed 1 rows
20230411 073858 FINEST com.j256.ormlite.stmt.mapped.BaseMappedStatement insert arguments: [hash000000048-02, 1234567890123456789012345678901234567831, 1234567890123456789012345678901234567890, 17.17, 2022-11-17 11:00:00.0, ETH]
20230411 073858 FINE com.j256.ormlite.stmt.mapped.BaseMappedStatement insert data with statement 'INSERT INTO "TRANSACTIONS" ("hash" ,"from" ,"to" ,"amount" ,"when" ,"coin" ) VALUES (?,?,?,?,?,?)' and 6 args, changed 1 rows
20230411 073858 FINEST com.j256.ormlite.stmt.mapped.BaseMappedStatement insert arguments: [hash000000049-21, 1234567890123456789012345678901234567855, 0312345678901234567890123456789012345678, 42.42, 2022-11-03 11:00:00.0, STORJ]
20230411 073858 FINE com.j256.ormlite.stmt.mapped.BaseMappedStatement insert data with statement 'INSERT INTO "TRANSACTIONS" ("hash" ,"from" ,"to" ,"amount" ,"when" ,"coin" ) VALUES (?,?,?,?,?,?)' and 6 args, changed 1 rows
20230411 073858 FINEST com.j256.ormlite.stmt.mapped.BaseMappedStatement insert arguments: [hash000000050-33, 1234567890123456789012345678901234567813, 1234567890123456789012345678901234567890, 30.30, 2022-11-12 11:00:00.0, GLM]
20230411 073858 FINE com.j256.ormlite.stmt.mapped.BaseMappedStatement insert data with statement 'INSERT INTO "TRANSACTIONS" ("hash" ,"from" ,"to" ,"amount" ,"when" ,"coin" ) VALUES (?,?,?,?,?,?)' and 6 args, changed 1 rows
20230411 073858 FINEST com.j256.ormlite.stmt.mapped.BaseMappedStatement insert arguments: [hash000000051-10, 1234567890123456789012345678901234567839, 4012345678901234567890123456789012345678, 5.05, 2022-11-04 11:00:00.0, ETH]
20230411 073858 FINE com.j256.ormlite.stmt.mapped.BaseMappedStatement insert data with statement 'INSERT INTO "TRANSACTIONS" ("hash" ,"from" ,"to" ,"amount" ,"when" ,"coin" ) VALUES (?,?,?,?,?,?)' and 6 args, changed 1 rows
20230411 073858 FINEST com.j256.ormlite.stmt.mapped.BaseMappedStatement insert arguments: [hash000000052-15, 1234567890123456789012345678901234567878, 1234567890123456789012345678901234567890, 10.10, 2022-11-09 11:00:00.0, STORJ]
20230411 073858 FINE com.j256.ormlite.stmt.mapped.BaseMappedStatement insert data with statement 'INSERT INTO "TRANSACTIONS" ("hash" ,"from" ,"to" ,"amount" ,"when" ,"coin" ) VALUES (?,?,?,?,?,?)' and 6 args, changed 1 rows
20230411 073858 FINEST com.j256.ormlite.stmt.mapped.BaseMappedStatement insert arguments: [hash000000053-62, 1234567890123456789012345678901234567881, 1812345678901234567890123456789012345678, 60.60, 2022-11-05 11:00:00.0, GLM]
20230411 073858 FINE com.j256.ormlite.stmt.mapped.BaseMappedStatement insert data with statement 'INSERT INTO "TRANSACTIONS" ("hash" ,"from" ,"to" ,"amount" ,"when" ,"coin" ) VALUES (?,?,?,?,?,?)' and 6 args, changed 1 rows
20230411 073858 FINEST com.j256.ormlite.stmt.mapped.BaseMappedStatement insert arguments: [hash000000054-40, 1234567890123456789012345678901234567855, 1234567890123456789012345678901234567890, 8.08, 2022-11-01 11:00:00.0, ETH]
20230411 073858 FINE com.j256.ormlite.stmt.mapped.BaseMappedStatement insert data with statement 'INSERT INTO "TRANSACTIONS" ("hash" ,"from" ,"to" ,"amount" ,"when" ,"coin" ) VALUES (?,?,?,?,?,?)' and 6 args, changed 1 rows
20230411 073858 FINEST com.j256.ormlite.stmt.mapped.BaseMappedStatement insert arguments: [hash000000055-18, 1234567890123456789012345678901234567880, 7412345678901234567890123456789012345678, 86.86, 2022-11-01 11:00:00.0, STORJ]
20230411 073858 FINE com.j256.ormlite.stmt.mapped.BaseMappedStatement insert data with statement 'INSERT INTO "TRANSACTIONS" ("hash" ,"from" ,"to" ,"amount" ,"when" ,"coin" ) VALUES (?,?,?,?,?,?)' and 6 args, changed 1 rows
20230411 073858 FINEST com.j256.ormlite.stmt.mapped.BaseMappedStatement insert arguments: [hash000000056-28, 1234567890123456789012345678901234567823, 1234567890123456789012345678901234567890, 62.62, 2022-11-19 11:00:00.0, GLM]
20230411 073858 FINE com.j256.ormlite.stmt.mapped.BaseMappedStatement insert data with statement 'INSERT INTO "TRANSACTIONS" ("hash" ,"from" ,"to" ,"amount" ,"when" ,"coin" ) VALUES (?,?,?,?,?,?)' and 6 args, changed 1 rows
20230411 073858 FINEST com.j256.ormlite.stmt.mapped.BaseMappedStatement insert arguments: [hash000000057-17, 1234567890123456789012345678901234567846, 7412345678901234567890123456789012345678, 67.67, 2022-11-11 11:00:00.0, ETH]
20230411 073858 FINE com.j256.ormlite.stmt.mapped.BaseMappedStatement insert data with statement 'INSERT INTO "TRANSACTIONS" ("hash" ,"from" ,"to" ,"amount" ,"when" ,"coin" ) VALUES (?,?,?,?,?,?)' and 6 args, changed 1 rows
20230411 073858 FINEST com.j256.ormlite.stmt.mapped.BaseMappedStatement insert arguments: [hash000000058-33, 1234567890123456789012345678901234567825, 1234567890123456789012345678901234567890, 36.36, 2022-11-13 11:00:00.0, STORJ]
20230411 073858 FINE com.j256.ormlite.stmt.mapped.BaseMappedStatement insert data with statement 'INSERT INTO "TRANSACTIONS" ("hash" ,"from" ,"to" ,"amount" ,"when" ,"coin" ) VALUES (?,?,?,?,?,?)' and 6 args, changed 1 rows
20230411 073858 FINEST com.j256.ormlite.stmt.mapped.BaseMappedStatement insert arguments: [hash000000059-53, 1234567890123456789012345678901234567819, 9712345678901234567890123456789012345678, 49.49, 2022-11-01 11:00:00.0, GLM]
20230411 073858 FINE com.j256.ormlite.stmt.mapped.BaseMappedStatement insert data with statement 'INSERT INTO "TRANSACTIONS" ("hash" ,"from" ,"to" ,"amount" ,"when" ,"coin" ) VALUES (?,?,?,?,?,?)' and 6 args, changed 1 rows
20230411 073858 FINEST com.j256.ormlite.stmt.mapped.BaseMappedStatement insert arguments: [hash000000060-71, 1234567890123456789012345678901234567880, 1234567890123456789012345678901234567890, 2.02, 2022-11-01 11:00:00.0, ETH]
20230411 073858 FINE com.j256.ormlite.stmt.mapped.BaseMappedStatement insert data with statement 'INSERT INTO "TRANSACTIONS" ("hash" ,"from" ,"to" ,"amount" ,"when" ,"coin" ) VALUES (?,?,?,?,?,?)' and 6 args, changed 1 rows
20230411 073858 FINEST com.j256.ormlite.stmt.mapped.BaseMappedStatement insert arguments: [hash000000061-00, 1234567890123456789012345678901234567897, 6712345678901234567890123456789012345678, 72.72, 2022-11-08 11:00:00.0, STORJ]
20230411 073858 FINE com.j256.ormlite.stmt.mapped.BaseMappedStatement insert data with statement 'INSERT INTO "TRANSACTIONS" ("hash" ,"from" ,"to" ,"amount" ,"when" ,"coin" ) VALUES (?,?,?,?,?,?)' and 6 args, changed 1 rows
20230411 073858 FINEST com.j256.ormlite.stmt.mapped.BaseMappedStatement insert arguments: [hash000000062-42, 1234567890123456789012345678901234567847, 1234567890123456789012345678901234567890, 76.76, 2022-11-04 11:00:00.0, GLM]
20230411 073858 FINE com.j256.ormlite.stmt.mapped.BaseMappedStatement insert data with statement 'INSERT INTO "TRANSACTIONS" ("hash" ,"from" ,"to" ,"amount" ,"when" ,"coin" ) VALUES (?,?,?,?,?,?)' and 6 args, changed 1 rows
20230411 073858 FINEST com.j256.ormlite.stmt.mapped.BaseMappedStatement insert arguments: [hash000000063-43, 1234567890123456789012345678901234567880, 6812345678901234567890123456789012345678, 9.09, 2022-11-06 11:00:00.0, ETH]
]]></system-err>
  </testcase>
  <testcase name="initiale_state" classname="ste.w3.easywallet.ui.WalletCardControllerTest" time="0.545">
    <error message="Need to specify class name in environment or system property, or in an application resource file: java.naming.factory.initial" type="javax.naming.NoInitialContextException"><![CDATA[javax.naming.NoInitialContextException: Need to specify class name in environment or system property, or in an application resource file: java.naming.factory.initial
	at java.naming/javax.naming.spi.NamingManager.getInitialContext(NamingManager.java:704)
	at java.naming/javax.naming.InitialContext.getDefaultInitCtx(InitialContext.java:305)
	at java.naming/javax.naming.InitialContext.getURLOrDefaultInitCtx(InitialContext.java:342)
	at java.naming/javax.naming.InitialContext.createSubcontext(InitialContext.java:481)
	at ste.w3.easywallet.ui.WalletCardControllerTest.before(WalletCardControllerTest.java:66)
	at java.base/jdk.internal.reflect.DirectMethodHandleAccessor.invoke(DirectMethodHandleAccessor.java:104)
	at java.base/java.lang.reflect.Method.invoke(Method.java:578)
	at org.junit.runners.model.FrameworkMethod$1.runReflectiveCall(FrameworkMethod.java:59)
	at org.junit.internal.runners.model.ReflectiveCallable.run(ReflectiveCallable.java:12)
	at org.junit.runners.model.FrameworkMethod.invokeExplosively(FrameworkMethod.java:56)
	at org.junit.internal.runners.statements.RunBefores.invokeMethod(RunBefores.java:33)
	at org.junit.internal.runners.statements.RunBefores.evaluate(RunBefores.java:24)
	at org.junit.internal.runners.statements.RunAfters.evaluate(RunAfters.java:27)
	at org.junit.runners.ParentRunner$3.evaluate(ParentRunner.java:306)
	at org.junit.runners.BlockJUnit4ClassRunner$1.evaluate(BlockJUnit4ClassRunner.java:100)
	at org.junit.runners.ParentRunner.runLeaf(ParentRunner.java:366)
	at org.junit.runners.BlockJUnit4ClassRunner.runChild(BlockJUnit4ClassRunner.java:103)
	at org.junit.runners.BlockJUnit4ClassRunner.runChild(BlockJUnit4ClassRunner.java:63)
	at org.junit.runners.ParentRunner$4.run(ParentRunner.java:331)
	at org.apache.maven.surefire.junitcore.pc.Scheduler$1.run(Scheduler.java:398)
	at org.apache.maven.surefire.junitcore.pc.InvokerStrategy.schedule(InvokerStrategy.java:54)
	at org.apache.maven.surefire.junitcore.pc.Scheduler.schedule(Scheduler.java:355)
	at org.junit.runners.ParentRunner.runChildren(ParentRunner.java:329)
	at org.junit.runners.ParentRunner.access$100(ParentRunner.java:66)
	at org.junit.runners.ParentRunner$2.evaluate(ParentRunner.java:293)
	at org.junit.runners.ParentRunner$3.evaluate(ParentRunner.java:306)
	at org.junit.runners.ParentRunner.run(ParentRunner.java:413)
	at org.junit.runners.Suite.runChild(Suite.java:128)
	at org.junit.runners.Suite.runChild(Suite.java:27)
	at org.junit.runners.ParentRunner$4.run(ParentRunner.java:331)
	at org.apache.maven.surefire.junitcore.pc.Scheduler$1.run(Scheduler.java:398)
	at java.base/java.util.concurrent.Executors$RunnableAdapter.call(Executors.java:577)
	at java.base/java.util.concurrent.FutureTask.run(FutureTask.java:317)
	at java.base/java.util.concurrent.ThreadPoolExecutor.runWorker(ThreadPoolExecutor.java:1144)
	at java.base/java.util.concurrent.ThreadPoolExecutor$Worker.run(ThreadPoolExecutor.java:642)
	at java.base/java.lang.Thread.run(Thread.java:1589)
]]></error>
    <system-err><![CDATA[20230411 073859 INFO com.j256.ormlite.table.TableUtils dropping table 'TRANSACTIONS'
20230411 073859 INFO com.j256.ormlite.table.TableUtils ignoring drop error 'java.sql.SQLSyntaxErrorException: user lacks privilege or object not found: TRANSACTIONS in statement [DROP TABLE "TRANSACTIONS" ]' for statement: DROP TABLE "TRANSACTIONS" 
20230411 073859 INFO com.j256.ormlite.table.TableUtils creating table 'TRANSACTIONS'
20230411 073859 INFO com.j256.ormlite.table.TableUtils executed create table statement changed 0 rows: CREATE TABLE "TRANSACTIONS" ("hash" VARCHAR(64) , "from" VARCHAR(40) NOT NULL , "to" VARCHAR(40) NOT NULL , "amount" numeric(27,18) , "when" TIMESTAMP NOT NULL , "coin" VARCHAR(12) , PRIMARY KEY ("hash") ) 
20230411 073859 FINE com.j256.ormlite.stmt.mapped.BaseMappedStatement insert data with statement 'INSERT INTO "TRANSACTIONS" ("hash" ,"from" ,"to" ,"amount" ,"when" ,"coin" ) VALUES (?,?,?,?,?,?)' and 6 args, changed 1 rows
20230411 073859 FINEST com.j256.ormlite.stmt.mapped.BaseMappedStatement insert arguments: [hash000000001-26, 1234567890123456789012345678901234567850, 6512345678901234567890123456789012345678, 95.95, 2022-11-16 11:00:00.0, STORJ]
20230411 073859 FINE com.j256.ormlite.stmt.mapped.BaseMappedStatement insert data with statement 'INSERT INTO "TRANSACTIONS" ("hash" ,"from" ,"to" ,"amount" ,"when" ,"coin" ) VALUES (?,?,?,?,?,?)' and 6 args, changed 1 rows
20230411 073859 FINEST com.j256.ormlite.stmt.mapped.BaseMappedStatement insert arguments: [hash000000002-61, 1234567890123456789012345678901234567844, 1234567890123456789012345678901234567890, 56.56, 2022-11-16 11:00:00.0, GLM]
20230411 073859 FINE com.j256.ormlite.stmt.mapped.BaseMappedStatement insert data with statement 'INSERT INTO "TRANSACTIONS" ("hash" ,"from" ,"to" ,"amount" ,"when" ,"coin" ) VALUES (?,?,?,?,?,?)' and 6 args, changed 1 rows
20230411 073859 FINEST com.j256.ormlite.stmt.mapped.BaseMappedStatement insert arguments: [hash000000003-18, 1234567890123456789012345678901234567814, 0612345678901234567890123456789012345678, 20.20, 2022-11-09 11:00:00.0, ETH]
20230411 073859 FINE com.j256.ormlite.stmt.mapped.BaseMappedStatement insert data with statement 'INSERT INTO "TRANSACTIONS" ("hash" ,"from" ,"to" ,"amount" ,"when" ,"coin" ) VALUES (?,?,?,?,?,?)' and 6 args, changed 1 rows
20230411 073859 FINEST com.j256.ormlite.stmt.mapped.BaseMappedStatement insert arguments: [hash000000004-52, 1234567890123456789012345678901234567888, 1234567890123456789012345678901234567890, 98.98, 2022-11-02 11:00:00.0, STORJ]
20230411 073859 FINE com.j256.ormlite.stmt.mapped.BaseMappedStatement insert data with statement 'INSERT INTO "TRANSACTIONS" ("hash" ,"from" ,"to" ,"amount" ,"when" ,"coin" ) VALUES (?,?,?,?,?,?)' and 6 args, changed 1 rows
20230411 073859 FINEST com.j256.ormlite.stmt.mapped.BaseMappedStatement insert arguments: [hash000000005-17, 1234567890123456789012345678901234567827, 9312345678901234567890123456789012345678, 85.85, 2022-11-12 11:00:00.0, GLM]
20230411 073859 FINE com.j256.ormlite.stmt.mapped.BaseMappedStatement insert data with statement 'INSERT INTO "TRANSACTIONS" ("hash" ,"from" ,"to" ,"amount" ,"when" ,"coin" ) VALUES (?,?,?,?,?,?)' and 6 args, changed 1 rows
20230411 073859 FINEST com.j256.ormlite.stmt.mapped.BaseMappedStatement insert arguments: [hash000000006-18, 1234567890123456789012345678901234567880, 1234567890123456789012345678901234567890, 94.94, 2022-11-02 11:00:00.0, ETH]
20230411 073859 FINE com.j256.ormlite.stmt.mapped.BaseMappedStatement insert data with statement 'INSERT INTO "TRANSACTIONS" ("hash" ,"from" ,"to" ,"amount" ,"when" ,"coin" ) VALUES (?,?,?,?,?,?)' and 6 args, changed 1 rows
20230411 073859 FINEST com.j256.ormlite.stmt.mapped.BaseMappedStatement insert arguments: [hash000000007-40, 1234567890123456789012345678901234567861, 3212345678901234567890123456789012345678, 73.73, 2022-11-16 11:00:00.0, STORJ]
20230411 073859 FINE com.j256.ormlite.stmt.mapped.BaseMappedStatement insert data with statement 'INSERT INTO "TRANSACTIONS" ("hash" ,"from" ,"to" ,"amount" ,"when" ,"coin" ) VALUES (?,?,?,?,?,?)' and 6 args, changed 1 rows
20230411 073859 FINEST com.j256.ormlite.stmt.mapped.BaseMappedStatement insert arguments: [hash000000008-57, 1234567890123456789012345678901234567839, 1234567890123456789012345678901234567890, 63.63, 2022-11-09 11:00:00.0, GLM]
20230411 073859 FINE com.j256.ormlite.stmt.mapped.BaseMappedStatement insert data with statement 'INSERT INTO "TRANSACTIONS" ("hash" ,"from" ,"to" ,"amount" ,"when" ,"coin" ) VALUES (?,?,?,?,?,?)' and 6 args, changed 1 rows
20230411 073859 FINEST com.j256.ormlite.stmt.mapped.BaseMappedStatement insert arguments: [hash000000009-11, 1234567890123456789012345678901234567886, 1512345678901234567890123456789012345678, 22.22, 2022-11-12 11:00:00.0, ETH]
20230411 073859 FINE com.j256.ormlite.stmt.mapped.BaseMappedStatement insert data with statement 'INSERT INTO "TRANSACTIONS" ("hash" ,"from" ,"to" ,"amount" ,"when" ,"coin" ) VALUES (?,?,?,?,?,?)' and 6 args, changed 1 rows
20230411 073859 FINEST com.j256.ormlite.stmt.mapped.BaseMappedStatement insert arguments: [hash000000010-76, 1234567890123456789012345678901234567826, 1234567890123456789012345678901234567890, 56.56, 2022-11-19 11:00:00.0, STORJ]
20230411 073859 FINE com.j256.ormlite.stmt.mapped.BaseMappedStatement insert data with statement 'INSERT INTO "TRANSACTIONS" ("hash" ,"from" ,"to" ,"amount" ,"when" ,"coin" ) VALUES (?,?,?,?,?,?)' and 6 args, changed 1 rows
20230411 073859 FINEST com.j256.ormlite.stmt.mapped.BaseMappedStatement insert arguments: [hash000000011-43, 1234567890123456789012345678901234567870, 4412345678901234567890123456789012345678, 58.58, 2022-11-03 11:00:00.0, GLM]
20230411 073859 FINE com.j256.ormlite.stmt.mapped.BaseMappedStatement insert data with statement 'INSERT INTO "TRANSACTIONS" ("hash" ,"from" ,"to" ,"amount" ,"when" ,"coin" ) VALUES (?,?,?,?,?,?)' and 6 args, changed 1 rows
20230411 073859 FINEST com.j256.ormlite.stmt.mapped.BaseMappedStatement insert arguments: [hash000000012-62, 1234567890123456789012345678901234567878, 1234567890123456789012345678901234567890, 9.09, 2022-11-15 11:00:00.0, ETH]
20230411 073859 FINE com.j256.ormlite.stmt.mapped.BaseMappedStatement insert data with statement 'INSERT INTO "TRANSACTIONS" ("hash" ,"from" ,"to" ,"amount" ,"when" ,"coin" ) VALUES (?,?,?,?,?,?)' and 6 args, changed 1 rows
20230411 073859 FINEST com.j256.ormlite.stmt.mapped.BaseMappedStatement insert arguments: [hash000000013-54, 1234567890123456789012345678901234567889, 4512345678901234567890123456789012345678, 16.16, 2022-11-18 11:00:00.0, STORJ]
20230411 073859 FINE com.j256.ormlite.stmt.mapped.BaseMappedStatement insert data with statement 'INSERT INTO "TRANSACTIONS" ("hash" ,"from" ,"to" ,"amount" ,"when" ,"coin" ) VALUES (?,?,?,?,?,?)' and 6 args, changed 1 rows
20230411 073859 FINEST com.j256.ormlite.stmt.mapped.BaseMappedStatement insert arguments: [hash000000014-55, 1234567890123456789012345678901234567815, 1234567890123456789012345678901234567890, 83.83, 2022-11-09 11:00:00.0, GLM]
20230411 073859 FINE com.j256.ormlite.stmt.mapped.BaseMappedStatement insert data with statement 'INSERT INTO "TRANSACTIONS" ("hash" ,"from" ,"to" ,"amount" ,"when" ,"coin" ) VALUES (?,?,?,?,?,?)' and 6 args, changed 1 rows
20230411 073859 FINEST com.j256.ormlite.stmt.mapped.BaseMappedStatement insert arguments: [hash000000015-37, 1234567890123456789012345678901234567850, 1612345678901234567890123456789012345678, 72.72, 2022-11-14 11:00:00.0, ETH]
20230411 073859 FINE com.j256.ormlite.stmt.mapped.BaseMappedStatement insert data with statement 'INSERT INTO "TRANSACTIONS" ("hash" ,"from" ,"to" ,"amount" ,"when" ,"coin" ) VALUES (?,?,?,?,?,?)' and 6 args, changed 1 rows
20230411 073859 FINEST com.j256.ormlite.stmt.mapped.BaseMappedStatement insert arguments: [hash000000016-04, 1234567890123456789012345678901234567802, 1234567890123456789012345678901234567890, 45.45, 2022-11-05 11:00:00.0, STORJ]
20230411 073859 FINE com.j256.ormlite.stmt.mapped.BaseMappedStatement insert data with statement 'INSERT INTO "TRANSACTIONS" ("hash" ,"from" ,"to" ,"amount" ,"when" ,"coin" ) VALUES (?,?,?,?,?,?)' and 6 args, changed 1 rows
20230411 073859 FINEST com.j256.ormlite.stmt.mapped.BaseMappedStatement insert arguments: [hash000000017-38, 1234567890123456789012345678901234567822, 5212345678901234567890123456789012345678, 92.92, 2022-11-05 11:00:00.0, GLM]
20230411 073859 FINE com.j256.ormlite.stmt.mapped.BaseMappedStatement insert data with statement 'INSERT INTO "TRANSACTIONS" ("hash" ,"from" ,"to" ,"amount" ,"when" ,"coin" ) VALUES (?,?,?,?,?,?)' and 6 args, changed 1 rows
20230411 073859 FINEST com.j256.ormlite.stmt.mapped.BaseMappedStatement insert arguments: [hash000000018-03, 1234567890123456789012345678901234567817, 1234567890123456789012345678901234567890, 99.99, 2022-11-08 11:00:00.0, ETH]
20230411 073859 FINE com.j256.ormlite.stmt.mapped.BaseMappedStatement insert data with statement 'INSERT INTO "TRANSACTIONS" ("hash" ,"from" ,"to" ,"amount" ,"when" ,"coin" ) VALUES (?,?,?,?,?,?)' and 6 args, changed 1 rows
20230411 073859 FINEST com.j256.ormlite.stmt.mapped.BaseMappedStatement insert arguments: [hash000000019-69, 1234567890123456789012345678901234567883, 5212345678901234567890123456789012345678, 78.78, 2022-11-18 11:00:00.0, STORJ]
20230411 073859 FINE com.j256.ormlite.stmt.mapped.BaseMappedStatement insert data with statement 'INSERT INTO "TRANSACTIONS" ("hash" ,"from" ,"to" ,"amount" ,"when" ,"coin" ) VALUES (?,?,?,?,?,?)' and 6 args, changed 1 rows
20230411 073859 FINEST com.j256.ormlite.stmt.mapped.BaseMappedStatement insert arguments: [hash000000020-74, 1234567890123456789012345678901234567801, 1234567890123456789012345678901234567890, 83.83, 2022-11-11 11:00:00.0, GLM]
20230411 073859 FINE com.j256.ormlite.stmt.mapped.BaseMappedStatement insert data with statement 'INSERT INTO "TRANSACTIONS" ("hash" ,"from" ,"to" ,"amount" ,"when" ,"coin" ) VALUES (?,?,?,?,?,?)' and 6 args, changed 1 rows
20230411 073859 FINEST com.j256.ormlite.stmt.mapped.BaseMappedStatement insert arguments: [hash000000021-23, 1234567890123456789012345678901234567856, 5212345678901234567890123456789012345678, 25.25, 2022-11-18 11:00:00.0, ETH]
20230411 073859 FINE com.j256.ormlite.stmt.mapped.BaseMappedStatement insert data with statement 'INSERT INTO "TRANSACTIONS" ("hash" ,"from" ,"to" ,"amount" ,"when" ,"coin" ) VALUES (?,?,?,?,?,?)' and 6 args, changed 1 rows
20230411 073859 FINEST com.j256.ormlite.stmt.mapped.BaseMappedStatement insert arguments: [hash000000022-05, 1234567890123456789012345678901234567810, 1234567890123456789012345678901234567890, 37.37, 2022-11-08 11:00:00.0, STORJ]
20230411 073859 FINE com.j256.ormlite.stmt.mapped.BaseMappedStatement insert data with statement 'INSERT INTO "TRANSACTIONS" ("hash" ,"from" ,"to" ,"amount" ,"when" ,"coin" ) VALUES (?,?,?,?,?,?)' and 6 args, changed 1 rows
20230411 073859 FINEST com.j256.ormlite.stmt.mapped.BaseMappedStatement insert arguments: [hash000000023-02, 1234567890123456789012345678901234567897, 2512345678901234567890123456789012345678, 70.70, 2022-11-08 11:00:00.0, GLM]
20230411 073859 FINE com.j256.ormlite.stmt.mapped.BaseMappedStatement insert data with statement 'INSERT INTO "TRANSACTIONS" ("hash" ,"from" ,"to" ,"amount" ,"when" ,"coin" ) VALUES (?,?,?,?,?,?)' and 6 args, changed 1 rows
20230411 073859 FINEST com.j256.ormlite.stmt.mapped.BaseMappedStatement insert arguments: [hash000000024-25, 1234567890123456789012345678901234567816, 1234567890123456789012345678901234567890, 43.43, 2022-11-05 11:00:00.0, ETH]
20230411 073859 FINE com.j256.ormlite.stmt.mapped.BaseMappedStatement insert data with statement 'INSERT INTO "TRANSACTIONS" ("hash" ,"from" ,"to" ,"amount" ,"when" ,"coin" ) VALUES (?,?,?,?,?,?)' and 6 args, changed 1 rows
20230411 073859 FINEST com.j256.ormlite.stmt.mapped.BaseMappedStatement insert arguments: [hash000000025-11, 1234567890123456789012345678901234567872, 3112345678901234567890123456789012345678, 58.58, 2022-11-08 11:00:00.0, STORJ]
20230411 073859 FINE com.j256.ormlite.stmt.mapped.BaseMappedStatement insert data with statement 'INSERT INTO "TRANSACTIONS" ("hash" ,"from" ,"to" ,"amount" ,"when" ,"coin" ) VALUES (?,?,?,?,?,?)' and 6 args, changed 1 rows
20230411 073859 FINEST com.j256.ormlite.stmt.mapped.BaseMappedStatement insert arguments: [hash000000026-11, 1234567890123456789012345678901234567897, 1234567890123456789012345678901234567890, 69.69, 2022-11-12 11:00:00.0, GLM]
20230411 073859 FINE com.j256.ormlite.stmt.mapped.BaseMappedStatement insert data with statement 'INSERT INTO "TRANSACTIONS" ("hash" ,"from" ,"to" ,"amount" ,"when" ,"coin" ) VALUES (?,?,?,?,?,?)' and 6 args, changed 1 rows
20230411 073859 FINEST com.j256.ormlite.stmt.mapped.BaseMappedStatement insert arguments: [hash000000027-04, 1234567890123456789012345678901234567818, 0212345678901234567890123456789012345678, 80.80, 2022-11-07 11:00:00.0, ETH]
20230411 073859 FINE com.j256.ormlite.stmt.mapped.BaseMappedStatement insert data with statement 'INSERT INTO "TRANSACTIONS" ("hash" ,"from" ,"to" ,"amount" ,"when" ,"coin" ) VALUES (?,?,?,?,?,?)' and 6 args, changed 1 rows
20230411 073859 FINEST com.j256.ormlite.stmt.mapped.BaseMappedStatement insert arguments: [hash000000028-20, 1234567890123456789012345678901234567889, 1234567890123456789012345678901234567890, 10.10, 2022-11-05 11:00:00.0, STORJ]
20230411 073859 FINE com.j256.ormlite.stmt.mapped.BaseMappedStatement insert data with statement 'INSERT INTO "TRANSACTIONS" ("hash" ,"from" ,"to" ,"amount" ,"when" ,"coin" ) VALUES (?,?,?,?,?,?)' and 6 args, changed 1 rows
20230411 073859 FINEST com.j256.ormlite.stmt.mapped.BaseMappedStatement insert arguments: [hash000000029-54, 1234567890123456789012345678901234567832, 4512345678901234567890123456789012345678, 73.73, 2022-11-14 11:00:00.0, GLM]
20230411 073859 FINE com.j256.ormlite.stmt.mapped.BaseMappedStatement insert data with statement 'INSERT INTO "TRANSACTIONS" ("hash" ,"from" ,"to" ,"amount" ,"when" ,"coin" ) VALUES (?,?,?,?,?,?)' and 6 args, changed 1 rows
20230411 073859 FINEST com.j256.ormlite.stmt.mapped.BaseMappedStatement insert arguments: [hash000000030-14, 1234567890123456789012345678901234567809, 1234567890123456789012345678901234567890, 1.01, 2022-11-11 11:00:00.0, ETH]
20230411 073859 FINE com.j256.ormlite.stmt.mapped.BaseMappedStatement insert data with statement 'INSERT INTO "TRANSACTIONS" ("hash" ,"from" ,"to" ,"amount" ,"when" ,"coin" ) VALUES (?,?,?,?,?,?)' and 6 args, changed 1 rows
20230411 073859 FINEST com.j256.ormlite.stmt.mapped.BaseMappedStatement insert arguments: [hash000000031-56, 1234567890123456789012345678901234567871, 8812345678901234567890123456789012345678, 19.19, 2022-11-03 11:00:00.0, STORJ]
20230411 073859 FINE com.j256.ormlite.stmt.mapped.BaseMappedStatement insert data with statement 'INSERT INTO "TRANSACTIONS" ("hash" ,"from" ,"to" ,"amount" ,"when" ,"coin" ) VALUES (?,?,?,?,?,?)' and 6 args, changed 1 rows
20230411 073859 FINEST com.j256.ormlite.stmt.mapped.BaseMappedStatement insert arguments: [hash000000032-58, 1234567890123456789012345678901234567813, 1234567890123456789012345678901234567890, 89.89, 2022-11-13 11:00:00.0, GLM]
20230411 073859 FINE com.j256.ormlite.stmt.mapped.BaseMappedStatement insert data with statement 'INSERT INTO "TRANSACTIONS" ("hash" ,"from" ,"to" ,"amount" ,"when" ,"coin" ) VALUES (?,?,?,?,?,?)' and 6 args, changed 1 rows
20230411 073859 FINEST com.j256.ormlite.stmt.mapped.BaseMappedStatement insert arguments: [hash000000033-61, 1234567890123456789012345678901234567858, 2112345678901234567890123456789012345678, 28.28, 2022-11-16 11:00:00.0, ETH]
20230411 073859 FINE com.j256.ormlite.stmt.mapped.BaseMappedStatement insert data with statement 'INSERT INTO "TRANSACTIONS" ("hash" ,"from" ,"to" ,"amount" ,"when" ,"coin" ) VALUES (?,?,?,?,?,?)' and 6 args, changed 1 rows
20230411 073859 FINEST com.j256.ormlite.stmt.mapped.BaseMappedStatement insert arguments: [hash000000034-55, 1234567890123456789012345678901234567848, 1234567890123456789012345678901234567890, 66.66, 2022-11-07 11:00:00.0, STORJ]
20230411 073859 FINE com.j256.ormlite.stmt.mapped.BaseMappedStatement insert data with statement 'INSERT INTO "TRANSACTIONS" ("hash" ,"from" ,"to" ,"amount" ,"when" ,"coin" ) VALUES (?,?,?,?,?,?)' and 6 args, changed 1 rows
20230411 073859 FINEST com.j256.ormlite.stmt.mapped.BaseMappedStatement insert arguments: [hash000000035-32, 1234567890123456789012345678901234567827, 8812345678901234567890123456789012345678, 10.10, 2022-11-07 11:00:00.0, GLM]
20230411 073859 FINE com.j256.ormlite.stmt.mapped.BaseMappedStatement insert data with statement 'INSERT INTO "TRANSACTIONS" ("hash" ,"from" ,"to" ,"amount" ,"when" ,"coin" ) VALUES (?,?,?,?,?,?)' and 6 args, changed 1 rows
20230411 073859 FINEST com.j256.ormlite.stmt.mapped.BaseMappedStatement insert arguments: [hash000000036-60, 1234567890123456789012345678901234567878, 1234567890123456789012345678901234567890, 51.51, 2022-11-02 11:00:00.0, ETH]
20230411 073859 FINE com.j256.ormlite.stmt.mapped.BaseMappedStatement insert data with statement 'INSERT INTO "TRANSACTIONS" ("hash" ,"from" ,"to" ,"amount" ,"when" ,"coin" ) VALUES (?,?,?,?,?,?)' and 6 args, changed 1 rows
20230411 073859 FINEST com.j256.ormlite.stmt.mapped.BaseMappedStatement insert arguments: [hash000000037-11, 1234567890123456789012345678901234567864, 6912345678901234567890123456789012345678, 85.85, 2022-11-01 11:00:00.0, STORJ]
20230411 073859 FINE com.j256.ormlite.stmt.mapped.BaseMappedStatement insert data with statement 'INSERT INTO "TRANSACTIONS" ("hash" ,"from" ,"to" ,"amount" ,"when" ,"coin" ) VALUES (?,?,?,?,?,?)' and 6 args, changed 1 rows
20230411 073859 FINEST com.j256.ormlite.stmt.mapped.BaseMappedStatement insert arguments: [hash000000038-68, 1234567890123456789012345678901234567859, 1234567890123456789012345678901234567890, 29.29, 2022-11-05 11:00:00.0, GLM]
20230411 073859 FINE com.j256.ormlite.stmt.mapped.BaseMappedStatement insert data with statement 'INSERT INTO "TRANSACTIONS" ("hash" ,"from" ,"to" ,"amount" ,"when" ,"coin" ) VALUES (?,?,?,?,?,?)' and 6 args, changed 1 rows
20230411 073859 FINEST com.j256.ormlite.stmt.mapped.BaseMappedStatement insert arguments: [hash000000039-41, 1234567890123456789012345678901234567886, 4012345678901234567890123456789012345678, 91.91, 2022-11-13 11:00:00.0, ETH]
20230411 073859 FINE com.j256.ormlite.stmt.mapped.BaseMappedStatement insert data with statement 'INSERT INTO "TRANSACTIONS" ("hash" ,"from" ,"to" ,"amount" ,"when" ,"coin" ) VALUES (?,?,?,?,?,?)' and 6 args, changed 1 rows
20230411 073859 FINEST com.j256.ormlite.stmt.mapped.BaseMappedStatement insert arguments: [hash000000040-09, 1234567890123456789012345678901234567845, 1234567890123456789012345678901234567890, 6.06, 2022-11-16 11:00:00.0, STORJ]
20230411 073859 FINE com.j256.ormlite.stmt.mapped.BaseMappedStatement insert data with statement 'INSERT INTO "TRANSACTIONS" ("hash" ,"from" ,"to" ,"amount" ,"when" ,"coin" ) VALUES (?,?,?,?,?,?)' and 6 args, changed 1 rows
20230411 073859 FINEST com.j256.ormlite.stmt.mapped.BaseMappedStatement insert arguments: [hash000000041-14, 1234567890123456789012345678901234567865, 7812345678901234567890123456789012345678, 84.84, 2022-11-07 11:00:00.0, GLM]
20230411 073859 FINE com.j256.ormlite.stmt.mapped.BaseMappedStatement insert data with statement 'INSERT INTO "TRANSACTIONS" ("hash" ,"from" ,"to" ,"amount" ,"when" ,"coin" ) VALUES (?,?,?,?,?,?)' and 6 args, changed 1 rows
20230411 073859 FINEST com.j256.ormlite.stmt.mapped.BaseMappedStatement insert arguments: [hash000000042-36, 1234567890123456789012345678901234567848, 1234567890123456789012345678901234567890, 22.22, 2022-11-12 11:00:00.0, ETH]
20230411 073859 FINE com.j256.ormlite.stmt.mapped.BaseMappedStatement insert data with statement 'INSERT INTO "TRANSACTIONS" ("hash" ,"from" ,"to" ,"amount" ,"when" ,"coin" ) VALUES (?,?,?,?,?,?)' and 6 args, changed 1 rows
20230411 073859 FINEST com.j256.ormlite.stmt.mapped.BaseMappedStatement insert arguments: [hash000000043-47, 1234567890123456789012345678901234567803, 1712345678901234567890123456789012345678, 74.74, 2022-11-16 11:00:00.0, STORJ]
20230411 073859 FINE com.j256.ormlite.stmt.mapped.BaseMappedStatement insert data with statement 'INSERT INTO "TRANSACTIONS" ("hash" ,"from" ,"to" ,"amount" ,"when" ,"coin" ) VALUES (?,?,?,?,?,?)' and 6 args, changed 1 rows
20230411 073859 FINEST com.j256.ormlite.stmt.mapped.BaseMappedStatement insert arguments: [hash000000044-34, 1234567890123456789012345678901234567851, 1234567890123456789012345678901234567890, 14.14, 2022-11-14 11:00:00.0, GLM]
20230411 073859 FINE com.j256.ormlite.stmt.mapped.BaseMappedStatement insert data with statement 'INSERT INTO "TRANSACTIONS" ("hash" ,"from" ,"to" ,"amount" ,"when" ,"coin" ) VALUES (?,?,?,?,?,?)' and 6 args, changed 1 rows
20230411 073859 FINEST com.j256.ormlite.stmt.mapped.BaseMappedStatement insert arguments: [hash000000045-42, 1234567890123456789012345678901234567874, 4912345678901234567890123456789012345678, 66.66, 2022-11-10 11:00:00.0, ETH]
20230411 073859 FINE com.j256.ormlite.stmt.mapped.BaseMappedStatement insert data with statement 'INSERT INTO "TRANSACTIONS" ("hash" ,"from" ,"to" ,"amount" ,"when" ,"coin" ) VALUES (?,?,?,?,?,?)' and 6 args, changed 1 rows
20230411 073859 FINEST com.j256.ormlite.stmt.mapped.BaseMappedStatement insert arguments: [hash000000046-48, 1234567890123456789012345678901234567808, 1234567890123456789012345678901234567890, 64.64, 2022-11-20 11:00:00.0, STORJ]
20230411 073859 FINE com.j256.ormlite.stmt.mapped.BaseMappedStatement insert data with statement 'INSERT INTO "TRANSACTIONS" ("hash" ,"from" ,"to" ,"amount" ,"when" ,"coin" ) VALUES (?,?,?,?,?,?)' and 6 args, changed 1 rows
20230411 073859 FINEST com.j256.ormlite.stmt.mapped.BaseMappedStatement insert arguments: [hash000000047-08, 1234567890123456789012345678901234567895, 2712345678901234567890123456789012345678, 2.02, 2022-11-03 11:00:00.0, GLM]
20230411 073859 FINE com.j256.ormlite.stmt.mapped.BaseMappedStatement insert data with statement 'INSERT INTO "TRANSACTIONS" ("hash" ,"from" ,"to" ,"amount" ,"when" ,"coin" ) VALUES (?,?,?,?,?,?)' and 6 args, changed 1 rows
20230411 073859 FINEST com.j256.ormlite.stmt.mapped.BaseMappedStatement insert arguments: [hash000000048-39, 1234567890123456789012345678901234567865, 1234567890123456789012345678901234567890, 56.56, 2022-11-18 11:00:00.0, ETH]
20230411 073859 FINE com.j256.ormlite.stmt.mapped.BaseMappedStatement insert data with statement 'INSERT INTO "TRANSACTIONS" ("hash" ,"from" ,"to" ,"amount" ,"when" ,"coin" ) VALUES (?,?,?,?,?,?)' and 6 args, changed 1 rows
20230411 073859 FINEST com.j256.ormlite.stmt.mapped.BaseMappedStatement insert arguments: [hash000000049-06, 1234567890123456789012345678901234567846, 9712345678901234567890123456789012345678, 38.38, 2022-11-07 11:00:00.0, STORJ]
20230411 073859 FINE com.j256.ormlite.stmt.mapped.BaseMappedStatement insert data with statement 'INSERT INTO "TRANSACTIONS" ("hash" ,"from" ,"to" ,"amount" ,"when" ,"coin" ) VALUES (?,?,?,?,?,?)' and 6 args, changed 1 rows
20230411 073859 FINEST com.j256.ormlite.stmt.mapped.BaseMappedStatement insert arguments: [hash000000050-30, 1234567890123456789012345678901234567854, 1234567890123456789012345678901234567890, 33.33, 2022-11-19 11:00:00.0, GLM]
20230411 073859 FINE com.j256.ormlite.stmt.mapped.BaseMappedStatement insert data with statement 'INSERT INTO "TRANSACTIONS" ("hash" ,"from" ,"to" ,"amount" ,"when" ,"coin" ) VALUES (?,?,?,?,?,?)' and 6 args, changed 1 rows
20230411 073859 FINEST com.j256.ormlite.stmt.mapped.BaseMappedStatement insert arguments: [hash000000051-58, 1234567890123456789012345678901234567820, 1912345678901234567890123456789012345678, 23.23, 2022-11-11 11:00:00.0, ETH]
20230411 073859 FINE com.j256.ormlite.stmt.mapped.BaseMappedStatement insert data with statement 'INSERT INTO "TRANSACTIONS" ("hash" ,"from" ,"to" ,"amount" ,"when" ,"coin" ) VALUES (?,?,?,?,?,?)' and 6 args, changed 1 rows
20230411 073859 FINEST com.j256.ormlite.stmt.mapped.BaseMappedStatement insert arguments: [hash000000052-43, 1234567890123456789012345678901234567889, 1234567890123456789012345678901234567890, 7.07, 2022-11-20 11:00:00.0, STORJ]
20230411 073859 FINE com.j256.ormlite.stmt.mapped.BaseMappedStatement insert data with statement 'INSERT INTO "TRANSACTIONS" ("hash" ,"from" ,"to" ,"amount" ,"when" ,"coin" ) VALUES (?,?,?,?,?,?)' and 6 args, changed 1 rows
20230411 073859 FINEST com.j256.ormlite.stmt.mapped.BaseMappedStatement insert arguments: [hash000000053-51, 1234567890123456789012345678901234567834, 2012345678901234567890123456789012345678, 11.11, 2022-11-14 11:00:00.0, GLM]
20230411 073859 FINE com.j256.ormlite.stmt.mapped.BaseMappedStatement insert data with statement 'INSERT INTO "TRANSACTIONS" ("hash" ,"from" ,"to" ,"amount" ,"when" ,"coin" ) VALUES (?,?,?,?,?,?)' and 6 args, changed 1 rows
20230411 073859 FINEST com.j256.ormlite.stmt.mapped.BaseMappedStatement insert arguments: [hash000000054-78, 1234567890123456789012345678901234567821, 1234567890123456789012345678901234567890, 50.50, 2022-11-10 11:00:00.0, ETH]
20230411 073859 FINE com.j256.ormlite.stmt.mapped.BaseMappedStatement insert data with statement 'INSERT INTO "TRANSACTIONS" ("hash" ,"from" ,"to" ,"amount" ,"when" ,"coin" ) VALUES (?,?,?,?,?,?)' and 6 args, changed 1 rows
20230411 073859 FINEST com.j256.ormlite.stmt.mapped.BaseMappedStatement insert arguments: [hash000000055-71, 1234567890123456789012345678901234567834, 4912345678901234567890123456789012345678, 6.06, 2022-11-19 11:00:00.0, STORJ]
20230411 073859 FINE com.j256.ormlite.stmt.mapped.BaseMappedStatement insert data with statement 'INSERT INTO "TRANSACTIONS" ("hash" ,"from" ,"to" ,"amount" ,"when" ,"coin" ) VALUES (?,?,?,?,?,?)' and 6 args, changed 1 rows
20230411 073859 FINEST com.j256.ormlite.stmt.mapped.BaseMappedStatement insert arguments: [hash000000056-54, 1234567890123456789012345678901234567873, 1234567890123456789012345678901234567890, 24.24, 2022-11-03 11:00:00.0, GLM]
20230411 073859 FINE com.j256.ormlite.stmt.mapped.BaseMappedStatement insert data with statement 'INSERT INTO "TRANSACTIONS" ("hash" ,"from" ,"to" ,"amount" ,"when" ,"coin" ) VALUES (?,?,?,?,?,?)' and 6 args, changed 1 rows
20230411 073859 FINEST com.j256.ormlite.stmt.mapped.BaseMappedStatement insert arguments: [hash000000057-01, 1234567890123456789012345678901234567834, 4612345678901234567890123456789012345678, 87.87, 2022-11-17 11:00:00.0, ETH]
20230411 073859 FINE com.j256.ormlite.stmt.mapped.BaseMappedStatement insert data with statement 'INSERT INTO "TRANSACTIONS" ("hash" ,"from" ,"to" ,"amount" ,"when" ,"coin" ) VALUES (?,?,?,?,?,?)' and 6 args, changed 1 rows
20230411 073859 FINEST com.j256.ormlite.stmt.mapped.BaseMappedStatement insert arguments: [hash000000058-47, 1234567890123456789012345678901234567875, 1234567890123456789012345678901234567890, 49.49, 2022-11-09 11:00:00.0, STORJ]
20230411 073859 FINE com.j256.ormlite.stmt.mapped.BaseMappedStatement insert data with statement 'INSERT INTO "TRANSACTIONS" ("hash" ,"from" ,"to" ,"amount" ,"when" ,"coin" ) VALUES (?,?,?,?,?,?)' and 6 args, changed 1 rows
20230411 073859 FINEST com.j256.ormlite.stmt.mapped.BaseMappedStatement insert arguments: [hash000000059-66, 1234567890123456789012345678901234567889, 2812345678901234567890123456789012345678, 79.79, 2022-11-01 11:00:00.0, GLM]
20230411 073859 FINE com.j256.ormlite.stmt.mapped.BaseMappedStatement insert data with statement 'INSERT INTO "TRANSACTIONS" ("hash" ,"from" ,"to" ,"amount" ,"when" ,"coin" ) VALUES (?,?,?,?,?,?)' and 6 args, changed 1 rows
20230411 073859 FINEST com.j256.ormlite.stmt.mapped.BaseMappedStatement insert arguments: [hash000000060-05, 1234567890123456789012345678901234567801, 1234567890123456789012345678901234567890, 42.42, 2022-11-10 11:00:00.0, ETH]
20230411 073859 FINE com.j256.ormlite.stmt.mapped.BaseMappedStatement insert data with statement 'INSERT INTO "TRANSACTIONS" ("hash" ,"from" ,"to" ,"amount" ,"when" ,"coin" ) VALUES (?,?,?,?,?,?)' and 6 args, changed 1 rows
20230411 073859 FINEST com.j256.ormlite.stmt.mapped.BaseMappedStatement insert arguments: [hash000000061-56, 1234567890123456789012345678901234567885, 2012345678901234567890123456789012345678, 79.79, 2022-11-03 11:00:00.0, STORJ]
20230411 073859 FINE com.j256.ormlite.stmt.mapped.BaseMappedStatement insert data with statement 'INSERT INTO "TRANSACTIONS" ("hash" ,"from" ,"to" ,"amount" ,"when" ,"coin" ) VALUES (?,?,?,?,?,?)' and 6 args, changed 1 rows
20230411 073859 FINEST com.j256.ormlite.stmt.mapped.BaseMappedStatement insert arguments: [hash000000062-70, 1234567890123456789012345678901234567895, 1234567890123456789012345678901234567890, 66.66, 2022-11-12 11:00:00.0, GLM]
20230411 073859 FINE com.j256.ormlite.stmt.mapped.BaseMappedStatement insert data with statement 'INSERT INTO "TRANSACTIONS" ("hash" ,"from" ,"to" ,"amount" ,"when" ,"coin" ) VALUES (?,?,?,?,?,?)' and 6 args, changed 1 rows
20230411 073859 FINEST com.j256.ormlite.stmt.mapped.BaseMappedStatement insert arguments: [hash000000063-43, 1234567890123456789012345678901234567853, 9212345678901234567890123456789012345678, 80.80, 2022-11-13 11:00:00.0, ETH]
]]></system-err>
  </testcase>
</testsuite>